Copyright 1986-2019 Xilinx, Inc. All Rights Reserved.
-----------------------------------------------------------------------------------------------------------------------------------------------------------------------------------------
| Tool Version : Vivado v.2019.2 (win64) Build 2708876 Wed Nov  6 21:40:23 MST 2019
| Date         : Sun Dec  5 23:18:34 2021
| Host         : PC-CASA running 64-bit major release  (build 9200)
| Command      : report_timing_summary -max_paths 10 -file Basys3_timing_summary_routed.rpt -pb Basys3_timing_summary_routed.pb -rpx Basys3_timing_summary_routed.rpx -warn_on_violation
| Design       : Basys3
| Device       : 7a35t-cpg236
| Speed File   : -1  PRODUCTION 1.23 2018-06-13
-----------------------------------------------------------------------------------------------------------------------------------------------------------------------------------------

Timing Summary Report

------------------------------------------------------------------------------------------------
| Timer Settings
| --------------
------------------------------------------------------------------------------------------------

  Enable Multi Corner Analysis               :  Yes
  Enable Pessimism Removal                   :  Yes
  Pessimism Removal Resolution               :  Nearest Common Node
  Enable Input Delay Default Clock           :  No
  Enable Preset / Clear Arcs                 :  No
  Disable Flight Delays                      :  No
  Ignore I/O Paths                           :  No
  Timing Early Launch at Borrowing Latches   :  No
  Borrow Time for Max Delay Exceptions       :  Yes
  Merge Timing Exceptions                    :  Yes

  Corner  Analyze    Analyze    
  Name    Max Paths  Min Paths  
  ------  ---------  ---------  
  Slow    Yes        Yes        
  Fast    Yes        Yes        



check_timing report

Table of Contents
-----------------
1. checking no_clock
2. checking constant_clock
3. checking pulse_width_clock
4. checking unconstrained_internal_endpoints
5. checking no_input_delay
6. checking no_output_delay
7. checking multiple_clock
8. checking generated_clocks
9. checking loops
10. checking partial_input_delay
11. checking partial_output_delay
12. checking latch_loops

1. checking no_clock
--------------------
 There are 1115 register/latch pins with no clock driven by root clock pin: inst_Clock_Divider/internal_clock_reg/Q (HIGH)

 There are 2 register/latch pins with no clock driven by root clock pin: inst_Programmer/address_reg[0]/Q (HIGH)

 There are 2 register/latch pins with no clock driven by root clock pin: inst_Programmer/address_reg[10]/Q (HIGH)

 There are 2 register/latch pins with no clock driven by root clock pin: inst_Programmer/address_reg[11]/Q (HIGH)

 There are 2 register/latch pins with no clock driven by root clock pin: inst_Programmer/address_reg[1]/Q (HIGH)

 There are 2 register/latch pins with no clock driven by root clock pin: inst_Programmer/address_reg[2]/Q (HIGH)

 There are 2 register/latch pins with no clock driven by root clock pin: inst_Programmer/address_reg[3]/Q (HIGH)

 There are 2 register/latch pins with no clock driven by root clock pin: inst_Programmer/address_reg[4]/Q (HIGH)

 There are 2 register/latch pins with no clock driven by root clock pin: inst_Programmer/address_reg[5]/Q (HIGH)

 There are 2 register/latch pins with no clock driven by root clock pin: inst_Programmer/address_reg[6]/Q (HIGH)

 There are 2 register/latch pins with no clock driven by root clock pin: inst_Programmer/address_reg[7]/Q (HIGH)

 There are 2 register/latch pins with no clock driven by root clock pin: inst_Programmer/address_reg[8]/Q (HIGH)

 There are 2 register/latch pins with no clock driven by root clock pin: inst_Programmer/address_reg[9]/Q (HIGH)

 There are 2 register/latch pins with no clock driven by root clock pin: inst_Programmer/bussy_reg/Q (HIGH)

 There are 76 register/latch pins with no clock driven by root clock pin: inst_Programmer/inst_UART/rx_state_reg[enable]/Q (HIGH)


2. checking constant_clock
--------------------------
 There are 0 register/latch pins with constant_clock.


3. checking pulse_width_clock
-----------------------------
 There are 0 register/latch pins which need pulse_width check


4. checking unconstrained_internal_endpoints
--------------------------------------------
 There are 10630 pins that are not constrained for maximum delay. (HIGH)

 There are 0 pins that are not constrained for maximum delay due to constant clock.


5. checking no_input_delay
--------------------------
 There are 6 input ports with no input delay specified. (HIGH)

 There are 0 input ports with no input delay but user has a false path constraint.


6. checking no_output_delay
---------------------------
 There are 20 ports with no output delay specified. (HIGH)

 There are 0 ports with no output delay but user has a false path constraint

 There are 0 ports with no output delay but with a timing clock defined on it or propagating through it


7. checking multiple_clock
--------------------------
 There are 0 register/latch pins with multiple clocks.


8. checking generated_clocks
----------------------------
 There are 0 generated clocks that are not connected to a clock source.


9. checking loops
-----------------
 There are 0 combinational loops in the design.


10. checking partial_input_delay
--------------------------------
 There are 0 input ports with partial input delay specified.


11. checking partial_output_delay
---------------------------------
 There are 0 ports with partial output delay specified.


12. checking latch_loops
------------------------
 There are 0 combinational latch loops in the design through latch input



------------------------------------------------------------------------------------------------
| Design Timing Summary
| ---------------------
------------------------------------------------------------------------------------------------

    WNS(ns)      TNS(ns)  TNS Failing Endpoints  TNS Total Endpoints      WHS(ns)      THS(ns)  THS Failing Endpoints  THS Total Endpoints     WPWS(ns)     TPWS(ns)  TPWS Failing Endpoints  TPWS Total Endpoints  
    -------      -------  ---------------------  -------------------      -------      -------  ---------------------  -------------------     --------     --------  ----------------------  --------------------  
      4.289        0.000                      0                 1389        0.183        0.000                      0                 1389        3.750        0.000                       0                  1322  


All user specified timing constraints are met.


------------------------------------------------------------------------------------------------
| Clock Summary
| -------------
------------------------------------------------------------------------------------------------

Clock        Waveform(ns)       Period(ns)      Frequency(MHz)
-----        ------------       ----------      --------------
sys_clk_pin  {0.000 5.000}      10.000          100.000         


------------------------------------------------------------------------------------------------
| Intra Clock Table
| -----------------
------------------------------------------------------------------------------------------------

Clock             WNS(ns)      TNS(ns)  TNS Failing Endpoints  TNS Total Endpoints      WHS(ns)      THS(ns)  THS Failing Endpoints  THS Total Endpoints     WPWS(ns)     TPWS(ns)  TPWS Failing Endpoints  TPWS Total Endpoints  
-----             -------      -------  ---------------------  -------------------      -------      -------  ---------------------  -------------------     --------     --------  ----------------------  --------------------  
sys_clk_pin         4.289        0.000                      0                 1389        0.183        0.000                      0                 1389        3.750        0.000                       0                  1322  


------------------------------------------------------------------------------------------------
| Inter Clock Table
| -----------------
------------------------------------------------------------------------------------------------

From Clock    To Clock          WNS(ns)      TNS(ns)  TNS Failing Endpoints  TNS Total Endpoints      WHS(ns)      THS(ns)  THS Failing Endpoints  THS Total Endpoints  
----------    --------          -------      -------  ---------------------  -------------------      -------      -------  ---------------------  -------------------  


------------------------------------------------------------------------------------------------
| Other Path Groups Table
| -----------------------
------------------------------------------------------------------------------------------------

Path Group    From Clock    To Clock          WNS(ns)      TNS(ns)  TNS Failing Endpoints  TNS Total Endpoints      WHS(ns)      THS(ns)  THS Failing Endpoints  THS Total Endpoints  
----------    ----------    --------          -------      -------  ---------------------  -------------------      -------      -------  ---------------------  -------------------  


------------------------------------------------------------------------------------------------
| Timing Details
| --------------
------------------------------------------------------------------------------------------------


---------------------------------------------------------------------------------------------------
From Clock:  sys_clk_pin
  To Clock:  sys_clk_pin

Setup :            0  Failing Endpoints,  Worst Slack        4.289ns,  Total Violation        0.000ns
Hold  :            0  Failing Endpoints,  Worst Slack        0.183ns,  Total Violation        0.000ns
PW    :            0  Failing Endpoints,  Worst Slack        3.750ns,  Total Violation        0.000ns
---------------------------------------------------------------------------------------------------


Max Delay Paths
--------------------------------------------------------------------------------------
Slack (MET) :             4.289ns  (required time - arrival time)
  Source:                 inst_Programmer/ready_reg/C
                            (rising edge-triggered cell FDRE clocked by sys_clk_pin  {rise@0.000ns fall@5.000ns period=10.000ns})
  Destination:            inst_ROM/memory_reg_768_1023_27_27/RAMS64E_A/WE
                            (rising edge-triggered cell RAMS64E clocked by sys_clk_pin  {rise@0.000ns fall@5.000ns period=10.000ns})
  Path Group:             sys_clk_pin
  Path Type:              Setup (Max at Slow Process Corner)
  Requirement:            10.000ns  (sys_clk_pin rise@10.000ns - sys_clk_pin rise@0.000ns)
  Data Path Delay:        5.043ns  (logic 0.580ns (11.501%)  route 4.463ns (88.499%))
  Logic Levels:           1  (LUT6=1)
  Clock Path Skew:        -0.100ns (DCD - SCD + CPR)
    Destination Clock Delay (DCD):    4.794ns = ( 14.794 - 10.000 ) 
    Source Clock Delay      (SCD):    5.074ns
    Clock Pessimism Removal (CPR):    0.180ns
  Clock Uncertainty:      0.035ns  ((TSJ^2 + TIJ^2)^1/2 + DJ) / 2 + PE
    Total System Jitter     (TSJ):    0.071ns
    Total Input Jitter      (TIJ):    0.000ns
    Discrete Jitter          (DJ):    0.000ns
    Phase Error              (PE):    0.000ns

    Location             Delay type                Incr(ns)  Path(ns)    Netlist Resource(s)
  -------------------------------------------------------------------    -------------------
                         (clock sys_clk_pin rise edge)
                                                      0.000     0.000 r  
    W5                                                0.000     0.000 r  clk (IN)
                         net (fo=0)                   0.000     0.000    clk
    W5                   IBUF (Prop_ibuf_I_O)         1.458     1.458 r  clk_IBUF_inst/O
                         net (fo=1, routed)           1.967     3.425    clk_IBUF
    BUFGCTRL_X0Y0        BUFG (Prop_bufg_I_O)         0.096     3.521 r  clk_IBUF_BUFG_inst/O
                         net (fo=1321, routed)        1.553     5.074    inst_Programmer/clk_IBUF_BUFG
    SLICE_X32Y55         FDRE                                         r  inst_Programmer/ready_reg/C
  -------------------------------------------------------------------    -------------------
    SLICE_X32Y55         FDRE (Prop_fdre_C_Q)         0.456     5.530 r  inst_Programmer/ready_reg/Q
                         net (fo=16, routed)          0.663     6.193    inst_Programmer/ready
    SLICE_X36Y58         LUT6 (Prop_lut6_I5_O)        0.124     6.317 r  inst_Programmer/memory_reg_768_1023_0_0_i_1/O
                         net (fo=92, routed)          3.800    10.117    inst_ROM/memory_reg_768_1023_27_27/WE
    SLICE_X56Y43         RAMS64E                                      r  inst_ROM/memory_reg_768_1023_27_27/RAMS64E_A/WE
  -------------------------------------------------------------------    -------------------

                         (clock sys_clk_pin rise edge)
                                                     10.000    10.000 r  
    W5                                                0.000    10.000 r  clk (IN)
                         net (fo=0)                   0.000    10.000    clk
    W5                   IBUF (Prop_ibuf_I_O)         1.388    11.388 r  clk_IBUF_inst/O
                         net (fo=1, routed)           1.862    13.250    clk_IBUF
    BUFGCTRL_X0Y0        BUFG (Prop_bufg_I_O)         0.091    13.341 r  clk_IBUF_BUFG_inst/O
                         net (fo=1321, routed)        1.453    14.794    inst_ROM/memory_reg_768_1023_27_27/WCLK
    SLICE_X56Y43         RAMS64E                                      r  inst_ROM/memory_reg_768_1023_27_27/RAMS64E_A/CLK
                         clock pessimism              0.180    14.974    
                         clock uncertainty           -0.035    14.939    
    SLICE_X56Y43         RAMS64E (Setup_rams64e_CLK_WE)
                                                     -0.533    14.406    inst_ROM/memory_reg_768_1023_27_27/RAMS64E_A
  -------------------------------------------------------------------
                         required time                         14.406    
                         arrival time                         -10.117    
  -------------------------------------------------------------------
                         slack                                  4.289    

Slack (MET) :             4.289ns  (required time - arrival time)
  Source:                 inst_Programmer/ready_reg/C
                            (rising edge-triggered cell FDRE clocked by sys_clk_pin  {rise@0.000ns fall@5.000ns period=10.000ns})
  Destination:            inst_ROM/memory_reg_768_1023_27_27/RAMS64E_B/WE
                            (rising edge-triggered cell RAMS64E clocked by sys_clk_pin  {rise@0.000ns fall@5.000ns period=10.000ns})
  Path Group:             sys_clk_pin
  Path Type:              Setup (Max at Slow Process Corner)
  Requirement:            10.000ns  (sys_clk_pin rise@10.000ns - sys_clk_pin rise@0.000ns)
  Data Path Delay:        5.043ns  (logic 0.580ns (11.501%)  route 4.463ns (88.499%))
  Logic Levels:           1  (LUT6=1)
  Clock Path Skew:        -0.100ns (DCD - SCD + CPR)
    Destination Clock Delay (DCD):    4.794ns = ( 14.794 - 10.000 ) 
    Source Clock Delay      (SCD):    5.074ns
    Clock Pessimism Removal (CPR):    0.180ns
  Clock Uncertainty:      0.035ns  ((TSJ^2 + TIJ^2)^1/2 + DJ) / 2 + PE
    Total System Jitter     (TSJ):    0.071ns
    Total Input Jitter      (TIJ):    0.000ns
    Discrete Jitter          (DJ):    0.000ns
    Phase Error              (PE):    0.000ns

    Location             Delay type                Incr(ns)  Path(ns)    Netlist Resource(s)
  -------------------------------------------------------------------    -------------------
                         (clock sys_clk_pin rise edge)
                                                      0.000     0.000 r  
    W5                                                0.000     0.000 r  clk (IN)
                         net (fo=0)                   0.000     0.000    clk
    W5                   IBUF (Prop_ibuf_I_O)         1.458     1.458 r  clk_IBUF_inst/O
                         net (fo=1, routed)           1.967     3.425    clk_IBUF
    BUFGCTRL_X0Y0        BUFG (Prop_bufg_I_O)         0.096     3.521 r  clk_IBUF_BUFG_inst/O
                         net (fo=1321, routed)        1.553     5.074    inst_Programmer/clk_IBUF_BUFG
    SLICE_X32Y55         FDRE                                         r  inst_Programmer/ready_reg/C
  -------------------------------------------------------------------    -------------------
    SLICE_X32Y55         FDRE (Prop_fdre_C_Q)         0.456     5.530 r  inst_Programmer/ready_reg/Q
                         net (fo=16, routed)          0.663     6.193    inst_Programmer/ready
    SLICE_X36Y58         LUT6 (Prop_lut6_I5_O)        0.124     6.317 r  inst_Programmer/memory_reg_768_1023_0_0_i_1/O
                         net (fo=92, routed)          3.800    10.117    inst_ROM/memory_reg_768_1023_27_27/WE
    SLICE_X56Y43         RAMS64E                                      r  inst_ROM/memory_reg_768_1023_27_27/RAMS64E_B/WE
  -------------------------------------------------------------------    -------------------

                         (clock sys_clk_pin rise edge)
                                                     10.000    10.000 r  
    W5                                                0.000    10.000 r  clk (IN)
                         net (fo=0)                   0.000    10.000    clk
    W5                   IBUF (Prop_ibuf_I_O)         1.388    11.388 r  clk_IBUF_inst/O
                         net (fo=1, routed)           1.862    13.250    clk_IBUF
    BUFGCTRL_X0Y0        BUFG (Prop_bufg_I_O)         0.091    13.341 r  clk_IBUF_BUFG_inst/O
                         net (fo=1321, routed)        1.453    14.794    inst_ROM/memory_reg_768_1023_27_27/WCLK
    SLICE_X56Y43         RAMS64E                                      r  inst_ROM/memory_reg_768_1023_27_27/RAMS64E_B/CLK
                         clock pessimism              0.180    14.974    
                         clock uncertainty           -0.035    14.939    
    SLICE_X56Y43         RAMS64E (Setup_rams64e_CLK_WE)
                                                     -0.533    14.406    inst_ROM/memory_reg_768_1023_27_27/RAMS64E_B
  -------------------------------------------------------------------
                         required time                         14.406    
                         arrival time                         -10.117    
  -------------------------------------------------------------------
                         slack                                  4.289    

Slack (MET) :             4.289ns  (required time - arrival time)
  Source:                 inst_Programmer/ready_reg/C
                            (rising edge-triggered cell FDRE clocked by sys_clk_pin  {rise@0.000ns fall@5.000ns period=10.000ns})
  Destination:            inst_ROM/memory_reg_768_1023_27_27/RAMS64E_C/WE
                            (rising edge-triggered cell RAMS64E clocked by sys_clk_pin  {rise@0.000ns fall@5.000ns period=10.000ns})
  Path Group:             sys_clk_pin
  Path Type:              Setup (Max at Slow Process Corner)
  Requirement:            10.000ns  (sys_clk_pin rise@10.000ns - sys_clk_pin rise@0.000ns)
  Data Path Delay:        5.043ns  (logic 0.580ns (11.501%)  route 4.463ns (88.499%))
  Logic Levels:           1  (LUT6=1)
  Clock Path Skew:        -0.100ns (DCD - SCD + CPR)
    Destination Clock Delay (DCD):    4.794ns = ( 14.794 - 10.000 ) 
    Source Clock Delay      (SCD):    5.074ns
    Clock Pessimism Removal (CPR):    0.180ns
  Clock Uncertainty:      0.035ns  ((TSJ^2 + TIJ^2)^1/2 + DJ) / 2 + PE
    Total System Jitter     (TSJ):    0.071ns
    Total Input Jitter      (TIJ):    0.000ns
    Discrete Jitter          (DJ):    0.000ns
    Phase Error              (PE):    0.000ns

    Location             Delay type                Incr(ns)  Path(ns)    Netlist Resource(s)
  -------------------------------------------------------------------    -------------------
                         (clock sys_clk_pin rise edge)
                                                      0.000     0.000 r  
    W5                                                0.000     0.000 r  clk (IN)
                         net (fo=0)                   0.000     0.000    clk
    W5                   IBUF (Prop_ibuf_I_O)         1.458     1.458 r  clk_IBUF_inst/O
                         net (fo=1, routed)           1.967     3.425    clk_IBUF
    BUFGCTRL_X0Y0        BUFG (Prop_bufg_I_O)         0.096     3.521 r  clk_IBUF_BUFG_inst/O
                         net (fo=1321, routed)        1.553     5.074    inst_Programmer/clk_IBUF_BUFG
    SLICE_X32Y55         FDRE                                         r  inst_Programmer/ready_reg/C
  -------------------------------------------------------------------    -------------------
    SLICE_X32Y55         FDRE (Prop_fdre_C_Q)         0.456     5.530 r  inst_Programmer/ready_reg/Q
                         net (fo=16, routed)          0.663     6.193    inst_Programmer/ready
    SLICE_X36Y58         LUT6 (Prop_lut6_I5_O)        0.124     6.317 r  inst_Programmer/memory_reg_768_1023_0_0_i_1/O
                         net (fo=92, routed)          3.800    10.117    inst_ROM/memory_reg_768_1023_27_27/WE
    SLICE_X56Y43         RAMS64E                                      r  inst_ROM/memory_reg_768_1023_27_27/RAMS64E_C/WE
  -------------------------------------------------------------------    -------------------

                         (clock sys_clk_pin rise edge)
                                                     10.000    10.000 r  
    W5                                                0.000    10.000 r  clk (IN)
                         net (fo=0)                   0.000    10.000    clk
    W5                   IBUF (Prop_ibuf_I_O)         1.388    11.388 r  clk_IBUF_inst/O
                         net (fo=1, routed)           1.862    13.250    clk_IBUF
    BUFGCTRL_X0Y0        BUFG (Prop_bufg_I_O)         0.091    13.341 r  clk_IBUF_BUFG_inst/O
                         net (fo=1321, routed)        1.453    14.794    inst_ROM/memory_reg_768_1023_27_27/WCLK
    SLICE_X56Y43         RAMS64E                                      r  inst_ROM/memory_reg_768_1023_27_27/RAMS64E_C/CLK
                         clock pessimism              0.180    14.974    
                         clock uncertainty           -0.035    14.939    
    SLICE_X56Y43         RAMS64E (Setup_rams64e_CLK_WE)
                                                     -0.533    14.406    inst_ROM/memory_reg_768_1023_27_27/RAMS64E_C
  -------------------------------------------------------------------
                         required time                         14.406    
                         arrival time                         -10.117    
  -------------------------------------------------------------------
                         slack                                  4.289    

Slack (MET) :             4.289ns  (required time - arrival time)
  Source:                 inst_Programmer/ready_reg/C
                            (rising edge-triggered cell FDRE clocked by sys_clk_pin  {rise@0.000ns fall@5.000ns period=10.000ns})
  Destination:            inst_ROM/memory_reg_768_1023_27_27/RAMS64E_D/WE
                            (rising edge-triggered cell RAMS64E clocked by sys_clk_pin  {rise@0.000ns fall@5.000ns period=10.000ns})
  Path Group:             sys_clk_pin
  Path Type:              Setup (Max at Slow Process Corner)
  Requirement:            10.000ns  (sys_clk_pin rise@10.000ns - sys_clk_pin rise@0.000ns)
  Data Path Delay:        5.043ns  (logic 0.580ns (11.501%)  route 4.463ns (88.499%))
  Logic Levels:           1  (LUT6=1)
  Clock Path Skew:        -0.100ns (DCD - SCD + CPR)
    Destination Clock Delay (DCD):    4.794ns = ( 14.794 - 10.000 ) 
    Source Clock Delay      (SCD):    5.074ns
    Clock Pessimism Removal (CPR):    0.180ns
  Clock Uncertainty:      0.035ns  ((TSJ^2 + TIJ^2)^1/2 + DJ) / 2 + PE
    Total System Jitter     (TSJ):    0.071ns
    Total Input Jitter      (TIJ):    0.000ns
    Discrete Jitter          (DJ):    0.000ns
    Phase Error              (PE):    0.000ns

    Location             Delay type                Incr(ns)  Path(ns)    Netlist Resource(s)
  -------------------------------------------------------------------    -------------------
                         (clock sys_clk_pin rise edge)
                                                      0.000     0.000 r  
    W5                                                0.000     0.000 r  clk (IN)
                         net (fo=0)                   0.000     0.000    clk
    W5                   IBUF (Prop_ibuf_I_O)         1.458     1.458 r  clk_IBUF_inst/O
                         net (fo=1, routed)           1.967     3.425    clk_IBUF
    BUFGCTRL_X0Y0        BUFG (Prop_bufg_I_O)         0.096     3.521 r  clk_IBUF_BUFG_inst/O
                         net (fo=1321, routed)        1.553     5.074    inst_Programmer/clk_IBUF_BUFG
    SLICE_X32Y55         FDRE                                         r  inst_Programmer/ready_reg/C
  -------------------------------------------------------------------    -------------------
    SLICE_X32Y55         FDRE (Prop_fdre_C_Q)         0.456     5.530 r  inst_Programmer/ready_reg/Q
                         net (fo=16, routed)          0.663     6.193    inst_Programmer/ready
    SLICE_X36Y58         LUT6 (Prop_lut6_I5_O)        0.124     6.317 r  inst_Programmer/memory_reg_768_1023_0_0_i_1/O
                         net (fo=92, routed)          3.800    10.117    inst_ROM/memory_reg_768_1023_27_27/WE
    SLICE_X56Y43         RAMS64E                                      r  inst_ROM/memory_reg_768_1023_27_27/RAMS64E_D/WE
  -------------------------------------------------------------------    -------------------

                         (clock sys_clk_pin rise edge)
                                                     10.000    10.000 r  
    W5                                                0.000    10.000 r  clk (IN)
                         net (fo=0)                   0.000    10.000    clk
    W5                   IBUF (Prop_ibuf_I_O)         1.388    11.388 r  clk_IBUF_inst/O
                         net (fo=1, routed)           1.862    13.250    clk_IBUF
    BUFGCTRL_X0Y0        BUFG (Prop_bufg_I_O)         0.091    13.341 r  clk_IBUF_BUFG_inst/O
                         net (fo=1321, routed)        1.453    14.794    inst_ROM/memory_reg_768_1023_27_27/WCLK
    SLICE_X56Y43         RAMS64E                                      r  inst_ROM/memory_reg_768_1023_27_27/RAMS64E_D/CLK
                         clock pessimism              0.180    14.974    
                         clock uncertainty           -0.035    14.939    
    SLICE_X56Y43         RAMS64E (Setup_rams64e_CLK_WE)
                                                     -0.533    14.406    inst_ROM/memory_reg_768_1023_27_27/RAMS64E_D
  -------------------------------------------------------------------
                         required time                         14.406    
                         arrival time                         -10.117    
  -------------------------------------------------------------------
                         slack                                  4.289    

Slack (MET) :             4.372ns  (required time - arrival time)
  Source:                 inst_Programmer/ready_reg/C
                            (rising edge-triggered cell FDRE clocked by sys_clk_pin  {rise@0.000ns fall@5.000ns period=10.000ns})
  Destination:            inst_ROM/memory_reg_768_1023_26_26/RAMS64E_A/WE
                            (rising edge-triggered cell RAMS64E clocked by sys_clk_pin  {rise@0.000ns fall@5.000ns period=10.000ns})
  Path Group:             sys_clk_pin
  Path Type:              Setup (Max at Slow Process Corner)
  Requirement:            10.000ns  (sys_clk_pin rise@10.000ns - sys_clk_pin rise@0.000ns)
  Data Path Delay:        4.959ns  (logic 0.580ns (11.696%)  route 4.379ns (88.304%))
  Logic Levels:           1  (LUT6=1)
  Clock Path Skew:        -0.101ns (DCD - SCD + CPR)
    Destination Clock Delay (DCD):    4.793ns = ( 14.793 - 10.000 ) 
    Source Clock Delay      (SCD):    5.074ns
    Clock Pessimism Removal (CPR):    0.180ns
  Clock Uncertainty:      0.035ns  ((TSJ^2 + TIJ^2)^1/2 + DJ) / 2 + PE
    Total System Jitter     (TSJ):    0.071ns
    Total Input Jitter      (TIJ):    0.000ns
    Discrete Jitter          (DJ):    0.000ns
    Phase Error              (PE):    0.000ns

    Location             Delay type                Incr(ns)  Path(ns)    Netlist Resource(s)
  -------------------------------------------------------------------    -------------------
                         (clock sys_clk_pin rise edge)
                                                      0.000     0.000 r  
    W5                                                0.000     0.000 r  clk (IN)
                         net (fo=0)                   0.000     0.000    clk
    W5                   IBUF (Prop_ibuf_I_O)         1.458     1.458 r  clk_IBUF_inst/O
                         net (fo=1, routed)           1.967     3.425    clk_IBUF
    BUFGCTRL_X0Y0        BUFG (Prop_bufg_I_O)         0.096     3.521 r  clk_IBUF_BUFG_inst/O
                         net (fo=1321, routed)        1.553     5.074    inst_Programmer/clk_IBUF_BUFG
    SLICE_X32Y55         FDRE                                         r  inst_Programmer/ready_reg/C
  -------------------------------------------------------------------    -------------------
    SLICE_X32Y55         FDRE (Prop_fdre_C_Q)         0.456     5.530 r  inst_Programmer/ready_reg/Q
                         net (fo=16, routed)          0.663     6.193    inst_Programmer/ready
    SLICE_X36Y58         LUT6 (Prop_lut6_I5_O)        0.124     6.317 r  inst_Programmer/memory_reg_768_1023_0_0_i_1/O
                         net (fo=92, routed)          3.716    10.033    inst_ROM/memory_reg_768_1023_26_26/WE
    SLICE_X52Y45         RAMS64E                                      r  inst_ROM/memory_reg_768_1023_26_26/RAMS64E_A/WE
  -------------------------------------------------------------------    -------------------

                         (clock sys_clk_pin rise edge)
                                                     10.000    10.000 r  
    W5                                                0.000    10.000 r  clk (IN)
                         net (fo=0)                   0.000    10.000    clk
    W5                   IBUF (Prop_ibuf_I_O)         1.388    11.388 r  clk_IBUF_inst/O
                         net (fo=1, routed)           1.862    13.250    clk_IBUF
    BUFGCTRL_X0Y0        BUFG (Prop_bufg_I_O)         0.091    13.341 r  clk_IBUF_BUFG_inst/O
                         net (fo=1321, routed)        1.452    14.793    inst_ROM/memory_reg_768_1023_26_26/WCLK
    SLICE_X52Y45         RAMS64E                                      r  inst_ROM/memory_reg_768_1023_26_26/RAMS64E_A/CLK
                         clock pessimism              0.180    14.973    
                         clock uncertainty           -0.035    14.938    
    SLICE_X52Y45         RAMS64E (Setup_rams64e_CLK_WE)
                                                     -0.533    14.405    inst_ROM/memory_reg_768_1023_26_26/RAMS64E_A
  -------------------------------------------------------------------
                         required time                         14.405    
                         arrival time                         -10.033    
  -------------------------------------------------------------------
                         slack                                  4.372    

Slack (MET) :             4.372ns  (required time - arrival time)
  Source:                 inst_Programmer/ready_reg/C
                            (rising edge-triggered cell FDRE clocked by sys_clk_pin  {rise@0.000ns fall@5.000ns period=10.000ns})
  Destination:            inst_ROM/memory_reg_768_1023_26_26/RAMS64E_B/WE
                            (rising edge-triggered cell RAMS64E clocked by sys_clk_pin  {rise@0.000ns fall@5.000ns period=10.000ns})
  Path Group:             sys_clk_pin
  Path Type:              Setup (Max at Slow Process Corner)
  Requirement:            10.000ns  (sys_clk_pin rise@10.000ns - sys_clk_pin rise@0.000ns)
  Data Path Delay:        4.959ns  (logic 0.580ns (11.696%)  route 4.379ns (88.304%))
  Logic Levels:           1  (LUT6=1)
  Clock Path Skew:        -0.101ns (DCD - SCD + CPR)
    Destination Clock Delay (DCD):    4.793ns = ( 14.793 - 10.000 ) 
    Source Clock Delay      (SCD):    5.074ns
    Clock Pessimism Removal (CPR):    0.180ns
  Clock Uncertainty:      0.035ns  ((TSJ^2 + TIJ^2)^1/2 + DJ) / 2 + PE
    Total System Jitter     (TSJ):    0.071ns
    Total Input Jitter      (TIJ):    0.000ns
    Discrete Jitter          (DJ):    0.000ns
    Phase Error              (PE):    0.000ns

    Location             Delay type                Incr(ns)  Path(ns)    Netlist Resource(s)
  -------------------------------------------------------------------    -------------------
                         (clock sys_clk_pin rise edge)
                                                      0.000     0.000 r  
    W5                                                0.000     0.000 r  clk (IN)
                         net (fo=0)                   0.000     0.000    clk
    W5                   IBUF (Prop_ibuf_I_O)         1.458     1.458 r  clk_IBUF_inst/O
                         net (fo=1, routed)           1.967     3.425    clk_IBUF
    BUFGCTRL_X0Y0        BUFG (Prop_bufg_I_O)         0.096     3.521 r  clk_IBUF_BUFG_inst/O
                         net (fo=1321, routed)        1.553     5.074    inst_Programmer/clk_IBUF_BUFG
    SLICE_X32Y55         FDRE                                         r  inst_Programmer/ready_reg/C
  -------------------------------------------------------------------    -------------------
    SLICE_X32Y55         FDRE (Prop_fdre_C_Q)         0.456     5.530 r  inst_Programmer/ready_reg/Q
                         net (fo=16, routed)          0.663     6.193    inst_Programmer/ready
    SLICE_X36Y58         LUT6 (Prop_lut6_I5_O)        0.124     6.317 r  inst_Programmer/memory_reg_768_1023_0_0_i_1/O
                         net (fo=92, routed)          3.716    10.033    inst_ROM/memory_reg_768_1023_26_26/WE
    SLICE_X52Y45         RAMS64E                                      r  inst_ROM/memory_reg_768_1023_26_26/RAMS64E_B/WE
  -------------------------------------------------------------------    -------------------

                         (clock sys_clk_pin rise edge)
                                                     10.000    10.000 r  
    W5                                                0.000    10.000 r  clk (IN)
                         net (fo=0)                   0.000    10.000    clk
    W5                   IBUF (Prop_ibuf_I_O)         1.388    11.388 r  clk_IBUF_inst/O
                         net (fo=1, routed)           1.862    13.250    clk_IBUF
    BUFGCTRL_X0Y0        BUFG (Prop_bufg_I_O)         0.091    13.341 r  clk_IBUF_BUFG_inst/O
                         net (fo=1321, routed)        1.452    14.793    inst_ROM/memory_reg_768_1023_26_26/WCLK
    SLICE_X52Y45         RAMS64E                                      r  inst_ROM/memory_reg_768_1023_26_26/RAMS64E_B/CLK
                         clock pessimism              0.180    14.973    
                         clock uncertainty           -0.035    14.938    
    SLICE_X52Y45         RAMS64E (Setup_rams64e_CLK_WE)
                                                     -0.533    14.405    inst_ROM/memory_reg_768_1023_26_26/RAMS64E_B
  -------------------------------------------------------------------
                         required time                         14.405    
                         arrival time                         -10.033    
  -------------------------------------------------------------------
                         slack                                  4.372    

Slack (MET) :             4.372ns  (required time - arrival time)
  Source:                 inst_Programmer/ready_reg/C
                            (rising edge-triggered cell FDRE clocked by sys_clk_pin  {rise@0.000ns fall@5.000ns period=10.000ns})
  Destination:            inst_ROM/memory_reg_768_1023_26_26/RAMS64E_C/WE
                            (rising edge-triggered cell RAMS64E clocked by sys_clk_pin  {rise@0.000ns fall@5.000ns period=10.000ns})
  Path Group:             sys_clk_pin
  Path Type:              Setup (Max at Slow Process Corner)
  Requirement:            10.000ns  (sys_clk_pin rise@10.000ns - sys_clk_pin rise@0.000ns)
  Data Path Delay:        4.959ns  (logic 0.580ns (11.696%)  route 4.379ns (88.304%))
  Logic Levels:           1  (LUT6=1)
  Clock Path Skew:        -0.101ns (DCD - SCD + CPR)
    Destination Clock Delay (DCD):    4.793ns = ( 14.793 - 10.000 ) 
    Source Clock Delay      (SCD):    5.074ns
    Clock Pessimism Removal (CPR):    0.180ns
  Clock Uncertainty:      0.035ns  ((TSJ^2 + TIJ^2)^1/2 + DJ) / 2 + PE
    Total System Jitter     (TSJ):    0.071ns
    Total Input Jitter      (TIJ):    0.000ns
    Discrete Jitter          (DJ):    0.000ns
    Phase Error              (PE):    0.000ns

    Location             Delay type                Incr(ns)  Path(ns)    Netlist Resource(s)
  -------------------------------------------------------------------    -------------------
                         (clock sys_clk_pin rise edge)
                                                      0.000     0.000 r  
    W5                                                0.000     0.000 r  clk (IN)
                         net (fo=0)                   0.000     0.000    clk
    W5                   IBUF (Prop_ibuf_I_O)         1.458     1.458 r  clk_IBUF_inst/O
                         net (fo=1, routed)           1.967     3.425    clk_IBUF
    BUFGCTRL_X0Y0        BUFG (Prop_bufg_I_O)         0.096     3.521 r  clk_IBUF_BUFG_inst/O
                         net (fo=1321, routed)        1.553     5.074    inst_Programmer/clk_IBUF_BUFG
    SLICE_X32Y55         FDRE                                         r  inst_Programmer/ready_reg/C
  -------------------------------------------------------------------    -------------------
    SLICE_X32Y55         FDRE (Prop_fdre_C_Q)         0.456     5.530 r  inst_Programmer/ready_reg/Q
                         net (fo=16, routed)          0.663     6.193    inst_Programmer/ready
    SLICE_X36Y58         LUT6 (Prop_lut6_I5_O)        0.124     6.317 r  inst_Programmer/memory_reg_768_1023_0_0_i_1/O
                         net (fo=92, routed)          3.716    10.033    inst_ROM/memory_reg_768_1023_26_26/WE
    SLICE_X52Y45         RAMS64E                                      r  inst_ROM/memory_reg_768_1023_26_26/RAMS64E_C/WE
  -------------------------------------------------------------------    -------------------

                         (clock sys_clk_pin rise edge)
                                                     10.000    10.000 r  
    W5                                                0.000    10.000 r  clk (IN)
                         net (fo=0)                   0.000    10.000    clk
    W5                   IBUF (Prop_ibuf_I_O)         1.388    11.388 r  clk_IBUF_inst/O
                         net (fo=1, routed)           1.862    13.250    clk_IBUF
    BUFGCTRL_X0Y0        BUFG (Prop_bufg_I_O)         0.091    13.341 r  clk_IBUF_BUFG_inst/O
                         net (fo=1321, routed)        1.452    14.793    inst_ROM/memory_reg_768_1023_26_26/WCLK
    SLICE_X52Y45         RAMS64E                                      r  inst_ROM/memory_reg_768_1023_26_26/RAMS64E_C/CLK
                         clock pessimism              0.180    14.973    
                         clock uncertainty           -0.035    14.938    
    SLICE_X52Y45         RAMS64E (Setup_rams64e_CLK_WE)
                                                     -0.533    14.405    inst_ROM/memory_reg_768_1023_26_26/RAMS64E_C
  -------------------------------------------------------------------
                         required time                         14.405    
                         arrival time                         -10.033    
  -------------------------------------------------------------------
                         slack                                  4.372    

Slack (MET) :             4.372ns  (required time - arrival time)
  Source:                 inst_Programmer/ready_reg/C
                            (rising edge-triggered cell FDRE clocked by sys_clk_pin  {rise@0.000ns fall@5.000ns period=10.000ns})
  Destination:            inst_ROM/memory_reg_768_1023_26_26/RAMS64E_D/WE
                            (rising edge-triggered cell RAMS64E clocked by sys_clk_pin  {rise@0.000ns fall@5.000ns period=10.000ns})
  Path Group:             sys_clk_pin
  Path Type:              Setup (Max at Slow Process Corner)
  Requirement:            10.000ns  (sys_clk_pin rise@10.000ns - sys_clk_pin rise@0.000ns)
  Data Path Delay:        4.959ns  (logic 0.580ns (11.696%)  route 4.379ns (88.304%))
  Logic Levels:           1  (LUT6=1)
  Clock Path Skew:        -0.101ns (DCD - SCD + CPR)
    Destination Clock Delay (DCD):    4.793ns = ( 14.793 - 10.000 ) 
    Source Clock Delay      (SCD):    5.074ns
    Clock Pessimism Removal (CPR):    0.180ns
  Clock Uncertainty:      0.035ns  ((TSJ^2 + TIJ^2)^1/2 + DJ) / 2 + PE
    Total System Jitter     (TSJ):    0.071ns
    Total Input Jitter      (TIJ):    0.000ns
    Discrete Jitter          (DJ):    0.000ns
    Phase Error              (PE):    0.000ns

    Location             Delay type                Incr(ns)  Path(ns)    Netlist Resource(s)
  -------------------------------------------------------------------    -------------------
                         (clock sys_clk_pin rise edge)
                                                      0.000     0.000 r  
    W5                                                0.000     0.000 r  clk (IN)
                         net (fo=0)                   0.000     0.000    clk
    W5                   IBUF (Prop_ibuf_I_O)         1.458     1.458 r  clk_IBUF_inst/O
                         net (fo=1, routed)           1.967     3.425    clk_IBUF
    BUFGCTRL_X0Y0        BUFG (Prop_bufg_I_O)         0.096     3.521 r  clk_IBUF_BUFG_inst/O
                         net (fo=1321, routed)        1.553     5.074    inst_Programmer/clk_IBUF_BUFG
    SLICE_X32Y55         FDRE                                         r  inst_Programmer/ready_reg/C
  -------------------------------------------------------------------    -------------------
    SLICE_X32Y55         FDRE (Prop_fdre_C_Q)         0.456     5.530 r  inst_Programmer/ready_reg/Q
                         net (fo=16, routed)          0.663     6.193    inst_Programmer/ready
    SLICE_X36Y58         LUT6 (Prop_lut6_I5_O)        0.124     6.317 r  inst_Programmer/memory_reg_768_1023_0_0_i_1/O
                         net (fo=92, routed)          3.716    10.033    inst_ROM/memory_reg_768_1023_26_26/WE
    SLICE_X52Y45         RAMS64E                                      r  inst_ROM/memory_reg_768_1023_26_26/RAMS64E_D/WE
  -------------------------------------------------------------------    -------------------

                         (clock sys_clk_pin rise edge)
                                                     10.000    10.000 r  
    W5                                                0.000    10.000 r  clk (IN)
                         net (fo=0)                   0.000    10.000    clk
    W5                   IBUF (Prop_ibuf_I_O)         1.388    11.388 r  clk_IBUF_inst/O
                         net (fo=1, routed)           1.862    13.250    clk_IBUF
    BUFGCTRL_X0Y0        BUFG (Prop_bufg_I_O)         0.091    13.341 r  clk_IBUF_BUFG_inst/O
                         net (fo=1321, routed)        1.452    14.793    inst_ROM/memory_reg_768_1023_26_26/WCLK
    SLICE_X52Y45         RAMS64E                                      r  inst_ROM/memory_reg_768_1023_26_26/RAMS64E_D/CLK
                         clock pessimism              0.180    14.973    
                         clock uncertainty           -0.035    14.938    
    SLICE_X52Y45         RAMS64E (Setup_rams64e_CLK_WE)
                                                     -0.533    14.405    inst_ROM/memory_reg_768_1023_26_26/RAMS64E_D
  -------------------------------------------------------------------
                         required time                         14.405    
                         arrival time                         -10.033    
  -------------------------------------------------------------------
                         slack                                  4.372    

Slack (MET) :             4.486ns  (required time - arrival time)
  Source:                 inst_Programmer/ready_reg/C
                            (rising edge-triggered cell FDRE clocked by sys_clk_pin  {rise@0.000ns fall@5.000ns period=10.000ns})
  Destination:            inst_ROM/memory_reg_1280_1535_27_27/RAMS64E_A/WE
                            (rising edge-triggered cell RAMS64E clocked by sys_clk_pin  {rise@0.000ns fall@5.000ns period=10.000ns})
  Path Group:             sys_clk_pin
  Path Type:              Setup (Max at Slow Process Corner)
  Requirement:            10.000ns  (sys_clk_pin rise@10.000ns - sys_clk_pin rise@0.000ns)
  Data Path Delay:        4.846ns  (logic 0.580ns (11.969%)  route 4.266ns (88.031%))
  Logic Levels:           1  (LUT6=1)
  Clock Path Skew:        -0.100ns (DCD - SCD + CPR)
    Destination Clock Delay (DCD):    4.794ns = ( 14.794 - 10.000 ) 
    Source Clock Delay      (SCD):    5.074ns
    Clock Pessimism Removal (CPR):    0.180ns
  Clock Uncertainty:      0.035ns  ((TSJ^2 + TIJ^2)^1/2 + DJ) / 2 + PE
    Total System Jitter     (TSJ):    0.071ns
    Total Input Jitter      (TIJ):    0.000ns
    Discrete Jitter          (DJ):    0.000ns
    Phase Error              (PE):    0.000ns

    Location             Delay type                Incr(ns)  Path(ns)    Netlist Resource(s)
  -------------------------------------------------------------------    -------------------
                         (clock sys_clk_pin rise edge)
                                                      0.000     0.000 r  
    W5                                                0.000     0.000 r  clk (IN)
                         net (fo=0)                   0.000     0.000    clk
    W5                   IBUF (Prop_ibuf_I_O)         1.458     1.458 r  clk_IBUF_inst/O
                         net (fo=1, routed)           1.967     3.425    clk_IBUF
    BUFGCTRL_X0Y0        BUFG (Prop_bufg_I_O)         0.096     3.521 r  clk_IBUF_BUFG_inst/O
                         net (fo=1321, routed)        1.553     5.074    inst_Programmer/clk_IBUF_BUFG
    SLICE_X32Y55         FDRE                                         r  inst_Programmer/ready_reg/C
  -------------------------------------------------------------------    -------------------
    SLICE_X32Y55         FDRE (Prop_fdre_C_Q)         0.456     5.530 r  inst_Programmer/ready_reg/Q
                         net (fo=16, routed)          0.645     6.175    inst_Programmer/ready
    SLICE_X35Y57         LUT6 (Prop_lut6_I5_O)        0.124     6.299 r  inst_Programmer/memory_reg_1280_1535_0_0_i_1/O
                         net (fo=92, routed)          3.621     9.920    inst_ROM/memory_reg_1280_1535_27_27/WE
    SLICE_X56Y44         RAMS64E                                      r  inst_ROM/memory_reg_1280_1535_27_27/RAMS64E_A/WE
  -------------------------------------------------------------------    -------------------

                         (clock sys_clk_pin rise edge)
                                                     10.000    10.000 r  
    W5                                                0.000    10.000 r  clk (IN)
                         net (fo=0)                   0.000    10.000    clk
    W5                   IBUF (Prop_ibuf_I_O)         1.388    11.388 r  clk_IBUF_inst/O
                         net (fo=1, routed)           1.862    13.250    clk_IBUF
    BUFGCTRL_X0Y0        BUFG (Prop_bufg_I_O)         0.091    13.341 r  clk_IBUF_BUFG_inst/O
                         net (fo=1321, routed)        1.453    14.794    inst_ROM/memory_reg_1280_1535_27_27/WCLK
    SLICE_X56Y44         RAMS64E                                      r  inst_ROM/memory_reg_1280_1535_27_27/RAMS64E_A/CLK
                         clock pessimism              0.180    14.974    
                         clock uncertainty           -0.035    14.939    
    SLICE_X56Y44         RAMS64E (Setup_rams64e_CLK_WE)
                                                     -0.533    14.406    inst_ROM/memory_reg_1280_1535_27_27/RAMS64E_A
  -------------------------------------------------------------------
                         required time                         14.406    
                         arrival time                          -9.920    
  -------------------------------------------------------------------
                         slack                                  4.486    

Slack (MET) :             4.486ns  (required time - arrival time)
  Source:                 inst_Programmer/ready_reg/C
                            (rising edge-triggered cell FDRE clocked by sys_clk_pin  {rise@0.000ns fall@5.000ns period=10.000ns})
  Destination:            inst_ROM/memory_reg_1280_1535_27_27/RAMS64E_B/WE
                            (rising edge-triggered cell RAMS64E clocked by sys_clk_pin  {rise@0.000ns fall@5.000ns period=10.000ns})
  Path Group:             sys_clk_pin
  Path Type:              Setup (Max at Slow Process Corner)
  Requirement:            10.000ns  (sys_clk_pin rise@10.000ns - sys_clk_pin rise@0.000ns)
  Data Path Delay:        4.846ns  (logic 0.580ns (11.969%)  route 4.266ns (88.031%))
  Logic Levels:           1  (LUT6=1)
  Clock Path Skew:        -0.100ns (DCD - SCD + CPR)
    Destination Clock Delay (DCD):    4.794ns = ( 14.794 - 10.000 ) 
    Source Clock Delay      (SCD):    5.074ns
    Clock Pessimism Removal (CPR):    0.180ns
  Clock Uncertainty:      0.035ns  ((TSJ^2 + TIJ^2)^1/2 + DJ) / 2 + PE
    Total System Jitter     (TSJ):    0.071ns
    Total Input Jitter      (TIJ):    0.000ns
    Discrete Jitter          (DJ):    0.000ns
    Phase Error              (PE):    0.000ns

    Location             Delay type                Incr(ns)  Path(ns)    Netlist Resource(s)
  -------------------------------------------------------------------    -------------------
                         (clock sys_clk_pin rise edge)
                                                      0.000     0.000 r  
    W5                                                0.000     0.000 r  clk (IN)
                         net (fo=0)                   0.000     0.000    clk
    W5                   IBUF (Prop_ibuf_I_O)         1.458     1.458 r  clk_IBUF_inst/O
                         net (fo=1, routed)           1.967     3.425    clk_IBUF
    BUFGCTRL_X0Y0        BUFG (Prop_bufg_I_O)         0.096     3.521 r  clk_IBUF_BUFG_inst/O
                         net (fo=1321, routed)        1.553     5.074    inst_Programmer/clk_IBUF_BUFG
    SLICE_X32Y55         FDRE                                         r  inst_Programmer/ready_reg/C
  -------------------------------------------------------------------    -------------------
    SLICE_X32Y55         FDRE (Prop_fdre_C_Q)         0.456     5.530 r  inst_Programmer/ready_reg/Q
                         net (fo=16, routed)          0.645     6.175    inst_Programmer/ready
    SLICE_X35Y57         LUT6 (Prop_lut6_I5_O)        0.124     6.299 r  inst_Programmer/memory_reg_1280_1535_0_0_i_1/O
                         net (fo=92, routed)          3.621     9.920    inst_ROM/memory_reg_1280_1535_27_27/WE
    SLICE_X56Y44         RAMS64E                                      r  inst_ROM/memory_reg_1280_1535_27_27/RAMS64E_B/WE
  -------------------------------------------------------------------    -------------------

                         (clock sys_clk_pin rise edge)
                                                     10.000    10.000 r  
    W5                                                0.000    10.000 r  clk (IN)
                         net (fo=0)                   0.000    10.000    clk
    W5                   IBUF (Prop_ibuf_I_O)         1.388    11.388 r  clk_IBUF_inst/O
                         net (fo=1, routed)           1.862    13.250    clk_IBUF
    BUFGCTRL_X0Y0        BUFG (Prop_bufg_I_O)         0.091    13.341 r  clk_IBUF_BUFG_inst/O
                         net (fo=1321, routed)        1.453    14.794    inst_ROM/memory_reg_1280_1535_27_27/WCLK
    SLICE_X56Y44         RAMS64E                                      r  inst_ROM/memory_reg_1280_1535_27_27/RAMS64E_B/CLK
                         clock pessimism              0.180    14.974    
                         clock uncertainty           -0.035    14.939    
    SLICE_X56Y44         RAMS64E (Setup_rams64e_CLK_WE)
                                                     -0.533    14.406    inst_ROM/memory_reg_1280_1535_27_27/RAMS64E_B
  -------------------------------------------------------------------
                         required time                         14.406    
                         arrival time                          -9.920    
  -------------------------------------------------------------------
                         slack                                  4.486    





Min Delay Paths
--------------------------------------------------------------------------------------
Slack (MET) :             0.183ns  (arrival time - required time)
  Source:                 inst_Programmer/inst_UART/sample_counter_reg[4]/C
                            (rising edge-triggered cell FDRE clocked by sys_clk_pin  {rise@0.000ns fall@5.000ns period=10.000ns})
  Destination:            inst_Programmer/inst_UART/sample_reg/D
                            (rising edge-triggered cell FDRE clocked by sys_clk_pin  {rise@0.000ns fall@5.000ns period=10.000ns})
  Path Group:             sys_clk_pin
  Path Type:              Hold (Min at Fast Process Corner)
  Requirement:            0.000ns  (sys_clk_pin rise@0.000ns - sys_clk_pin rise@0.000ns)
  Data Path Delay:        0.288ns  (logic 0.186ns (64.652%)  route 0.102ns (35.348%))
  Logic Levels:           1  (LUT6=1)
  Clock Path Skew:        0.013ns (DCD - SCD - CPR)
    Destination Clock Delay (DCD):    1.957ns
    Source Clock Delay      (SCD):    1.443ns
    Clock Pessimism Removal (CPR):    0.501ns

    Location             Delay type                Incr(ns)  Path(ns)    Netlist Resource(s)
  -------------------------------------------------------------------    -------------------
                         (clock sys_clk_pin rise edge)
                                                      0.000     0.000 r  
    W5                                                0.000     0.000 r  clk (IN)
                         net (fo=0)                   0.000     0.000    clk
    W5                   IBUF (Prop_ibuf_I_O)         0.226     0.226 r  clk_IBUF_inst/O
                         net (fo=1, routed)           0.631     0.858    clk_IBUF
    BUFGCTRL_X0Y0        BUFG (Prop_bufg_I_O)         0.026     0.884 r  clk_IBUF_BUFG_inst/O
                         net (fo=1321, routed)        0.560     1.443    inst_Programmer/inst_UART/clk_IBUF_BUFG
    SLICE_X41Y58         FDRE                                         r  inst_Programmer/inst_UART/sample_counter_reg[4]/C
  -------------------------------------------------------------------    -------------------
    SLICE_X41Y58         FDRE (Prop_fdre_C_Q)         0.141     1.584 r  inst_Programmer/inst_UART/sample_counter_reg[4]/Q
                         net (fo=5, routed)           0.102     1.686    inst_Programmer/inst_UART/sample_counter_reg[4]
    SLICE_X40Y58         LUT6 (Prop_lut6_I5_O)        0.045     1.731 r  inst_Programmer/inst_UART/sample_i_1/O
                         net (fo=1, routed)           0.000     1.731    inst_Programmer/inst_UART/sample_i_1_n_0
    SLICE_X40Y58         FDRE                                         r  inst_Programmer/inst_UART/sample_reg/D
  -------------------------------------------------------------------    -------------------

                         (clock sys_clk_pin rise edge)
                                                      0.000     0.000 r  
    W5                                                0.000     0.000 r  clk (IN)
                         net (fo=0)                   0.000     0.000    clk
    W5                   IBUF (Prop_ibuf_I_O)         0.414     0.414 r  clk_IBUF_inst/O
                         net (fo=1, routed)           0.685     1.099    clk_IBUF
    BUFGCTRL_X0Y0        BUFG (Prop_bufg_I_O)         0.029     1.128 r  clk_IBUF_BUFG_inst/O
                         net (fo=1321, routed)        0.830     1.957    inst_Programmer/inst_UART/clk_IBUF_BUFG
    SLICE_X40Y58         FDRE                                         r  inst_Programmer/inst_UART/sample_reg/C
                         clock pessimism             -0.501     1.456    
    SLICE_X40Y58         FDRE (Hold_fdre_C_D)         0.092     1.548    inst_Programmer/inst_UART/sample_reg
  -------------------------------------------------------------------
                         required time                         -1.548    
                         arrival time                           1.731    
  -------------------------------------------------------------------
                         slack                                  0.183    

Slack (MET) :             0.185ns  (arrival time - required time)
  Source:                 inst_Programmer/inst_UART/sample_counter_reg[4]/C
                            (rising edge-triggered cell FDRE clocked by sys_clk_pin  {rise@0.000ns fall@5.000ns period=10.000ns})
  Destination:            inst_Programmer/inst_UART/sample_counter_reg[2]/D
                            (rising edge-triggered cell FDRE clocked by sys_clk_pin  {rise@0.000ns fall@5.000ns period=10.000ns})
  Path Group:             sys_clk_pin
  Path Type:              Hold (Min at Fast Process Corner)
  Requirement:            0.000ns  (sys_clk_pin rise@0.000ns - sys_clk_pin rise@0.000ns)
  Data Path Delay:        0.289ns  (logic 0.186ns (64.428%)  route 0.103ns (35.572%))
  Logic Levels:           1  (LUT6=1)
  Clock Path Skew:        0.013ns (DCD - SCD - CPR)
    Destination Clock Delay (DCD):    1.957ns
    Source Clock Delay      (SCD):    1.443ns
    Clock Pessimism Removal (CPR):    0.501ns

    Location             Delay type                Incr(ns)  Path(ns)    Netlist Resource(s)
  -------------------------------------------------------------------    -------------------
                         (clock sys_clk_pin rise edge)
                                                      0.000     0.000 r  
    W5                                                0.000     0.000 r  clk (IN)
                         net (fo=0)                   0.000     0.000    clk
    W5                   IBUF (Prop_ibuf_I_O)         0.226     0.226 r  clk_IBUF_inst/O
                         net (fo=1, routed)           0.631     0.858    clk_IBUF
    BUFGCTRL_X0Y0        BUFG (Prop_bufg_I_O)         0.026     0.884 r  clk_IBUF_BUFG_inst/O
                         net (fo=1321, routed)        0.560     1.443    inst_Programmer/inst_UART/clk_IBUF_BUFG
    SLICE_X41Y58         FDRE                                         r  inst_Programmer/inst_UART/sample_counter_reg[4]/C
  -------------------------------------------------------------------    -------------------
    SLICE_X41Y58         FDRE (Prop_fdre_C_Q)         0.141     1.584 f  inst_Programmer/inst_UART/sample_counter_reg[4]/Q
                         net (fo=5, routed)           0.103     1.687    inst_Programmer/inst_UART/sample_counter_reg[4]
    SLICE_X40Y58         LUT6 (Prop_lut6_I5_O)        0.045     1.732 r  inst_Programmer/inst_UART/sample_counter[2]_i_1/O
                         net (fo=1, routed)           0.000     1.732    inst_Programmer/inst_UART/p_0_in[2]
    SLICE_X40Y58         FDRE                                         r  inst_Programmer/inst_UART/sample_counter_reg[2]/D
  -------------------------------------------------------------------    -------------------

                         (clock sys_clk_pin rise edge)
                                                      0.000     0.000 r  
    W5                                                0.000     0.000 r  clk (IN)
                         net (fo=0)                   0.000     0.000    clk
    W5                   IBUF (Prop_ibuf_I_O)         0.414     0.414 r  clk_IBUF_inst/O
                         net (fo=1, routed)           0.685     1.099    clk_IBUF
    BUFGCTRL_X0Y0        BUFG (Prop_bufg_I_O)         0.029     1.128 r  clk_IBUF_BUFG_inst/O
                         net (fo=1321, routed)        0.830     1.957    inst_Programmer/inst_UART/clk_IBUF_BUFG
    SLICE_X40Y58         FDRE                                         r  inst_Programmer/inst_UART/sample_counter_reg[2]/C
                         clock pessimism             -0.501     1.456    
    SLICE_X40Y58         FDRE (Hold_fdre_C_D)         0.091     1.547    inst_Programmer/inst_UART/sample_counter_reg[2]
  -------------------------------------------------------------------
                         required time                         -1.547    
                         arrival time                           1.732    
  -------------------------------------------------------------------
                         slack                                  0.185    

Slack (MET) :             0.197ns  (arrival time - required time)
  Source:                 inst_Programmer/inst_UART/sample_reg/C
                            (rising edge-triggered cell FDRE clocked by sys_clk_pin  {rise@0.000ns fall@5.000ns period=10.000ns})
  Destination:            inst_Programmer/inst_UART/rx_state_reg[counter][0]/CE
                            (rising edge-triggered cell FDRE clocked by sys_clk_pin  {rise@0.000ns fall@5.000ns period=10.000ns})
  Path Group:             sys_clk_pin
  Path Type:              Hold (Min at Fast Process Corner)
  Requirement:            0.000ns  (sys_clk_pin rise@0.000ns - sys_clk_pin rise@0.000ns)
  Data Path Delay:        0.424ns  (logic 0.141ns (33.289%)  route 0.283ns (66.711%))
  Logic Levels:           0  
  Clock Path Skew:        0.266ns (DCD - SCD - CPR)
    Destination Clock Delay (DCD):    1.958ns
    Source Clock Delay      (SCD):    1.443ns
    Clock Pessimism Removal (CPR):    0.249ns

    Location             Delay type                Incr(ns)  Path(ns)    Netlist Resource(s)
  -------------------------------------------------------------------    -------------------
                         (clock sys_clk_pin rise edge)
                                                      0.000     0.000 r  
    W5                                                0.000     0.000 r  clk (IN)
                         net (fo=0)                   0.000     0.000    clk
    W5                   IBUF (Prop_ibuf_I_O)         0.226     0.226 r  clk_IBUF_inst/O
                         net (fo=1, routed)           0.631     0.858    clk_IBUF
    BUFGCTRL_X0Y0        BUFG (Prop_bufg_I_O)         0.026     0.884 r  clk_IBUF_BUFG_inst/O
                         net (fo=1321, routed)        0.560     1.443    inst_Programmer/inst_UART/clk_IBUF_BUFG
    SLICE_X40Y58         FDRE                                         r  inst_Programmer/inst_UART/sample_reg/C
  -------------------------------------------------------------------    -------------------
    SLICE_X40Y58         FDRE (Prop_fdre_C_Q)         0.141     1.584 r  inst_Programmer/inst_UART/sample_reg/Q
                         net (fo=5, routed)           0.283     1.867    inst_Programmer/inst_UART/sample
    SLICE_X28Y53         FDRE                                         r  inst_Programmer/inst_UART/rx_state_reg[counter][0]/CE
  -------------------------------------------------------------------    -------------------

                         (clock sys_clk_pin rise edge)
                                                      0.000     0.000 r  
    W5                                                0.000     0.000 r  clk (IN)
                         net (fo=0)                   0.000     0.000    clk
    W5                   IBUF (Prop_ibuf_I_O)         0.414     0.414 r  clk_IBUF_inst/O
                         net (fo=1, routed)           0.685     1.099    clk_IBUF
    BUFGCTRL_X0Y0        BUFG (Prop_bufg_I_O)         0.029     1.128 r  clk_IBUF_BUFG_inst/O
                         net (fo=1321, routed)        0.831     1.958    inst_Programmer/inst_UART/clk_IBUF_BUFG
    SLICE_X28Y53         FDRE                                         r  inst_Programmer/inst_UART/rx_state_reg[counter][0]/C
                         clock pessimism             -0.249     1.709    
    SLICE_X28Y53         FDRE (Hold_fdre_C_CE)       -0.039     1.670    inst_Programmer/inst_UART/rx_state_reg[counter][0]
  -------------------------------------------------------------------
                         required time                         -1.670    
                         arrival time                           1.867    
  -------------------------------------------------------------------
                         slack                                  0.197    

Slack (MET) :             0.197ns  (arrival time - required time)
  Source:                 inst_Programmer/inst_UART/sample_reg/C
                            (rising edge-triggered cell FDRE clocked by sys_clk_pin  {rise@0.000ns fall@5.000ns period=10.000ns})
  Destination:            inst_Programmer/inst_UART/rx_state_reg[counter][1]/CE
                            (rising edge-triggered cell FDRE clocked by sys_clk_pin  {rise@0.000ns fall@5.000ns period=10.000ns})
  Path Group:             sys_clk_pin
  Path Type:              Hold (Min at Fast Process Corner)
  Requirement:            0.000ns  (sys_clk_pin rise@0.000ns - sys_clk_pin rise@0.000ns)
  Data Path Delay:        0.424ns  (logic 0.141ns (33.289%)  route 0.283ns (66.711%))
  Logic Levels:           0  
  Clock Path Skew:        0.266ns (DCD - SCD - CPR)
    Destination Clock Delay (DCD):    1.958ns
    Source Clock Delay      (SCD):    1.443ns
    Clock Pessimism Removal (CPR):    0.249ns

    Location             Delay type                Incr(ns)  Path(ns)    Netlist Resource(s)
  -------------------------------------------------------------------    -------------------
                         (clock sys_clk_pin rise edge)
                                                      0.000     0.000 r  
    W5                                                0.000     0.000 r  clk (IN)
                         net (fo=0)                   0.000     0.000    clk
    W5                   IBUF (Prop_ibuf_I_O)         0.226     0.226 r  clk_IBUF_inst/O
                         net (fo=1, routed)           0.631     0.858    clk_IBUF
    BUFGCTRL_X0Y0        BUFG (Prop_bufg_I_O)         0.026     0.884 r  clk_IBUF_BUFG_inst/O
                         net (fo=1321, routed)        0.560     1.443    inst_Programmer/inst_UART/clk_IBUF_BUFG
    SLICE_X40Y58         FDRE                                         r  inst_Programmer/inst_UART/sample_reg/C
  -------------------------------------------------------------------    -------------------
    SLICE_X40Y58         FDRE (Prop_fdre_C_Q)         0.141     1.584 r  inst_Programmer/inst_UART/sample_reg/Q
                         net (fo=5, routed)           0.283     1.867    inst_Programmer/inst_UART/sample
    SLICE_X28Y53         FDRE                                         r  inst_Programmer/inst_UART/rx_state_reg[counter][1]/CE
  -------------------------------------------------------------------    -------------------

                         (clock sys_clk_pin rise edge)
                                                      0.000     0.000 r  
    W5                                                0.000     0.000 r  clk (IN)
                         net (fo=0)                   0.000     0.000    clk
    W5                   IBUF (Prop_ibuf_I_O)         0.414     0.414 r  clk_IBUF_inst/O
                         net (fo=1, routed)           0.685     1.099    clk_IBUF
    BUFGCTRL_X0Y0        BUFG (Prop_bufg_I_O)         0.029     1.128 r  clk_IBUF_BUFG_inst/O
                         net (fo=1321, routed)        0.831     1.958    inst_Programmer/inst_UART/clk_IBUF_BUFG
    SLICE_X28Y53         FDRE                                         r  inst_Programmer/inst_UART/rx_state_reg[counter][1]/C
                         clock pessimism             -0.249     1.709    
    SLICE_X28Y53         FDRE (Hold_fdre_C_CE)       -0.039     1.670    inst_Programmer/inst_UART/rx_state_reg[counter][1]
  -------------------------------------------------------------------
                         required time                         -1.670    
                         arrival time                           1.867    
  -------------------------------------------------------------------
                         slack                                  0.197    

Slack (MET) :             0.197ns  (arrival time - required time)
  Source:                 inst_Programmer/inst_UART/sample_reg/C
                            (rising edge-triggered cell FDRE clocked by sys_clk_pin  {rise@0.000ns fall@5.000ns period=10.000ns})
  Destination:            inst_Programmer/inst_UART/rx_state_reg[counter][2]/CE
                            (rising edge-triggered cell FDRE clocked by sys_clk_pin  {rise@0.000ns fall@5.000ns period=10.000ns})
  Path Group:             sys_clk_pin
  Path Type:              Hold (Min at Fast Process Corner)
  Requirement:            0.000ns  (sys_clk_pin rise@0.000ns - sys_clk_pin rise@0.000ns)
  Data Path Delay:        0.424ns  (logic 0.141ns (33.289%)  route 0.283ns (66.711%))
  Logic Levels:           0  
  Clock Path Skew:        0.266ns (DCD - SCD - CPR)
    Destination Clock Delay (DCD):    1.958ns
    Source Clock Delay      (SCD):    1.443ns
    Clock Pessimism Removal (CPR):    0.249ns

    Location             Delay type                Incr(ns)  Path(ns)    Netlist Resource(s)
  -------------------------------------------------------------------    -------------------
                         (clock sys_clk_pin rise edge)
                                                      0.000     0.000 r  
    W5                                                0.000     0.000 r  clk (IN)
                         net (fo=0)                   0.000     0.000    clk
    W5                   IBUF (Prop_ibuf_I_O)         0.226     0.226 r  clk_IBUF_inst/O
                         net (fo=1, routed)           0.631     0.858    clk_IBUF
    BUFGCTRL_X0Y0        BUFG (Prop_bufg_I_O)         0.026     0.884 r  clk_IBUF_BUFG_inst/O
                         net (fo=1321, routed)        0.560     1.443    inst_Programmer/inst_UART/clk_IBUF_BUFG
    SLICE_X40Y58         FDRE                                         r  inst_Programmer/inst_UART/sample_reg/C
  -------------------------------------------------------------------    -------------------
    SLICE_X40Y58         FDRE (Prop_fdre_C_Q)         0.141     1.584 r  inst_Programmer/inst_UART/sample_reg/Q
                         net (fo=5, routed)           0.283     1.867    inst_Programmer/inst_UART/sample
    SLICE_X28Y53         FDRE                                         r  inst_Programmer/inst_UART/rx_state_reg[counter][2]/CE
  -------------------------------------------------------------------    -------------------

                         (clock sys_clk_pin rise edge)
                                                      0.000     0.000 r  
    W5                                                0.000     0.000 r  clk (IN)
                         net (fo=0)                   0.000     0.000    clk
    W5                   IBUF (Prop_ibuf_I_O)         0.414     0.414 r  clk_IBUF_inst/O
                         net (fo=1, routed)           0.685     1.099    clk_IBUF
    BUFGCTRL_X0Y0        BUFG (Prop_bufg_I_O)         0.029     1.128 r  clk_IBUF_BUFG_inst/O
                         net (fo=1321, routed)        0.831     1.958    inst_Programmer/inst_UART/clk_IBUF_BUFG
    SLICE_X28Y53         FDRE                                         r  inst_Programmer/inst_UART/rx_state_reg[counter][2]/C
                         clock pessimism             -0.249     1.709    
    SLICE_X28Y53         FDRE (Hold_fdre_C_CE)       -0.039     1.670    inst_Programmer/inst_UART/rx_state_reg[counter][2]
  -------------------------------------------------------------------
                         required time                         -1.670    
                         arrival time                           1.867    
  -------------------------------------------------------------------
                         slack                                  0.197    

Slack (MET) :             0.197ns  (arrival time - required time)
  Source:                 inst_Programmer/inst_UART/sample_reg/C
                            (rising edge-triggered cell FDRE clocked by sys_clk_pin  {rise@0.000ns fall@5.000ns period=10.000ns})
  Destination:            inst_Programmer/inst_UART/rx_state_reg[counter][3]/CE
                            (rising edge-triggered cell FDRE clocked by sys_clk_pin  {rise@0.000ns fall@5.000ns period=10.000ns})
  Path Group:             sys_clk_pin
  Path Type:              Hold (Min at Fast Process Corner)
  Requirement:            0.000ns  (sys_clk_pin rise@0.000ns - sys_clk_pin rise@0.000ns)
  Data Path Delay:        0.424ns  (logic 0.141ns (33.289%)  route 0.283ns (66.711%))
  Logic Levels:           0  
  Clock Path Skew:        0.266ns (DCD - SCD - CPR)
    Destination Clock Delay (DCD):    1.958ns
    Source Clock Delay      (SCD):    1.443ns
    Clock Pessimism Removal (CPR):    0.249ns

    Location             Delay type                Incr(ns)  Path(ns)    Netlist Resource(s)
  -------------------------------------------------------------------    -------------------
                         (clock sys_clk_pin rise edge)
                                                      0.000     0.000 r  
    W5                                                0.000     0.000 r  clk (IN)
                         net (fo=0)                   0.000     0.000    clk
    W5                   IBUF (Prop_ibuf_I_O)         0.226     0.226 r  clk_IBUF_inst/O
                         net (fo=1, routed)           0.631     0.858    clk_IBUF
    BUFGCTRL_X0Y0        BUFG (Prop_bufg_I_O)         0.026     0.884 r  clk_IBUF_BUFG_inst/O
                         net (fo=1321, routed)        0.560     1.443    inst_Programmer/inst_UART/clk_IBUF_BUFG
    SLICE_X40Y58         FDRE                                         r  inst_Programmer/inst_UART/sample_reg/C
  -------------------------------------------------------------------    -------------------
    SLICE_X40Y58         FDRE (Prop_fdre_C_Q)         0.141     1.584 r  inst_Programmer/inst_UART/sample_reg/Q
                         net (fo=5, routed)           0.283     1.867    inst_Programmer/inst_UART/sample
    SLICE_X28Y53         FDRE                                         r  inst_Programmer/inst_UART/rx_state_reg[counter][3]/CE
  -------------------------------------------------------------------    -------------------

                         (clock sys_clk_pin rise edge)
                                                      0.000     0.000 r  
    W5                                                0.000     0.000 r  clk (IN)
                         net (fo=0)                   0.000     0.000    clk
    W5                   IBUF (Prop_ibuf_I_O)         0.414     0.414 r  clk_IBUF_inst/O
                         net (fo=1, routed)           0.685     1.099    clk_IBUF
    BUFGCTRL_X0Y0        BUFG (Prop_bufg_I_O)         0.029     1.128 r  clk_IBUF_BUFG_inst/O
                         net (fo=1321, routed)        0.831     1.958    inst_Programmer/inst_UART/clk_IBUF_BUFG
    SLICE_X28Y53         FDRE                                         r  inst_Programmer/inst_UART/rx_state_reg[counter][3]/C
                         clock pessimism             -0.249     1.709    
    SLICE_X28Y53         FDRE (Hold_fdre_C_CE)       -0.039     1.670    inst_Programmer/inst_UART/rx_state_reg[counter][3]
  -------------------------------------------------------------------
                         required time                         -1.670    
                         arrival time                           1.867    
  -------------------------------------------------------------------
                         slack                                  0.197    

Slack (MET) :             0.205ns  (arrival time - required time)
  Source:                 inst_Programmer/inst_UART/rx_state_reg[bits][7]/C
                            (rising edge-triggered cell FDRE clocked by sys_clk_pin  {rise@0.000ns fall@5.000ns period=10.000ns})
  Destination:            inst_Programmer/inst_UART/rx_state_reg[bits][6]/D
                            (rising edge-triggered cell FDRE clocked by sys_clk_pin  {rise@0.000ns fall@5.000ns period=10.000ns})
  Path Group:             sys_clk_pin
  Path Type:              Hold (Min at Fast Process Corner)
  Requirement:            0.000ns  (sys_clk_pin rise@0.000ns - sys_clk_pin rise@0.000ns)
  Data Path Delay:        0.538ns  (logic 0.141ns (26.191%)  route 0.397ns (73.809%))
  Logic Levels:           0  
  Clock Path Skew:        0.264ns (DCD - SCD - CPR)
    Destination Clock Delay (DCD):    1.957ns
    Source Clock Delay      (SCD):    1.444ns
    Clock Pessimism Removal (CPR):    0.249ns

    Location             Delay type                Incr(ns)  Path(ns)    Netlist Resource(s)
  -------------------------------------------------------------------    -------------------
                         (clock sys_clk_pin rise edge)
                                                      0.000     0.000 r  
    W5                                                0.000     0.000 r  clk (IN)
                         net (fo=0)                   0.000     0.000    clk
    W5                   IBUF (Prop_ibuf_I_O)         0.226     0.226 r  clk_IBUF_inst/O
                         net (fo=1, routed)           0.631     0.858    clk_IBUF
    BUFGCTRL_X0Y0        BUFG (Prop_bufg_I_O)         0.026     0.884 r  clk_IBUF_BUFG_inst/O
                         net (fo=1321, routed)        0.561     1.444    inst_Programmer/inst_UART/clk_IBUF_BUFG
    SLICE_X33Y54         FDRE                                         r  inst_Programmer/inst_UART/rx_state_reg[bits][7]/C
  -------------------------------------------------------------------    -------------------
    SLICE_X33Y54         FDRE (Prop_fdre_C_Q)         0.141     1.585 r  inst_Programmer/inst_UART/rx_state_reg[bits][7]/Q
                         net (fo=6, routed)           0.397     1.983    inst_Programmer/inst_UART/rx_data[7]
    SLICE_X36Y53         FDRE                                         r  inst_Programmer/inst_UART/rx_state_reg[bits][6]/D
  -------------------------------------------------------------------    -------------------

                         (clock sys_clk_pin rise edge)
                                                      0.000     0.000 r  
    W5                                                0.000     0.000 r  clk (IN)
                         net (fo=0)                   0.000     0.000    clk
    W5                   IBUF (Prop_ibuf_I_O)         0.414     0.414 r  clk_IBUF_inst/O
                         net (fo=1, routed)           0.685     1.099    clk_IBUF
    BUFGCTRL_X0Y0        BUFG (Prop_bufg_I_O)         0.029     1.128 r  clk_IBUF_BUFG_inst/O
                         net (fo=1321, routed)        0.829     1.957    inst_Programmer/inst_UART/clk_IBUF_BUFG
    SLICE_X36Y53         FDRE                                         r  inst_Programmer/inst_UART/rx_state_reg[bits][6]/C
                         clock pessimism             -0.249     1.708    
    SLICE_X36Y53         FDRE (Hold_fdre_C_D)         0.070     1.778    inst_Programmer/inst_UART/rx_state_reg[bits][6]
  -------------------------------------------------------------------
                         required time                         -1.778    
                         arrival time                           1.983    
  -------------------------------------------------------------------
                         slack                                  0.205    

Slack (MET) :             0.210ns  (arrival time - required time)
  Source:                 inst_Programmer/inst_UART/sample_counter_reg[2]/C
                            (rising edge-triggered cell FDRE clocked by sys_clk_pin  {rise@0.000ns fall@5.000ns period=10.000ns})
  Destination:            inst_Programmer/inst_UART/sample_counter_reg[3]/D
                            (rising edge-triggered cell FDRE clocked by sys_clk_pin  {rise@0.000ns fall@5.000ns period=10.000ns})
  Path Group:             sys_clk_pin
  Path Type:              Hold (Min at Fast Process Corner)
  Requirement:            0.000ns  (sys_clk_pin rise@0.000ns - sys_clk_pin rise@0.000ns)
  Data Path Delay:        0.330ns  (logic 0.189ns (57.238%)  route 0.141ns (42.762%))
  Logic Levels:           1  (LUT4=1)
  Clock Path Skew:        0.013ns (DCD - SCD - CPR)
    Destination Clock Delay (DCD):    1.957ns
    Source Clock Delay      (SCD):    1.443ns
    Clock Pessimism Removal (CPR):    0.501ns

    Location             Delay type                Incr(ns)  Path(ns)    Netlist Resource(s)
  -------------------------------------------------------------------    -------------------
                         (clock sys_clk_pin rise edge)
                                                      0.000     0.000 r  
    W5                                                0.000     0.000 r  clk (IN)
                         net (fo=0)                   0.000     0.000    clk
    W5                   IBUF (Prop_ibuf_I_O)         0.226     0.226 r  clk_IBUF_inst/O
                         net (fo=1, routed)           0.631     0.858    clk_IBUF
    BUFGCTRL_X0Y0        BUFG (Prop_bufg_I_O)         0.026     0.884 r  clk_IBUF_BUFG_inst/O
                         net (fo=1321, routed)        0.560     1.443    inst_Programmer/inst_UART/clk_IBUF_BUFG
    SLICE_X40Y58         FDRE                                         r  inst_Programmer/inst_UART/sample_counter_reg[2]/C
  -------------------------------------------------------------------    -------------------
    SLICE_X40Y58         FDRE (Prop_fdre_C_Q)         0.141     1.584 r  inst_Programmer/inst_UART/sample_counter_reg[2]/Q
                         net (fo=6, routed)           0.141     1.725    inst_Programmer/inst_UART/sample_counter_reg[2]
    SLICE_X41Y58         LUT4 (Prop_lut4_I3_O)        0.048     1.773 r  inst_Programmer/inst_UART/sample_counter[3]_i_1/O
                         net (fo=1, routed)           0.000     1.773    inst_Programmer/inst_UART/p_0_in[3]
    SLICE_X41Y58         FDRE                                         r  inst_Programmer/inst_UART/sample_counter_reg[3]/D
  -------------------------------------------------------------------    -------------------

                         (clock sys_clk_pin rise edge)
                                                      0.000     0.000 r  
    W5                                                0.000     0.000 r  clk (IN)
                         net (fo=0)                   0.000     0.000    clk
    W5                   IBUF (Prop_ibuf_I_O)         0.414     0.414 r  clk_IBUF_inst/O
                         net (fo=1, routed)           0.685     1.099    clk_IBUF
    BUFGCTRL_X0Y0        BUFG (Prop_bufg_I_O)         0.029     1.128 r  clk_IBUF_BUFG_inst/O
                         net (fo=1321, routed)        0.830     1.957    inst_Programmer/inst_UART/clk_IBUF_BUFG
    SLICE_X41Y58         FDRE                                         r  inst_Programmer/inst_UART/sample_counter_reg[3]/C
                         clock pessimism             -0.501     1.456    
    SLICE_X41Y58         FDRE (Hold_fdre_C_D)         0.107     1.563    inst_Programmer/inst_UART/sample_counter_reg[3]
  -------------------------------------------------------------------
                         required time                         -1.563    
                         arrival time                           1.773    
  -------------------------------------------------------------------
                         slack                                  0.210    

Slack (MET) :             0.223ns  (arrival time - required time)
  Source:                 inst_Programmer/inst_UART/sample_counter_reg[2]/C
                            (rising edge-triggered cell FDRE clocked by sys_clk_pin  {rise@0.000ns fall@5.000ns period=10.000ns})
  Destination:            inst_Programmer/inst_UART/sample_counter_reg[1]/D
                            (rising edge-triggered cell FDRE clocked by sys_clk_pin  {rise@0.000ns fall@5.000ns period=10.000ns})
  Path Group:             sys_clk_pin
  Path Type:              Hold (Min at Fast Process Corner)
  Requirement:            0.000ns  (sys_clk_pin rise@0.000ns - sys_clk_pin rise@0.000ns)
  Data Path Delay:        0.328ns  (logic 0.186ns (56.673%)  route 0.142ns (43.327%))
  Logic Levels:           1  (LUT6=1)
  Clock Path Skew:        0.013ns (DCD - SCD - CPR)
    Destination Clock Delay (DCD):    1.957ns
    Source Clock Delay      (SCD):    1.443ns
    Clock Pessimism Removal (CPR):    0.501ns

    Location             Delay type                Incr(ns)  Path(ns)    Netlist Resource(s)
  -------------------------------------------------------------------    -------------------
                         (clock sys_clk_pin rise edge)
                                                      0.000     0.000 r  
    W5                                                0.000     0.000 r  clk (IN)
                         net (fo=0)                   0.000     0.000    clk
    W5                   IBUF (Prop_ibuf_I_O)         0.226     0.226 r  clk_IBUF_inst/O
                         net (fo=1, routed)           0.631     0.858    clk_IBUF
    BUFGCTRL_X0Y0        BUFG (Prop_bufg_I_O)         0.026     0.884 r  clk_IBUF_BUFG_inst/O
                         net (fo=1321, routed)        0.560     1.443    inst_Programmer/inst_UART/clk_IBUF_BUFG
    SLICE_X40Y58         FDRE                                         r  inst_Programmer/inst_UART/sample_counter_reg[2]/C
  -------------------------------------------------------------------    -------------------
    SLICE_X40Y58         FDRE (Prop_fdre_C_Q)         0.141     1.584 f  inst_Programmer/inst_UART/sample_counter_reg[2]/Q
                         net (fo=6, routed)           0.142     1.726    inst_Programmer/inst_UART/sample_counter_reg[2]
    SLICE_X41Y58         LUT6 (Prop_lut6_I0_O)        0.045     1.771 r  inst_Programmer/inst_UART/sample_counter[1]_i_1/O
                         net (fo=1, routed)           0.000     1.771    inst_Programmer/inst_UART/p_0_in[1]
    SLICE_X41Y58         FDRE                                         r  inst_Programmer/inst_UART/sample_counter_reg[1]/D
  -------------------------------------------------------------------    -------------------

                         (clock sys_clk_pin rise edge)
                                                      0.000     0.000 r  
    W5                                                0.000     0.000 r  clk (IN)
                         net (fo=0)                   0.000     0.000    clk
    W5                   IBUF (Prop_ibuf_I_O)         0.414     0.414 r  clk_IBUF_inst/O
                         net (fo=1, routed)           0.685     1.099    clk_IBUF
    BUFGCTRL_X0Y0        BUFG (Prop_bufg_I_O)         0.029     1.128 r  clk_IBUF_BUFG_inst/O
                         net (fo=1321, routed)        0.830     1.957    inst_Programmer/inst_UART/clk_IBUF_BUFG
    SLICE_X41Y58         FDRE                                         r  inst_Programmer/inst_UART/sample_counter_reg[1]/C
                         clock pessimism             -0.501     1.456    
    SLICE_X41Y58         FDRE (Hold_fdre_C_D)         0.092     1.548    inst_Programmer/inst_UART/sample_counter_reg[1]
  -------------------------------------------------------------------
                         required time                         -1.548    
                         arrival time                           1.771    
  -------------------------------------------------------------------
                         slack                                  0.223    

Slack (MET) :             0.235ns  (arrival time - required time)
  Source:                 inst_Programmer/inst_UART/sample_counter_reg[5]/C
                            (rising edge-triggered cell FDRE clocked by sys_clk_pin  {rise@0.000ns fall@5.000ns period=10.000ns})
  Destination:            inst_Programmer/inst_UART/sample_counter_reg[4]/D
                            (rising edge-triggered cell FDRE clocked by sys_clk_pin  {rise@0.000ns fall@5.000ns period=10.000ns})
  Path Group:             sys_clk_pin
  Path Type:              Hold (Min at Fast Process Corner)
  Requirement:            0.000ns  (sys_clk_pin rise@0.000ns - sys_clk_pin rise@0.000ns)
  Data Path Delay:        0.327ns  (logic 0.186ns (56.825%)  route 0.141ns (43.175%))
  Logic Levels:           1  (LUT6=1)
  Clock Path Skew:        0.000ns (DCD - SCD - CPR)
    Destination Clock Delay (DCD):    1.957ns
    Source Clock Delay      (SCD):    1.443ns
    Clock Pessimism Removal (CPR):    0.514ns

    Location             Delay type                Incr(ns)  Path(ns)    Netlist Resource(s)
  -------------------------------------------------------------------    -------------------
                         (clock sys_clk_pin rise edge)
                                                      0.000     0.000 r  
    W5                                                0.000     0.000 r  clk (IN)
                         net (fo=0)                   0.000     0.000    clk
    W5                   IBUF (Prop_ibuf_I_O)         0.226     0.226 r  clk_IBUF_inst/O
                         net (fo=1, routed)           0.631     0.858    clk_IBUF
    BUFGCTRL_X0Y0        BUFG (Prop_bufg_I_O)         0.026     0.884 r  clk_IBUF_BUFG_inst/O
                         net (fo=1321, routed)        0.560     1.443    inst_Programmer/inst_UART/clk_IBUF_BUFG
    SLICE_X41Y58         FDRE                                         r  inst_Programmer/inst_UART/sample_counter_reg[5]/C
  -------------------------------------------------------------------    -------------------
    SLICE_X41Y58         FDRE (Prop_fdre_C_Q)         0.141     1.584 f  inst_Programmer/inst_UART/sample_counter_reg[5]/Q
                         net (fo=5, routed)           0.141     1.726    inst_Programmer/inst_UART/sample_counter_reg[5]
    SLICE_X41Y58         LUT6 (Prop_lut6_I4_O)        0.045     1.771 r  inst_Programmer/inst_UART/sample_counter[4]_i_1/O
                         net (fo=1, routed)           0.000     1.771    inst_Programmer/inst_UART/p_0_in[4]
    SLICE_X41Y58         FDRE                                         r  inst_Programmer/inst_UART/sample_counter_reg[4]/D
  -------------------------------------------------------------------    -------------------

                         (clock sys_clk_pin rise edge)
                                                      0.000     0.000 r  
    W5                                                0.000     0.000 r  clk (IN)
                         net (fo=0)                   0.000     0.000    clk
    W5                   IBUF (Prop_ibuf_I_O)         0.414     0.414 r  clk_IBUF_inst/O
                         net (fo=1, routed)           0.685     1.099    clk_IBUF
    BUFGCTRL_X0Y0        BUFG (Prop_bufg_I_O)         0.029     1.128 r  clk_IBUF_BUFG_inst/O
                         net (fo=1321, routed)        0.830     1.957    inst_Programmer/inst_UART/clk_IBUF_BUFG
    SLICE_X41Y58         FDRE                                         r  inst_Programmer/inst_UART/sample_counter_reg[4]/C
                         clock pessimism             -0.514     1.443    
    SLICE_X41Y58         FDRE (Hold_fdre_C_D)         0.092     1.535    inst_Programmer/inst_UART/sample_counter_reg[4]
  -------------------------------------------------------------------
                         required time                         -1.535    
                         arrival time                           1.771    
  -------------------------------------------------------------------
                         slack                                  0.235    





Pulse Width Checks
--------------------------------------------------------------------------------------
Clock Name:         sys_clk_pin
Waveform(ns):       { 0.000 5.000 }
Period(ns):         10.000
Sources:            { clk }

Check Type        Corner  Lib Pin      Reference Pin  Required(ns)  Actual(ns)  Slack(ns)  Location       Pin
Min Period        n/a     BUFG/I       n/a            2.155         10.000      7.845      BUFGCTRL_X0Y0  clk_IBUF_BUFG_inst/I
Min Period        n/a     FDRE/C       n/a            1.000         10.000      9.000      SLICE_X28Y40   inst_Clock_Divider/clock_divide_counter_reg[0]/C
Min Period        n/a     FDRE/C       n/a            1.000         10.000      9.000      SLICE_X28Y42   inst_Clock_Divider/clock_divide_counter_reg[10]/C
Min Period        n/a     FDRE/C       n/a            1.000         10.000      9.000      SLICE_X28Y42   inst_Clock_Divider/clock_divide_counter_reg[11]/C
Min Period        n/a     FDRE/C       n/a            1.000         10.000      9.000      SLICE_X28Y43   inst_Clock_Divider/clock_divide_counter_reg[12]/C
Min Period        n/a     FDRE/C       n/a            1.000         10.000      9.000      SLICE_X28Y43   inst_Clock_Divider/clock_divide_counter_reg[13]/C
Min Period        n/a     FDRE/C       n/a            1.000         10.000      9.000      SLICE_X28Y43   inst_Clock_Divider/clock_divide_counter_reg[14]/C
Min Period        n/a     FDRE/C       n/a            1.000         10.000      9.000      SLICE_X28Y43   inst_Clock_Divider/clock_divide_counter_reg[15]/C
Min Period        n/a     FDRE/C       n/a            1.000         10.000      9.000      SLICE_X28Y44   inst_Clock_Divider/clock_divide_counter_reg[16]/C
Min Period        n/a     FDRE/C       n/a            1.000         10.000      9.000      SLICE_X28Y44   inst_Clock_Divider/clock_divide_counter_reg[17]/C
Low Pulse Width   Slow    RAMS64E/CLK  n/a            1.250         5.000       3.750      SLICE_X46Y41   inst_ROM/memory_reg_1280_1535_34_34/RAMS64E_A/CLK
Low Pulse Width   Slow    RAMS64E/CLK  n/a            1.250         5.000       3.750      SLICE_X46Y41   inst_ROM/memory_reg_1280_1535_34_34/RAMS64E_B/CLK
Low Pulse Width   Slow    RAMS64E/CLK  n/a            1.250         5.000       3.750      SLICE_X46Y41   inst_ROM/memory_reg_1280_1535_34_34/RAMS64E_C/CLK
Low Pulse Width   Slow    RAMS64E/CLK  n/a            1.250         5.000       3.750      SLICE_X46Y41   inst_ROM/memory_reg_1280_1535_34_34/RAMS64E_D/CLK
Low Pulse Width   Slow    RAMS64E/CLK  n/a            1.250         5.000       3.750      SLICE_X60Y60   inst_ROM/memory_reg_3840_4095_29_29/RAMS64E_A/CLK
Low Pulse Width   Slow    RAMS64E/CLK  n/a            1.250         5.000       3.750      SLICE_X60Y60   inst_ROM/memory_reg_3840_4095_29_29/RAMS64E_B/CLK
Low Pulse Width   Slow    RAMS64E/CLK  n/a            1.250         5.000       3.750      SLICE_X60Y60   inst_ROM/memory_reg_3840_4095_29_29/RAMS64E_C/CLK
Low Pulse Width   Slow    RAMS64E/CLK  n/a            1.250         5.000       3.750      SLICE_X60Y60   inst_ROM/memory_reg_3840_4095_29_29/RAMS64E_D/CLK
Low Pulse Width   Slow    RAMS64E/CLK  n/a            1.250         5.000       3.750      SLICE_X30Y44   inst_ROM/memory_reg_1280_1535_35_35/RAMS64E_A/CLK
Low Pulse Width   Slow    RAMS64E/CLK  n/a            1.250         5.000       3.750      SLICE_X30Y44   inst_ROM/memory_reg_1280_1535_35_35/RAMS64E_B/CLK
High Pulse Width  Slow    RAMS64E/CLK  n/a            1.250         5.000       3.750      SLICE_X34Y36   inst_ROM/memory_reg_1280_1535_33_33/RAMS64E_B/CLK
High Pulse Width  Slow    RAMS64E/CLK  n/a            1.250         5.000       3.750      SLICE_X34Y36   inst_ROM/memory_reg_1280_1535_33_33/RAMS64E_C/CLK
High Pulse Width  Slow    RAMS64E/CLK  n/a            1.250         5.000       3.750      SLICE_X34Y36   inst_ROM/memory_reg_1280_1535_33_33/RAMS64E_D/CLK
High Pulse Width  Slow    RAMS64E/CLK  n/a            1.250         5.000       3.750      SLICE_X60Y44   inst_ROM/memory_reg_1792_2047_27_27/RAMS64E_D/CLK
High Pulse Width  Slow    RAMS64E/CLK  n/a            1.250         5.000       3.750      SLICE_X60Y48   inst_ROM/memory_reg_1792_2047_28_28/RAMS64E_A/CLK
High Pulse Width  Slow    RAMS64E/CLK  n/a            1.250         5.000       3.750      SLICE_X60Y48   inst_ROM/memory_reg_1792_2047_28_28/RAMS64E_B/CLK
High Pulse Width  Slow    RAMS64E/CLK  n/a            1.250         5.000       3.750      SLICE_X60Y48   inst_ROM/memory_reg_1792_2047_28_28/RAMS64E_C/CLK
High Pulse Width  Slow    RAMS64E/CLK  n/a            1.250         5.000       3.750      SLICE_X60Y48   inst_ROM/memory_reg_1792_2047_28_28/RAMS64E_D/CLK
High Pulse Width  Slow    RAMS64E/CLK  n/a            1.250         5.000       3.750      SLICE_X56Y59   inst_ROM/memory_reg_1792_2047_29_29/RAMS64E_A/CLK
High Pulse Width  Slow    RAMS64E/CLK  n/a            1.250         5.000       3.750      SLICE_X46Y58   inst_ROM/memory_reg_2304_2559_31_31/RAMS64E_A/CLK



