
*** Running vivado
    with args -log Basys3.vdi -applog -m64 -product Vivado -messageDb vivado.pb -mode batch -source Basys3.tcl -notrace


****** Vivado v2019.2 (64-bit)
  **** SW Build 2708876 on Wed Nov  6 21:40:23 MST 2019
  **** IP Build 2700528 on Thu Nov  7 00:09:20 MST 2019
    ** Copyright 1986-2019 Xilinx, Inc. All Rights Reserved.

source Basys3.tcl -notrace
Command: link_design -top Basys3 -part xc7a35tcpg236-1
Design is defaulting to srcset: sources_1
Design is defaulting to constrset: constrs_1
INFO: [Device 21-403] Loading part xc7a35tcpg236-1
Netlist sorting complete. Time (s): cpu = 00:00:00 ; elapsed = 00:00:00.021 . Memory (MB): peak = 538.133 ; gain = 0.000
INFO: [Netlist 29-17] Analyzing 709 Unisim elements for replacement
INFO: [Netlist 29-28] Unisim Transformation completed in 1 CPU seconds
INFO: [Project 1-479] Netlist was created with Vivado 2019.2
INFO: [Project 1-570] Preparing netlist for logic optimization
Parsing XDC File [C:/Users/Sebastian/Desktop/Material UC/2021-2/Arqui/IIC2343-Proyecto-G11/Proyecto Base/Proyecto Base.srcs/constrs_1/new/Basys3.xdc]
WARNING: [Vivado 12-584] No ports matched 'lcd[0]'. [C:/Users/Sebastian/Desktop/Material UC/2021-2/Arqui/IIC2343-Proyecto-G11/Proyecto Base/Proyecto Base.srcs/constrs_1/new/Basys3.xdc:146]
CRITICAL WARNING: [Common 17-55] 'set_property' expects at least one object. [C:/Users/Sebastian/Desktop/Material UC/2021-2/Arqui/IIC2343-Proyecto-G11/Proyecto Base/Proyecto Base.srcs/constrs_1/new/Basys3.xdc:146]
Resolution: If [get_<value>] was used to populate the object, check to make sure this command returns at least one valid object.
WARNING: [Vivado 12-584] No ports matched 'lcd[0]'. [C:/Users/Sebastian/Desktop/Material UC/2021-2/Arqui/IIC2343-Proyecto-G11/Proyecto Base/Proyecto Base.srcs/constrs_1/new/Basys3.xdc:147]
CRITICAL WARNING: [Common 17-55] 'set_property' expects at least one object. [C:/Users/Sebastian/Desktop/Material UC/2021-2/Arqui/IIC2343-Proyecto-G11/Proyecto Base/Proyecto Base.srcs/constrs_1/new/Basys3.xdc:147]
Resolution: If [get_<value>] was used to populate the object, check to make sure this command returns at least one valid object.
WARNING: [Vivado 12-584] No ports matched 'lcd[1]'. [C:/Users/Sebastian/Desktop/Material UC/2021-2/Arqui/IIC2343-Proyecto-G11/Proyecto Base/Proyecto Base.srcs/constrs_1/new/Basys3.xdc:149]
CRITICAL WARNING: [Common 17-55] 'set_property' expects at least one object. [C:/Users/Sebastian/Desktop/Material UC/2021-2/Arqui/IIC2343-Proyecto-G11/Proyecto Base/Proyecto Base.srcs/constrs_1/new/Basys3.xdc:149]
Resolution: If [get_<value>] was used to populate the object, check to make sure this command returns at least one valid object.
WARNING: [Vivado 12-584] No ports matched 'lcd[1]'. [C:/Users/Sebastian/Desktop/Material UC/2021-2/Arqui/IIC2343-Proyecto-G11/Proyecto Base/Proyecto Base.srcs/constrs_1/new/Basys3.xdc:150]
CRITICAL WARNING: [Common 17-55] 'set_property' expects at least one object. [C:/Users/Sebastian/Desktop/Material UC/2021-2/Arqui/IIC2343-Proyecto-G11/Proyecto Base/Proyecto Base.srcs/constrs_1/new/Basys3.xdc:150]
Resolution: If [get_<value>] was used to populate the object, check to make sure this command returns at least one valid object.
WARNING: [Vivado 12-584] No ports matched 'lcd[2]'. [C:/Users/Sebastian/Desktop/Material UC/2021-2/Arqui/IIC2343-Proyecto-G11/Proyecto Base/Proyecto Base.srcs/constrs_1/new/Basys3.xdc:152]
CRITICAL WARNING: [Common 17-55] 'set_property' expects at least one object. [C:/Users/Sebastian/Desktop/Material UC/2021-2/Arqui/IIC2343-Proyecto-G11/Proyecto Base/Proyecto Base.srcs/constrs_1/new/Basys3.xdc:152]
Resolution: If [get_<value>] was used to populate the object, check to make sure this command returns at least one valid object.
WARNING: [Vivado 12-584] No ports matched 'lcd[2]'. [C:/Users/Sebastian/Desktop/Material UC/2021-2/Arqui/IIC2343-Proyecto-G11/Proyecto Base/Proyecto Base.srcs/constrs_1/new/Basys3.xdc:153]
CRITICAL WARNING: [Common 17-55] 'set_property' expects at least one object. [C:/Users/Sebastian/Desktop/Material UC/2021-2/Arqui/IIC2343-Proyecto-G11/Proyecto Base/Proyecto Base.srcs/constrs_1/new/Basys3.xdc:153]
Resolution: If [get_<value>] was used to populate the object, check to make sure this command returns at least one valid object.
WARNING: [Vivado 12-584] No ports matched 'lcd[3]'. [C:/Users/Sebastian/Desktop/Material UC/2021-2/Arqui/IIC2343-Proyecto-G11/Proyecto Base/Proyecto Base.srcs/constrs_1/new/Basys3.xdc:155]
CRITICAL WARNING: [Common 17-55] 'set_property' expects at least one object. [C:/Users/Sebastian/Desktop/Material UC/2021-2/Arqui/IIC2343-Proyecto-G11/Proyecto Base/Proyecto Base.srcs/constrs_1/new/Basys3.xdc:155]
Resolution: If [get_<value>] was used to populate the object, check to make sure this command returns at least one valid object.
WARNING: [Vivado 12-584] No ports matched 'lcd[3]'. [C:/Users/Sebastian/Desktop/Material UC/2021-2/Arqui/IIC2343-Proyecto-G11/Proyecto Base/Proyecto Base.srcs/constrs_1/new/Basys3.xdc:156]
CRITICAL WARNING: [Common 17-55] 'set_property' expects at least one object. [C:/Users/Sebastian/Desktop/Material UC/2021-2/Arqui/IIC2343-Proyecto-G11/Proyecto Base/Proyecto Base.srcs/constrs_1/new/Basys3.xdc:156]
Resolution: If [get_<value>] was used to populate the object, check to make sure this command returns at least one valid object.
WARNING: [Vivado 12-584] No ports matched 'lcd[4]'. [C:/Users/Sebastian/Desktop/Material UC/2021-2/Arqui/IIC2343-Proyecto-G11/Proyecto Base/Proyecto Base.srcs/constrs_1/new/Basys3.xdc:158]
CRITICAL WARNING: [Common 17-55] 'set_property' expects at least one object. [C:/Users/Sebastian/Desktop/Material UC/2021-2/Arqui/IIC2343-Proyecto-G11/Proyecto Base/Proyecto Base.srcs/constrs_1/new/Basys3.xdc:158]
Resolution: If [get_<value>] was used to populate the object, check to make sure this command returns at least one valid object.
WARNING: [Vivado 12-584] No ports matched 'lcd[4]'. [C:/Users/Sebastian/Desktop/Material UC/2021-2/Arqui/IIC2343-Proyecto-G11/Proyecto Base/Proyecto Base.srcs/constrs_1/new/Basys3.xdc:159]
CRITICAL WARNING: [Common 17-55] 'set_property' expects at least one object. [C:/Users/Sebastian/Desktop/Material UC/2021-2/Arqui/IIC2343-Proyecto-G11/Proyecto Base/Proyecto Base.srcs/constrs_1/new/Basys3.xdc:159]
Resolution: If [get_<value>] was used to populate the object, check to make sure this command returns at least one valid object.
WARNING: [Vivado 12-584] No ports matched 'lcd[5]'. [C:/Users/Sebastian/Desktop/Material UC/2021-2/Arqui/IIC2343-Proyecto-G11/Proyecto Base/Proyecto Base.srcs/constrs_1/new/Basys3.xdc:161]
CRITICAL WARNING: [Common 17-55] 'set_property' expects at least one object. [C:/Users/Sebastian/Desktop/Material UC/2021-2/Arqui/IIC2343-Proyecto-G11/Proyecto Base/Proyecto Base.srcs/constrs_1/new/Basys3.xdc:161]
Resolution: If [get_<value>] was used to populate the object, check to make sure this command returns at least one valid object.
WARNING: [Vivado 12-584] No ports matched 'lcd[5]'. [C:/Users/Sebastian/Desktop/Material UC/2021-2/Arqui/IIC2343-Proyecto-G11/Proyecto Base/Proyecto Base.srcs/constrs_1/new/Basys3.xdc:162]
CRITICAL WARNING: [Common 17-55] 'set_property' expects at least one object. [C:/Users/Sebastian/Desktop/Material UC/2021-2/Arqui/IIC2343-Proyecto-G11/Proyecto Base/Proyecto Base.srcs/constrs_1/new/Basys3.xdc:162]
Resolution: If [get_<value>] was used to populate the object, check to make sure this command returns at least one valid object.
WARNING: [Vivado 12-584] No ports matched 'lcd[6]'. [C:/Users/Sebastian/Desktop/Material UC/2021-2/Arqui/IIC2343-Proyecto-G11/Proyecto Base/Proyecto Base.srcs/constrs_1/new/Basys3.xdc:164]
CRITICAL WARNING: [Common 17-55] 'set_property' expects at least one object. [C:/Users/Sebastian/Desktop/Material UC/2021-2/Arqui/IIC2343-Proyecto-G11/Proyecto Base/Proyecto Base.srcs/constrs_1/new/Basys3.xdc:164]
Resolution: If [get_<value>] was used to populate the object, check to make sure this command returns at least one valid object.
WARNING: [Vivado 12-584] No ports matched 'lcd[6]'. [C:/Users/Sebastian/Desktop/Material UC/2021-2/Arqui/IIC2343-Proyecto-G11/Proyecto Base/Proyecto Base.srcs/constrs_1/new/Basys3.xdc:165]
CRITICAL WARNING: [Common 17-55] 'set_property' expects at least one object. [C:/Users/Sebastian/Desktop/Material UC/2021-2/Arqui/IIC2343-Proyecto-G11/Proyecto Base/Proyecto Base.srcs/constrs_1/new/Basys3.xdc:165]
Resolution: If [get_<value>] was used to populate the object, check to make sure this command returns at least one valid object.
WARNING: [Vivado 12-584] No ports matched 'lcd[7]'. [C:/Users/Sebastian/Desktop/Material UC/2021-2/Arqui/IIC2343-Proyecto-G11/Proyecto Base/Proyecto Base.srcs/constrs_1/new/Basys3.xdc:167]
CRITICAL WARNING: [Common 17-55] 'set_property' expects at least one object. [C:/Users/Sebastian/Desktop/Material UC/2021-2/Arqui/IIC2343-Proyecto-G11/Proyecto Base/Proyecto Base.srcs/constrs_1/new/Basys3.xdc:167]
Resolution: If [get_<value>] was used to populate the object, check to make sure this command returns at least one valid object.
WARNING: [Vivado 12-584] No ports matched 'lcd[7]'. [C:/Users/Sebastian/Desktop/Material UC/2021-2/Arqui/IIC2343-Proyecto-G11/Proyecto Base/Proyecto Base.srcs/constrs_1/new/Basys3.xdc:168]
CRITICAL WARNING: [Common 17-55] 'set_property' expects at least one object. [C:/Users/Sebastian/Desktop/Material UC/2021-2/Arqui/IIC2343-Proyecto-G11/Proyecto Base/Proyecto Base.srcs/constrs_1/new/Basys3.xdc:168]
Resolution: If [get_<value>] was used to populate the object, check to make sure this command returns at least one valid object.
WARNING: [Vivado 12-584] No ports matched 'JC[0]'. [C:/Users/Sebastian/Desktop/Material UC/2021-2/Arqui/IIC2343-Proyecto-G11/Proyecto Base/Proyecto Base.srcs/constrs_1/new/Basys3.xdc:174]
CRITICAL WARNING: [Common 17-55] 'set_property' expects at least one object. [C:/Users/Sebastian/Desktop/Material UC/2021-2/Arqui/IIC2343-Proyecto-G11/Proyecto Base/Proyecto Base.srcs/constrs_1/new/Basys3.xdc:174]
Resolution: If [get_<value>] was used to populate the object, check to make sure this command returns at least one valid object.
WARNING: [Vivado 12-584] No ports matched 'JC[0]'. [C:/Users/Sebastian/Desktop/Material UC/2021-2/Arqui/IIC2343-Proyecto-G11/Proyecto Base/Proyecto Base.srcs/constrs_1/new/Basys3.xdc:175]
CRITICAL WARNING: [Common 17-55] 'set_property' expects at least one object. [C:/Users/Sebastian/Desktop/Material UC/2021-2/Arqui/IIC2343-Proyecto-G11/Proyecto Base/Proyecto Base.srcs/constrs_1/new/Basys3.xdc:175]
Resolution: If [get_<value>] was used to populate the object, check to make sure this command returns at least one valid object.
WARNING: [Vivado 12-584] No ports matched 'JC[0]'. [C:/Users/Sebastian/Desktop/Material UC/2021-2/Arqui/IIC2343-Proyecto-G11/Proyecto Base/Proyecto Base.srcs/constrs_1/new/Basys3.xdc:177]
CRITICAL WARNING: [Common 17-55] 'set_property' expects at least one object. [C:/Users/Sebastian/Desktop/Material UC/2021-2/Arqui/IIC2343-Proyecto-G11/Proyecto Base/Proyecto Base.srcs/constrs_1/new/Basys3.xdc:177]
Resolution: If [get_<value>] was used to populate the object, check to make sure this command returns at least one valid object.
WARNING: [Vivado 12-584] No ports matched 'JC[0]'. [C:/Users/Sebastian/Desktop/Material UC/2021-2/Arqui/IIC2343-Proyecto-G11/Proyecto Base/Proyecto Base.srcs/constrs_1/new/Basys3.xdc:178]
CRITICAL WARNING: [Common 17-55] 'set_property' expects at least one object. [C:/Users/Sebastian/Desktop/Material UC/2021-2/Arqui/IIC2343-Proyecto-G11/Proyecto Base/Proyecto Base.srcs/constrs_1/new/Basys3.xdc:178]
Resolution: If [get_<value>] was used to populate the object, check to make sure this command returns at least one valid object.
WARNING: [Vivado 12-584] No ports matched 'JC[2]'. [C:/Users/Sebastian/Desktop/Material UC/2021-2/Arqui/IIC2343-Proyecto-G11/Proyecto Base/Proyecto Base.srcs/constrs_1/new/Basys3.xdc:180]
CRITICAL WARNING: [Common 17-55] 'set_property' expects at least one object. [C:/Users/Sebastian/Desktop/Material UC/2021-2/Arqui/IIC2343-Proyecto-G11/Proyecto Base/Proyecto Base.srcs/constrs_1/new/Basys3.xdc:180]
Resolution: If [get_<value>] was used to populate the object, check to make sure this command returns at least one valid object.
WARNING: [Vivado 12-584] No ports matched 'JC[2]'. [C:/Users/Sebastian/Desktop/Material UC/2021-2/Arqui/IIC2343-Proyecto-G11/Proyecto Base/Proyecto Base.srcs/constrs_1/new/Basys3.xdc:181]
CRITICAL WARNING: [Common 17-55] 'set_property' expects at least one object. [C:/Users/Sebastian/Desktop/Material UC/2021-2/Arqui/IIC2343-Proyecto-G11/Proyecto Base/Proyecto Base.srcs/constrs_1/new/Basys3.xdc:181]
Resolution: If [get_<value>] was used to populate the object, check to make sure this command returns at least one valid object.
WARNING: [Vivado 12-584] No ports matched 'spk'. [C:/Users/Sebastian/Desktop/Material UC/2021-2/Arqui/IIC2343-Proyecto-G11/Proyecto Base/Proyecto Base.srcs/constrs_1/new/Basys3.xdc:183]
CRITICAL WARNING: [Common 17-55] 'set_property' expects at least one object. [C:/Users/Sebastian/Desktop/Material UC/2021-2/Arqui/IIC2343-Proyecto-G11/Proyecto Base/Proyecto Base.srcs/constrs_1/new/Basys3.xdc:183]
Resolution: If [get_<value>] was used to populate the object, check to make sure this command returns at least one valid object.
WARNING: [Vivado 12-584] No ports matched 'spk'. [C:/Users/Sebastian/Desktop/Material UC/2021-2/Arqui/IIC2343-Proyecto-G11/Proyecto Base/Proyecto Base.srcs/constrs_1/new/Basys3.xdc:184]
CRITICAL WARNING: [Common 17-55] 'set_property' expects at least one object. [C:/Users/Sebastian/Desktop/Material UC/2021-2/Arqui/IIC2343-Proyecto-G11/Proyecto Base/Proyecto Base.srcs/constrs_1/new/Basys3.xdc:184]
Resolution: If [get_<value>] was used to populate the object, check to make sure this command returns at least one valid object.
WARNING: [Vivado 12-584] No ports matched 'lcd[9]'. [C:/Users/Sebastian/Desktop/Material UC/2021-2/Arqui/IIC2343-Proyecto-G11/Proyecto Base/Proyecto Base.srcs/constrs_1/new/Basys3.xdc:186]
CRITICAL WARNING: [Common 17-55] 'set_property' expects at least one object. [C:/Users/Sebastian/Desktop/Material UC/2021-2/Arqui/IIC2343-Proyecto-G11/Proyecto Base/Proyecto Base.srcs/constrs_1/new/Basys3.xdc:186]
Resolution: If [get_<value>] was used to populate the object, check to make sure this command returns at least one valid object.
WARNING: [Vivado 12-584] No ports matched 'lcd[9]'. [C:/Users/Sebastian/Desktop/Material UC/2021-2/Arqui/IIC2343-Proyecto-G11/Proyecto Base/Proyecto Base.srcs/constrs_1/new/Basys3.xdc:187]
CRITICAL WARNING: [Common 17-55] 'set_property' expects at least one object. [C:/Users/Sebastian/Desktop/Material UC/2021-2/Arqui/IIC2343-Proyecto-G11/Proyecto Base/Proyecto Base.srcs/constrs_1/new/Basys3.xdc:187]
Resolution: If [get_<value>] was used to populate the object, check to make sure this command returns at least one valid object.
WARNING: [Vivado 12-584] No ports matched 'lcd[8]'. [C:/Users/Sebastian/Desktop/Material UC/2021-2/Arqui/IIC2343-Proyecto-G11/Proyecto Base/Proyecto Base.srcs/constrs_1/new/Basys3.xdc:189]
CRITICAL WARNING: [Common 17-55] 'set_property' expects at least one object. [C:/Users/Sebastian/Desktop/Material UC/2021-2/Arqui/IIC2343-Proyecto-G11/Proyecto Base/Proyecto Base.srcs/constrs_1/new/Basys3.xdc:189]
Resolution: If [get_<value>] was used to populate the object, check to make sure this command returns at least one valid object.
WARNING: [Vivado 12-584] No ports matched 'lcd[8]'. [C:/Users/Sebastian/Desktop/Material UC/2021-2/Arqui/IIC2343-Proyecto-G11/Proyecto Base/Proyecto Base.srcs/constrs_1/new/Basys3.xdc:190]
CRITICAL WARNING: [Common 17-55] 'set_property' expects at least one object. [C:/Users/Sebastian/Desktop/Material UC/2021-2/Arqui/IIC2343-Proyecto-G11/Proyecto Base/Proyecto Base.srcs/constrs_1/new/Basys3.xdc:190]
Resolution: If [get_<value>] was used to populate the object, check to make sure this command returns at least one valid object.
WARNING: [Vivado 12-584] No ports matched 'lcd[10]'. [C:/Users/Sebastian/Desktop/Material UC/2021-2/Arqui/IIC2343-Proyecto-G11/Proyecto Base/Proyecto Base.srcs/constrs_1/new/Basys3.xdc:192]
CRITICAL WARNING: [Common 17-55] 'set_property' expects at least one object. [C:/Users/Sebastian/Desktop/Material UC/2021-2/Arqui/IIC2343-Proyecto-G11/Proyecto Base/Proyecto Base.srcs/constrs_1/new/Basys3.xdc:192]
Resolution: If [get_<value>] was used to populate the object, check to make sure this command returns at least one valid object.
WARNING: [Vivado 12-584] No ports matched 'lcd[10]'. [C:/Users/Sebastian/Desktop/Material UC/2021-2/Arqui/IIC2343-Proyecto-G11/Proyecto Base/Proyecto Base.srcs/constrs_1/new/Basys3.xdc:193]
CRITICAL WARNING: [Common 17-55] 'set_property' expects at least one object. [C:/Users/Sebastian/Desktop/Material UC/2021-2/Arqui/IIC2343-Proyecto-G11/Proyecto Base/Proyecto Base.srcs/constrs_1/new/Basys3.xdc:193]
Resolution: If [get_<value>] was used to populate the object, check to make sure this command returns at least one valid object.
WARNING: [Vivado 12-584] No ports matched 'JC[7]'. [C:/Users/Sebastian/Desktop/Material UC/2021-2/Arqui/IIC2343-Proyecto-G11/Proyecto Base/Proyecto Base.srcs/constrs_1/new/Basys3.xdc:195]
CRITICAL WARNING: [Common 17-55] 'set_property' expects at least one object. [C:/Users/Sebastian/Desktop/Material UC/2021-2/Arqui/IIC2343-Proyecto-G11/Proyecto Base/Proyecto Base.srcs/constrs_1/new/Basys3.xdc:195]
Resolution: If [get_<value>] was used to populate the object, check to make sure this command returns at least one valid object.
WARNING: [Vivado 12-584] No ports matched 'JC[7]'. [C:/Users/Sebastian/Desktop/Material UC/2021-2/Arqui/IIC2343-Proyecto-G11/Proyecto Base/Proyecto Base.srcs/constrs_1/new/Basys3.xdc:196]
CRITICAL WARNING: [Common 17-55] 'set_property' expects at least one object. [C:/Users/Sebastian/Desktop/Material UC/2021-2/Arqui/IIC2343-Proyecto-G11/Proyecto Base/Proyecto Base.srcs/constrs_1/new/Basys3.xdc:196]
Resolution: If [get_<value>] was used to populate the object, check to make sure this command returns at least one valid object.
Finished Parsing XDC File [C:/Users/Sebastian/Desktop/Material UC/2021-2/Arqui/IIC2343-Proyecto-G11/Proyecto Base/Proyecto Base.srcs/constrs_1/new/Basys3.xdc]
INFO: [Opt 31-138] Pushed 0 inverter(s) to 0 load pin(s).
Netlist sorting complete. Time (s): cpu = 00:00:00 ; elapsed = 00:00:00.003 . Memory (MB): peak = 668.328 ; gain = 0.000
INFO: [Project 1-111] Unisim Transformation Summary:
  A total of 568 instances were transformed.
  RAM256X1S => RAM256X1S (MUXF7(x2), MUXF8, RAMS64E(x4)): 568 instances

7 Infos, 32 Warnings, 32 Critical Warnings and 0 Errors encountered.
link_design completed successfully
link_design: Time (s): cpu = 00:00:07 ; elapsed = 00:00:08 . Memory (MB): peak = 668.328 ; gain = 371.074
Command: opt_design
Attempting to get a license for feature 'Implementation' and/or device 'xc7a35t'
INFO: [Common 17-349] Got license for feature 'Implementation' and/or device 'xc7a35t'
Running DRC as a precondition to command opt_design

Starting DRC Task
INFO: [DRC 23-27] Running DRC with 2 threads
INFO: [Project 1-461] DRC finished with 0 Errors
INFO: [Project 1-462] Please refer to the DRC report (report_drc) for more information.

Time (s): cpu = 00:00:02 ; elapsed = 00:00:00.716 . Memory (MB): peak = 686.348 ; gain = 18.020

Starting Cache Timing Information Task
INFO: [Timing 38-35] Done setting XDC timing constraints.
Ending Cache Timing Information Task | Checksum: ed986658

Time (s): cpu = 00:00:10 ; elapsed = 00:00:11 . Memory (MB): peak = 1233.402 ; gain = 547.055

Starting Logic Optimization Task

Phase 1 Retarget
INFO: [Opt 31-138] Pushed 0 inverter(s) to 0 load pin(s).
INFO: [Opt 31-49] Retargeted 0 cell(s).
Phase 1 Retarget | Checksum: ed986658

Time (s): cpu = 00:00:00 ; elapsed = 00:00:00.241 . Memory (MB): peak = 1428.805 ; gain = 0.000
INFO: [Opt 31-389] Phase Retarget created 0 cells and removed 0 cells

Phase 2 Constant propagation
INFO: [Opt 31-138] Pushed 0 inverter(s) to 0 load pin(s).
Phase 2 Constant propagation | Checksum: ed986658

Time (s): cpu = 00:00:00 ; elapsed = 00:00:00.262 . Memory (MB): peak = 1428.805 ; gain = 0.000
INFO: [Opt 31-389] Phase Constant propagation created 0 cells and removed 0 cells

Phase 3 Sweep
Phase 3 Sweep | Checksum: 152b16596

Time (s): cpu = 00:00:00 ; elapsed = 00:00:00.314 . Memory (MB): peak = 1428.805 ; gain = 0.000
INFO: [Opt 31-389] Phase Sweep created 0 cells and removed 1 cells

Phase 4 BUFG optimization
INFO: [Opt 31-1112] Starts optimizing BUFG(s) with a common MMCM/DPLL/XPLL driver.
INFO: [Opt 31-1112] Starts optimizing BUFG(s) with a common driver.
INFO: [Opt 31-1092] Phase BUFG optimization transformed 0 BUFG(s) to MBUFG(s).
Phase 4 BUFG optimization | Checksum: 152b16596

Time (s): cpu = 00:00:00 ; elapsed = 00:00:00.607 . Memory (MB): peak = 1428.805 ; gain = 0.000
INFO: [Opt 31-662] Phase BUFG optimization created 0 cells of which 0 are BUFGs and removed 0 cells.

Phase 5 Shift Register Optimization
INFO: [Opt 31-1064] SRL Remap converted 0 SRLs to 0 registers and converted 0 registers of register chains to 0 SRLs
Phase 5 Shift Register Optimization | Checksum: 152b16596

Time (s): cpu = 00:00:00 ; elapsed = 00:00:00.644 . Memory (MB): peak = 1428.805 ; gain = 0.000
INFO: [Opt 31-389] Phase Shift Register Optimization created 0 cells and removed 0 cells

Phase 6 Post Processing Netlist
Phase 6 Post Processing Netlist | Checksum: 152b16596

Time (s): cpu = 00:00:00 ; elapsed = 00:00:00.660 . Memory (MB): peak = 1428.805 ; gain = 0.000
INFO: [Opt 31-389] Phase Post Processing Netlist created 0 cells and removed 0 cells
Opt_design Change Summary
=========================


-------------------------------------------------------------------------------------------------------------------------
|  Phase                        |  #Cells created  |  #Cells Removed  |  #Constrained objects preventing optimizations  |
-------------------------------------------------------------------------------------------------------------------------
|  Retarget                     |               0  |               0  |                                              0  |
|  Constant propagation         |               0  |               0  |                                              0  |
|  Sweep                        |               0  |               1  |                                              0  |
|  BUFG optimization            |               0  |               0  |                                              0  |
|  Shift Register Optimization  |               0  |               0  |                                              0  |
|  Post Processing Netlist      |               0  |               0  |                                              0  |
-------------------------------------------------------------------------------------------------------------------------



Starting Connectivity Check Task

Time (s): cpu = 00:00:00 ; elapsed = 00:00:00.004 . Memory (MB): peak = 1428.805 ; gain = 0.000
Ending Logic Optimization Task | Checksum: 17f2d5ab7

Time (s): cpu = 00:00:01 ; elapsed = 00:00:00.721 . Memory (MB): peak = 1428.805 ; gain = 0.000

Starting Power Optimization Task
INFO: [Pwropt 34-132] Skipping clock gating for clocks with a period < 2.00 ns.
Ending Power Optimization Task | Checksum: 17f2d5ab7

Time (s): cpu = 00:00:00 ; elapsed = 00:00:00.015 . Memory (MB): peak = 1428.805 ; gain = 0.000

Starting Final Cleanup Task
Ending Final Cleanup Task | Checksum: 17f2d5ab7

Time (s): cpu = 00:00:00 ; elapsed = 00:00:00.001 . Memory (MB): peak = 1428.805 ; gain = 0.000

Starting Netlist Obfuscation Task
Netlist sorting complete. Time (s): cpu = 00:00:00 ; elapsed = 00:00:00.003 . Memory (MB): peak = 1428.805 ; gain = 0.000
Ending Netlist Obfuscation Task | Checksum: 17f2d5ab7

Time (s): cpu = 00:00:00 ; elapsed = 00:00:00.004 . Memory (MB): peak = 1428.805 ; gain = 0.000
INFO: [Common 17-83] Releasing license: Implementation
27 Infos, 32 Warnings, 32 Critical Warnings and 0 Errors encountered.
opt_design completed successfully
opt_design: Time (s): cpu = 00:00:16 ; elapsed = 00:00:15 . Memory (MB): peak = 1428.805 ; gain = 760.477
Netlist sorting complete. Time (s): cpu = 00:00:00 ; elapsed = 00:00:00.003 . Memory (MB): peak = 1428.805 ; gain = 0.000
INFO: [Timing 38-480] Writing timing data to binary archive.
Writing placer database...
Writing XDEF routing.
Writing XDEF routing logical nets.
Writing XDEF routing special nets.
Write XDEF Complete: Time (s): cpu = 00:00:00 ; elapsed = 00:00:00.062 . Memory (MB): peak = 1428.805 ; gain = 0.000
INFO: [Common 17-1381] The checkpoint 'C:/Users/Sebastian/Desktop/Material UC/2021-2/Arqui/IIC2343-Proyecto-G11/Proyecto Base/Proyecto Base.runs/impl_1/Basys3_opt.dcp' has been generated.
INFO: [runtcl-4] Executing : report_drc -file Basys3_drc_opted.rpt -pb Basys3_drc_opted.pb -rpx Basys3_drc_opted.rpx
Command: report_drc -file Basys3_drc_opted.rpt -pb Basys3_drc_opted.pb -rpx Basys3_drc_opted.rpx
INFO: [IP_Flow 19-234] Refreshing IP repositories
INFO: [IP_Flow 19-1704] No user IP repositories specified
INFO: [IP_Flow 19-2313] Loaded Vivado IP repository 'C:/Xilinx/Vivado/2019.2/data/ip'.
INFO: [DRC 23-27] Running DRC with 2 threads
INFO: [Coretcl 2-168] The results of DRC are in file C:/Users/Sebastian/Desktop/Material UC/2021-2/Arqui/IIC2343-Proyecto-G11/Proyecto Base/Proyecto Base.runs/impl_1/Basys3_drc_opted.rpt.
report_drc completed successfully
Command: place_design
Attempting to get a license for feature 'Implementation' and/or device 'xc7a35t'
INFO: [Common 17-349] Got license for feature 'Implementation' and/or device 'xc7a35t'
INFO: [DRC 23-27] Running DRC with 2 threads
INFO: [Vivado_Tcl 4-198] DRC finished with 0 Errors
INFO: [Vivado_Tcl 4-199] Please refer to the DRC report (report_drc) for more information.
Running DRC as a precondition to command place_design
INFO: [DRC 23-27] Running DRC with 2 threads
INFO: [Vivado_Tcl 4-198] DRC finished with 0 Errors
INFO: [Vivado_Tcl 4-199] Please refer to the DRC report (report_drc) for more information.

Starting Placer Task
INFO: [Place 30-611] Multithreading enabled for place_design using a maximum of 2 CPUs

Phase 1 Placer Initialization

Phase 1.1 Placer Initialization Netlist Sorting
Netlist sorting complete. Time (s): cpu = 00:00:00 ; elapsed = 00:00:00.004 . Memory (MB): peak = 1428.805 ; gain = 0.000
Phase 1.1 Placer Initialization Netlist Sorting | Checksum: eba06602

Time (s): cpu = 00:00:00 ; elapsed = 00:00:00.016 . Memory (MB): peak = 1428.805 ; gain = 0.000
Netlist sorting complete. Time (s): cpu = 00:00:00 ; elapsed = 00:00:00.004 . Memory (MB): peak = 1428.805 ; gain = 0.000

Phase 1.2 IO Placement/ Clock Placement/ Build Placer Device
INFO: [Timing 38-35] Done setting XDC timing constraints.
Phase 1.2 IO Placement/ Clock Placement/ Build Placer Device | Checksum: b976a19d

Time (s): cpu = 00:00:02 ; elapsed = 00:00:01 . Memory (MB): peak = 1428.805 ; gain = 0.000

Phase 1.3 Build Placer Netlist Model
Phase 1.3 Build Placer Netlist Model | Checksum: 1b77609c1

Time (s): cpu = 00:00:06 ; elapsed = 00:00:03 . Memory (MB): peak = 1428.805 ; gain = 0.000

Phase 1.4 Constrain Clocks/Macros
Phase 1.4 Constrain Clocks/Macros | Checksum: 1b77609c1

Time (s): cpu = 00:00:06 ; elapsed = 00:00:03 . Memory (MB): peak = 1428.805 ; gain = 0.000
Phase 1 Placer Initialization | Checksum: 1b77609c1

Time (s): cpu = 00:00:06 ; elapsed = 00:00:03 . Memory (MB): peak = 1428.805 ; gain = 0.000

Phase 2 Global Placement

Phase 2.1 Floorplanning
Phase 2.1 Floorplanning | Checksum: 15afaa1a2

Time (s): cpu = 00:00:06 ; elapsed = 00:00:03 . Memory (MB): peak = 1428.805 ; gain = 0.000

Phase 2.2 Global Placement Core

Phase 2.2.1 Physical Synthesis In Placer
INFO: [Physopt 32-1018] Found 145 candidate LUT instances to create LUTNM shape
INFO: [Physopt 32-775] End 1 Pass. Optimized 67 nets or cells. Created 0 new cell, deleted 67 existing cells and moved 0 existing cell
INFO: [Physopt 32-1022] Very high fanout net 'inst_ROM/reg_reg[7][2]' has -through timing constraint at pin '' or its immediate connected net. To preserve -through timing constraint its fanout number considered in optimization is changed from 1028 to 261 and it is not considered a very high fanout net anymore. Please consider modifying/removing the '-through' timing constraint on the net segment or hierarchy pin.
INFO: [Physopt 32-1022] Very high fanout net 'inst_ROM/reg_reg[7][1]' has -through timing constraint at pin '' or its immediate connected net. To preserve -through timing constraint its fanout number considered in optimization is changed from 1028 to 261 and it is not considered a very high fanout net anymore. Please consider modifying/removing the '-through' timing constraint on the net segment or hierarchy pin.
INFO: [Physopt 32-65] No nets found for high-fanout optimization.
INFO: [Physopt 32-232] Optimized 0 net. Created 0 new instance.
INFO: [Physopt 32-775] End 1 Pass. Optimized 0 net or cell. Created 0 new cell, deleted 0 existing cell and moved 0 existing cell
INFO: [Physopt 32-670] No setup violation found.  DSP Register Optimization was not performed.
INFO: [Physopt 32-670] No setup violation found.  Shift Register to Pipeline Optimization was not performed.
INFO: [Physopt 32-670] No setup violation found.  Shift Register Optimization was not performed.
INFO: [Physopt 32-670] No setup violation found.  BRAM Register Optimization was not performed.
INFO: [Physopt 32-949] No candidate nets found for HD net replication
INFO: [Physopt 32-775] End 1 Pass. Optimized 0 net or cell. Created 0 new cell, deleted 0 existing cell and moved 0 existing cell
Netlist sorting complete. Time (s): cpu = 00:00:00 ; elapsed = 00:00:00.003 . Memory (MB): peak = 1428.805 ; gain = 0.000

Summary of Physical Synthesis Optimizations
============================================


-----------------------------------------------------------------------------------------------------------------------------------------------------------
|  Optimization                                     |  Added Cells  |  Removed Cells  |  Optimized Cells/Nets  |  Dont Touch  |  Iterations  |  Elapsed   |
-----------------------------------------------------------------------------------------------------------------------------------------------------------
|  LUT Combining                                    |            0  |             67  |                    67  |           0  |           1  |  00:00:01  |
|  Very High Fanout                                 |            0  |              0  |                     0  |           0  |           1  |  00:00:00  |
|  DSP Register                                     |            0  |              0  |                     0  |           0  |           0  |  00:00:00  |
|  Shift Register to Pipeline                       |            0  |              0  |                     0  |           0  |           0  |  00:00:00  |
|  Shift Register                                   |            0  |              0  |                     0  |           0  |           0  |  00:00:00  |
|  BRAM Register                                    |            0  |              0  |                     0  |           0  |           0  |  00:00:00  |
|  Dynamic/Static Region Interface Net Replication  |            0  |              0  |                     0  |           0  |           1  |  00:00:00  |
|  Total                                            |            0  |             67  |                    67  |           0  |           3  |  00:00:01  |
-----------------------------------------------------------------------------------------------------------------------------------------------------------


Phase 2.2.1 Physical Synthesis In Placer | Checksum: 129147a0f

Time (s): cpu = 00:00:11 ; elapsed = 00:00:07 . Memory (MB): peak = 1428.805 ; gain = 0.000
Phase 2.2 Global Placement Core | Checksum: 12dacd74e

Time (s): cpu = 00:00:12 ; elapsed = 00:00:07 . Memory (MB): peak = 1428.805 ; gain = 0.000
Phase 2 Global Placement | Checksum: 12dacd74e

Time (s): cpu = 00:00:12 ; elapsed = 00:00:07 . Memory (MB): peak = 1428.805 ; gain = 0.000

Phase 3 Detail Placement

Phase 3.1 Commit Multi Column Macros
Phase 3.1 Commit Multi Column Macros | Checksum: e062eb54

Time (s): cpu = 00:00:12 ; elapsed = 00:00:07 . Memory (MB): peak = 1428.805 ; gain = 0.000

Phase 3.2 Commit Most Macros & LUTRAMs
Phase 3.2 Commit Most Macros & LUTRAMs | Checksum: 170736e12

Time (s): cpu = 00:00:13 ; elapsed = 00:00:08 . Memory (MB): peak = 1428.805 ; gain = 0.000

Phase 3.3 Area Swap Optimization
Phase 3.3 Area Swap Optimization | Checksum: 1f4f4738e

Time (s): cpu = 00:00:13 ; elapsed = 00:00:08 . Memory (MB): peak = 1428.805 ; gain = 0.000

Phase 3.4 Pipeline Register Optimization
Phase 3.4 Pipeline Register Optimization | Checksum: 1667bf8da

Time (s): cpu = 00:00:13 ; elapsed = 00:00:08 . Memory (MB): peak = 1428.805 ; gain = 0.000

Phase 3.5 Small Shape Detail Placement
Phase 3.5 Small Shape Detail Placement | Checksum: 1adcbc7ca

Time (s): cpu = 00:00:14 ; elapsed = 00:00:09 . Memory (MB): peak = 1428.805 ; gain = 0.000

Phase 3.6 Re-assign LUT pins
Phase 3.6 Re-assign LUT pins | Checksum: 1cf5e1847

Time (s): cpu = 00:00:14 ; elapsed = 00:00:09 . Memory (MB): peak = 1428.805 ; gain = 0.000

Phase 3.7 Pipeline Register Optimization
Phase 3.7 Pipeline Register Optimization | Checksum: 15f169913

Time (s): cpu = 00:00:14 ; elapsed = 00:00:09 . Memory (MB): peak = 1428.805 ; gain = 0.000
Phase 3 Detail Placement | Checksum: 15f169913

Time (s): cpu = 00:00:14 ; elapsed = 00:00:09 . Memory (MB): peak = 1428.805 ; gain = 0.000

Phase 4 Post Placement Optimization and Clean-Up

Phase 4.1 Post Commit Optimization
INFO: [Timing 38-35] Done setting XDC timing constraints.

Phase 4.1.1 Post Placement Optimization
Post Placement Optimization Initialization | Checksum: 17bfd3ce6

Phase 4.1.1.1 BUFG Insertion
INFO: [Place 46-56] BUFG insertion identified 0 candidate nets. Inserted BUFG: 0, Replicated BUFG Driver: 0, Skipped due to Placement/Routing Conflicts: 0, Skipped due to Timing Degradation: 0, Skipped due to Illegal Netlist: 0.
Phase 4.1.1.1 BUFG Insertion | Checksum: 17bfd3ce6

Time (s): cpu = 00:00:17 ; elapsed = 00:00:11 . Memory (MB): peak = 1445.805 ; gain = 17.000
INFO: [Place 30-746] Post Placement Timing Summary WNS=5.738. For the most accurate timing information please run report_timing.
Phase 4.1.1 Post Placement Optimization | Checksum: 1defaf110

Time (s): cpu = 00:00:17 ; elapsed = 00:00:11 . Memory (MB): peak = 1445.805 ; gain = 17.000
Phase 4.1 Post Commit Optimization | Checksum: 1defaf110

Time (s): cpu = 00:00:17 ; elapsed = 00:00:11 . Memory (MB): peak = 1445.805 ; gain = 17.000

Phase 4.2 Post Placement Cleanup
Phase 4.2 Post Placement Cleanup | Checksum: 1defaf110

Time (s): cpu = 00:00:17 ; elapsed = 00:00:11 . Memory (MB): peak = 1445.805 ; gain = 17.000

Phase 4.3 Placer Reporting
Phase 4.3 Placer Reporting | Checksum: 1defaf110

Time (s): cpu = 00:00:17 ; elapsed = 00:00:11 . Memory (MB): peak = 1445.805 ; gain = 17.000

Phase 4.4 Final Placement Cleanup
Netlist sorting complete. Time (s): cpu = 00:00:00 ; elapsed = 00:00:00.003 . Memory (MB): peak = 1445.805 ; gain = 0.000
Phase 4.4 Final Placement Cleanup | Checksum: 1d53cbcc8

Time (s): cpu = 00:00:17 ; elapsed = 00:00:11 . Memory (MB): peak = 1445.805 ; gain = 17.000
Phase 4 Post Placement Optimization and Clean-Up | Checksum: 1d53cbcc8

Time (s): cpu = 00:00:17 ; elapsed = 00:00:11 . Memory (MB): peak = 1445.805 ; gain = 17.000
Ending Placer Task | Checksum: 13fddd677

Time (s): cpu = 00:00:17 ; elapsed = 00:00:11 . Memory (MB): peak = 1445.805 ; gain = 17.000
INFO: [Common 17-83] Releasing license: Implementation
61 Infos, 32 Warnings, 32 Critical Warnings and 0 Errors encountered.
place_design completed successfully
place_design: Time (s): cpu = 00:00:19 ; elapsed = 00:00:12 . Memory (MB): peak = 1445.805 ; gain = 17.000
Netlist sorting complete. Time (s): cpu = 00:00:00 ; elapsed = 00:00:00.003 . Memory (MB): peak = 1445.805 ; gain = 0.000
INFO: [Timing 38-480] Writing timing data to binary archive.
Writing placer database...
Writing XDEF routing.
Writing XDEF routing logical nets.
Writing XDEF routing special nets.
Write XDEF Complete: Time (s): cpu = 00:00:02 ; elapsed = 00:00:00.538 . Memory (MB): peak = 1446.859 ; gain = 1.055
INFO: [Common 17-1381] The checkpoint 'C:/Users/Sebastian/Desktop/Material UC/2021-2/Arqui/IIC2343-Proyecto-G11/Proyecto Base/Proyecto Base.runs/impl_1/Basys3_placed.dcp' has been generated.
INFO: [runtcl-4] Executing : report_io -file Basys3_io_placed.rpt
report_io: Time (s): cpu = 00:00:00 ; elapsed = 00:00:00.092 . Memory (MB): peak = 1446.859 ; gain = 0.000
INFO: [runtcl-4] Executing : report_utilization -file Basys3_utilization_placed.rpt -pb Basys3_utilization_placed.pb
INFO: [runtcl-4] Executing : report_control_sets -verbose -file Basys3_control_sets_placed.rpt
report_control_sets: Time (s): cpu = 00:00:00 ; elapsed = 00:00:00.027 . Memory (MB): peak = 1446.859 ; gain = 0.000
Command: route_design
Attempting to get a license for feature 'Implementation' and/or device 'xc7a35t'
INFO: [Common 17-349] Got license for feature 'Implementation' and/or device 'xc7a35t'
Running DRC as a precondition to command route_design
INFO: [DRC 23-27] Running DRC with 2 threads
INFO: [Vivado_Tcl 4-198] DRC finished with 0 Errors
INFO: [Vivado_Tcl 4-199] Please refer to the DRC report (report_drc) for more information.


Starting Routing Task
INFO: [Route 35-254] Multithreading enabled for route_design using a maximum of 2 CPUs
Checksum: PlaceDB: 9269187a ConstDB: 0 ShapeSum: ad74bdfd RouteDB: 0

Phase 1 Build RT Design
Phase 1 Build RT Design | Checksum: 7765e949

Time (s): cpu = 00:00:26 ; elapsed = 00:00:23 . Memory (MB): peak = 1534.809 ; gain = 76.926
Post Restoration Checksum: NetGraph: 520ce32c NumContArr: 2559061d Constraints: 0 Timing: 0

Phase 2 Router Initialization

Phase 2.1 Create Timer
Phase 2.1 Create Timer | Checksum: 7765e949

Time (s): cpu = 00:00:26 ; elapsed = 00:00:23 . Memory (MB): peak = 1567.137 ; gain = 109.254

Phase 2.2 Fix Topology Constraints
Phase 2.2 Fix Topology Constraints | Checksum: 7765e949

Time (s): cpu = 00:00:26 ; elapsed = 00:00:23 . Memory (MB): peak = 1573.426 ; gain = 115.543

Phase 2.3 Pre Route Cleanup
Phase 2.3 Pre Route Cleanup | Checksum: 7765e949

Time (s): cpu = 00:00:26 ; elapsed = 00:00:23 . Memory (MB): peak = 1573.426 ; gain = 115.543
 Number of Nodes with overlaps = 0

Phase 2.4 Update Timing
Phase 2.4 Update Timing | Checksum: 1f8fde006

Time (s): cpu = 00:00:31 ; elapsed = 00:00:26 . Memory (MB): peak = 1586.711 ; gain = 128.828
INFO: [Route 35-416] Intermediate Timing Summary | WNS=5.829  | TNS=0.000  | WHS=-0.086 | THS=-1.019 |

Phase 2 Router Initialization | Checksum: 1ff028efa

Time (s): cpu = 00:00:32 ; elapsed = 00:00:27 . Memory (MB): peak = 1596.879 ; gain = 138.996

Router Utilization Summary
  Global Vertical Routing Utilization    = 0.045045 %
  Global Horizontal Routing Utilization  = 0.0136648 %
  Routable Net Status*
  *Does not include unroutable nets such as driverless and loadless.
  Run report_route_status for detailed report.
  Number of Failed Nets               = 1410
    (Failed Nets is the sum of unrouted and partially routed nets)
  Number of Unrouted Nets             = 1383
  Number of Partially Routed Nets     = 27
  Number of Node Overlaps             = 66


Phase 3 Initial Routing
Phase 3 Initial Routing | Checksum: 1e81da1d5

Time (s): cpu = 00:00:34 ; elapsed = 00:00:28 . Memory (MB): peak = 1603.020 ; gain = 145.137

Phase 4 Rip-up And Reroute

Phase 4.1 Global Iteration 0
 Number of Nodes with overlaps = 117
 Number of Nodes with overlaps = 0
INFO: [Route 35-416] Intermediate Timing Summary | WNS=4.171  | TNS=0.000  | WHS=N/A    | THS=N/A    |

Phase 4.1 Global Iteration 0 | Checksum: 16a45e6a8

Time (s): cpu = 00:00:37 ; elapsed = 00:00:30 . Memory (MB): peak = 1603.020 ; gain = 145.137

Phase 4.2 Global Iteration 1
 Number of Nodes with overlaps = 1
 Number of Nodes with overlaps = 0
INFO: [Route 35-416] Intermediate Timing Summary | WNS=4.171  | TNS=0.000  | WHS=N/A    | THS=N/A    |

Phase 4.2 Global Iteration 1 | Checksum: 26a0526ae

Time (s): cpu = 00:00:37 ; elapsed = 00:00:30 . Memory (MB): peak = 1603.020 ; gain = 145.137
Phase 4 Rip-up And Reroute | Checksum: 26a0526ae

Time (s): cpu = 00:00:37 ; elapsed = 00:00:30 . Memory (MB): peak = 1603.020 ; gain = 145.137

Phase 5 Delay and Skew Optimization

Phase 5.1 Delay CleanUp
Phase 5.1 Delay CleanUp | Checksum: 26a0526ae

Time (s): cpu = 00:00:37 ; elapsed = 00:00:30 . Memory (MB): peak = 1603.020 ; gain = 145.137

Phase 5.2 Clock Skew Optimization
Phase 5.2 Clock Skew Optimization | Checksum: 26a0526ae

Time (s): cpu = 00:00:37 ; elapsed = 00:00:30 . Memory (MB): peak = 1603.020 ; gain = 145.137
Phase 5 Delay and Skew Optimization | Checksum: 26a0526ae

Time (s): cpu = 00:00:37 ; elapsed = 00:00:30 . Memory (MB): peak = 1603.020 ; gain = 145.137

Phase 6 Post Hold Fix

Phase 6.1 Hold Fix Iter

Phase 6.1.1 Update Timing
Phase 6.1.1 Update Timing | Checksum: 1c7a26cff

Time (s): cpu = 00:00:37 ; elapsed = 00:00:30 . Memory (MB): peak = 1603.020 ; gain = 145.137
INFO: [Route 35-416] Intermediate Timing Summary | WNS=4.171  | TNS=0.000  | WHS=0.207  | THS=0.000  |

Phase 6.1 Hold Fix Iter | Checksum: 1c44593ac

Time (s): cpu = 00:00:37 ; elapsed = 00:00:30 . Memory (MB): peak = 1603.020 ; gain = 145.137
Phase 6 Post Hold Fix | Checksum: 1c44593ac

Time (s): cpu = 00:00:37 ; elapsed = 00:00:30 . Memory (MB): peak = 1603.020 ; gain = 145.137

Phase 7 Route finalize

Router Utilization Summary
  Global Vertical Routing Utilization    = 1.29379 %
  Global Horizontal Routing Utilization  = 1.38873 %
  Routable Net Status*
  *Does not include unroutable nets such as driverless and loadless.
  Run report_route_status for detailed report.
  Number of Failed Nets               = 0
    (Failed Nets is the sum of unrouted and partially routed nets)
  Number of Unrouted Nets             = 0
  Number of Partially Routed Nets     = 0
  Number of Node Overlaps             = 0

Phase 7 Route finalize | Checksum: 1c44593ac

Time (s): cpu = 00:00:37 ; elapsed = 00:00:30 . Memory (MB): peak = 1603.020 ; gain = 145.137

Phase 8 Verifying routed nets

 Verification completed successfully
Phase 8 Verifying routed nets | Checksum: 1c44593ac

Time (s): cpu = 00:00:37 ; elapsed = 00:00:30 . Memory (MB): peak = 1603.020 ; gain = 145.137

Phase 9 Depositing Routes
Phase 9 Depositing Routes | Checksum: 157b84717

Time (s): cpu = 00:00:38 ; elapsed = 00:00:31 . Memory (MB): peak = 1603.020 ; gain = 145.137

Phase 10 Post Router Timing
INFO: [Route 35-57] Estimated Timing Summary | WNS=4.171  | TNS=0.000  | WHS=0.207  | THS=0.000  |

INFO: [Route 35-327] The final timing numbers are based on the router estimated timing analysis. For a complete and accurate timing signoff, please run report_timing_summary.
Phase 10 Post Router Timing | Checksum: 157b84717

Time (s): cpu = 00:00:38 ; elapsed = 00:00:31 . Memory (MB): peak = 1603.020 ; gain = 145.137
INFO: [Route 35-16] Router Completed Successfully

Time (s): cpu = 00:00:38 ; elapsed = 00:00:31 . Memory (MB): peak = 1603.020 ; gain = 145.137

Routing Is Done.
INFO: [Common 17-83] Releasing license: Implementation
79 Infos, 32 Warnings, 32 Critical Warnings and 0 Errors encountered.
route_design completed successfully
route_design: Time (s): cpu = 00:00:40 ; elapsed = 00:00:32 . Memory (MB): peak = 1603.020 ; gain = 156.160
Netlist sorting complete. Time (s): cpu = 00:00:00 ; elapsed = 00:00:00.003 . Memory (MB): peak = 1603.020 ; gain = 0.000
INFO: [Timing 38-480] Writing timing data to binary archive.
Writing placer database...
Writing XDEF routing.
Writing XDEF routing logical nets.
Writing XDEF routing special nets.
Write XDEF Complete: Time (s): cpu = 00:00:01 ; elapsed = 00:00:00.583 . Memory (MB): peak = 1608.875 ; gain = 5.855
INFO: [Common 17-1381] The checkpoint 'C:/Users/Sebastian/Desktop/Material UC/2021-2/Arqui/IIC2343-Proyecto-G11/Proyecto Base/Proyecto Base.runs/impl_1/Basys3_routed.dcp' has been generated.
INFO: [runtcl-4] Executing : report_drc -file Basys3_drc_routed.rpt -pb Basys3_drc_routed.pb -rpx Basys3_drc_routed.rpx
Command: report_drc -file Basys3_drc_routed.rpt -pb Basys3_drc_routed.pb -rpx Basys3_drc_routed.rpx
INFO: [IP_Flow 19-1839] IP Catalog is up to date.
INFO: [DRC 23-27] Running DRC with 2 threads
INFO: [Coretcl 2-168] The results of DRC are in file C:/Users/Sebastian/Desktop/Material UC/2021-2/Arqui/IIC2343-Proyecto-G11/Proyecto Base/Proyecto Base.runs/impl_1/Basys3_drc_routed.rpt.
report_drc completed successfully
INFO: [runtcl-4] Executing : report_methodology -file Basys3_methodology_drc_routed.rpt -pb Basys3_methodology_drc_routed.pb -rpx Basys3_methodology_drc_routed.rpx
Command: report_methodology -file Basys3_methodology_drc_routed.rpt -pb Basys3_methodology_drc_routed.pb -rpx Basys3_methodology_drc_routed.rpx
INFO: [Timing 38-35] Done setting XDC timing constraints.
INFO: [DRC 23-133] Running Methodology with 2 threads
INFO: [Coretcl 2-1520] The results of Report Methodology are in file C:/Users/Sebastian/Desktop/Material UC/2021-2/Arqui/IIC2343-Proyecto-G11/Proyecto Base/Proyecto Base.runs/impl_1/Basys3_methodology_drc_routed.rpt.
report_methodology completed successfully
INFO: [runtcl-4] Executing : report_power -file Basys3_power_routed.rpt -pb Basys3_power_summary_routed.pb -rpx Basys3_power_routed.rpx
Command: report_power -file Basys3_power_routed.rpt -pb Basys3_power_summary_routed.pb -rpx Basys3_power_routed.rpx
INFO: [Timing 38-35] Done setting XDC timing constraints.
Running Vector-less Activity Propagation...

Finished Running Vector-less Activity Propagation
91 Infos, 32 Warnings, 32 Critical Warnings and 0 Errors encountered.
report_power completed successfully
INFO: [runtcl-4] Executing : report_route_status -file Basys3_route_status.rpt -pb Basys3_route_status.pb
INFO: [runtcl-4] Executing : report_timing_summary -max_paths 10 -file Basys3_timing_summary_routed.rpt -pb Basys3_timing_summary_routed.pb -rpx Basys3_timing_summary_routed.rpx -warn_on_violation 
INFO: [Timing 38-91] UpdateTimingParams: Speed grade: -1, Delay Type: min_max.
INFO: [Timing 38-191] Multithreading enabled for timing update using a maximum of 2 CPUs
INFO: [runtcl-4] Executing : report_incremental_reuse -file Basys3_incremental_reuse_routed.rpt
INFO: [Vivado_Tcl 4-1062] Incremental flow is disabled. No incremental reuse Info to report.
INFO: [runtcl-4] Executing : report_clock_utilization -file Basys3_clock_utilization_routed.rpt
INFO: [runtcl-4] Executing : report_bus_skew -warn_on_violation -file Basys3_bus_skew_routed.rpt -pb Basys3_bus_skew_routed.pb -rpx Basys3_bus_skew_routed.rpx
INFO: [Timing 38-91] UpdateTimingParams: Speed grade: -1, Delay Type: min_max.
INFO: [Timing 38-191] Multithreading enabled for timing update using a maximum of 2 CPUs
Command: write_bitstream -force Basys3.bit -bin_file
Attempting to get a license for feature 'Implementation' and/or device 'xc7a35t'
INFO: [Common 17-349] Got license for feature 'Implementation' and/or device 'xc7a35t'
Running DRC as a precondition to command write_bitstream
INFO: [IP_Flow 19-1839] IP Catalog is up to date.
INFO: [DRC 23-27] Running DRC with 2 threads
WARNING: [DRC PDRC-153] Gated clock check: Net inst_ROM/inst_demux_out/p_0_in__0 is a gated clock net sourced by a combinational pin inst_ROM/out_1_reg_i_4/O, cell inst_ROM/out_1_reg_i_4. This is not good design practice and will likely impact performance. For SLICE registers, for example, use the CE pin to control the loading of data.
WARNING: [DRC PDRC-153] Gated clock check: Net inst_ROM/reg_reg[1]_0 is a gated clock net sourced by a combinational pin inst_ROM/out_2_reg_i_1/O, cell inst_ROM/out_2_reg_i_1. This is not good design practice and will likely impact performance. For SLICE registers, for example, use the CE pin to control the loading of data.
INFO: [Vivado 12-3199] DRC finished with 0 Errors, 2 Warnings
INFO: [Vivado 12-3200] Please refer to the DRC report (report_drc) for more information.
INFO: [Designutils 20-2272] Running write_bitstream with 2 threads.
Loading data files...
Loading site data...
Loading route data...
Processing options...
Creating bitmap...
Creating bitstream...
Writing bitstream ./Basys3.bit...
Writing bitstream ./Basys3.bin...
INFO: [Vivado 12-1842] Bitgen Completed Successfully.
INFO: [Project 1-120] WebTalk data collection is mandatory when using a WebPACK part without a full Vivado license. To see the specific WebTalk data collected for your design, open the usage_statistics_webtalk.html or usage_statistics_webtalk.xml file in the implementation directory.
INFO: [Common 17-83] Releasing license: Implementation
110 Infos, 34 Warnings, 32 Critical Warnings and 0 Errors encountered.
write_bitstream completed successfully
write_bitstream: Time (s): cpu = 00:00:21 ; elapsed = 00:00:26 . Memory (MB): peak = 2054.816 ; gain = 359.617
INFO: [Common 17-206] Exiting Vivado at Mon Dec  6 14:12:43 2021...
