#-----------------------------------------------------------
# Vivado v2019.2 (64-bit)
# SW Build 2708876 on Wed Nov  6 21:40:23 MST 2019
# IP Build 2700528 on Thu Nov  7 00:09:20 MST 2019
# Start of session at: Mon Nov  8 15:17:37 2021
# Process ID: 48328
# Current directory: C:/Users/felip/Desktop/IIC2343-Proyecto-G11/Proyecto Base
# Command line: vivado.exe -gui_launcher_event rodinguilauncherevent51292 C:\Users\felip\Desktop\IIC2343-Proyecto-G11\Proyecto Base\Proyecto Base.xpr
# Log file: C:/Users/felip/Desktop/IIC2343-Proyecto-G11/Proyecto Base/vivado.log
# Journal file: C:/Users/felip/Desktop/IIC2343-Proyecto-G11/Proyecto Base\vivado.jou
#-----------------------------------------------------------
start_gui
open_project {C:/Users/felip/Desktop/IIC2343-Proyecto-G11/Proyecto Base/Proyecto Base.xpr}
INFO: [Project 1-313] Project file moved from 'C:/Users/Sebastian/Desktop/Material UC/2021-2/Arqui/IIC2343-Proyecto-G11/Proyecto Base' since last save.
Scanning sources...
Finished scanning sources
WARNING: [filemgmt 56-2] IPUserFilesDir: Could not find the directory 'C:/Users/felip/Desktop/IIC2343-Proyecto-G11/Proyecto Base/Proyecto Base.ip_user_files', nor could it be found using path 'C:/Users/Sebastian/Desktop/Material UC/2021-2/Arqui/IIC2343-Proyecto-G11/Proyecto Base/Proyecto Base.ip_user_files'.
INFO: [IP_Flow 19-234] Refreshing IP repositories
INFO: [IP_Flow 19-1704] No user IP repositories specified
INFO: [IP_Flow 19-2313] Loaded Vivado IP repository 'C:/Xilinx/Vivado/2019.2/data/ip'.
open_project: Time (s): cpu = 00:00:13 ; elapsed = 00:00:08 . Memory (MB): peak = 709.656 ; gain = 73.992
update_compile_order -fileset sources_1
reset_run synth_1
launch_runs impl_1 -to_step write_bitstream -jobs 6
[Mon Nov  8 15:34:04 2021] Launched synth_1...
Run output will be captured here: C:/Users/felip/Desktop/IIC2343-Proyecto-G11/Proyecto Base/Proyecto Base.runs/synth_1/runme.log
[Mon Nov  8 15:34:04 2021] Launched impl_1...
Run output will be captured here: C:/Users/felip/Desktop/IIC2343-Proyecto-G11/Proyecto Base/Proyecto Base.runs/impl_1/runme.log
open_run impl_1
INFO: [Device 21-403] Loading part xc7a35tcpg236-1
Netlist sorting complete. Time (s): cpu = 00:00:00 ; elapsed = 00:00:00.022 . Memory (MB): peak = 969.520 ; gain = 0.000
INFO: [Netlist 29-17] Analyzing 641 Unisim elements for replacement
INFO: [Netlist 29-28] Unisim Transformation completed in 0 CPU seconds
INFO: [Project 1-479] Netlist was created with Vivado 2019.2
INFO: [Project 1-570] Preparing netlist for logic optimization
INFO: [Timing 38-478] Restoring timing data from binary archive.
INFO: [Timing 38-479] Binary timing data restore complete.
INFO: [Project 1-856] Restoring constraints from binary archive.
INFO: [Project 1-853] Binary constraint restore complete.
Reading XDEF placement.
Reading placer database...
Reading XDEF routing.
Read XDEF File: Time (s): cpu = 00:00:00 ; elapsed = 00:00:00.801 . Memory (MB): peak = 1658.926 ; gain = 0.000
Restored from archive | CPU: 0.000000 secs | Memory: 0.000000 MB |
Finished XDEF File Restore: Time (s): cpu = 00:00:00 ; elapsed = 00:00:00.816 . Memory (MB): peak = 1658.926 ; gain = 0.000
Netlist sorting complete. Time (s): cpu = 00:00:00 ; elapsed = 00:00:00.007 . Memory (MB): peak = 1658.926 ; gain = 0.000
INFO: [Project 1-111] Unisim Transformation Summary:
  A total of 520 instances were transformed.
  RAM256X1S => RAM256X1S (MUXF7(x2), MUXF8, RAMS64E(x4)): 520 instances

open_run: Time (s): cpu = 00:00:42 ; elapsed = 00:00:36 . Memory (MB): peak = 1782.875 ; gain = 1040.695
reset_run synth_1
launch_runs impl_1 -to_step write_bitstream -jobs 6
[Mon Nov  8 17:14:53 2021] Launched synth_1...
Run output will be captured here: C:/Users/felip/Desktop/IIC2343-Proyecto-G11/Proyecto Base/Proyecto Base.runs/synth_1/runme.log
[Mon Nov  8 17:14:53 2021] Launched impl_1...
Run output will be captured here: C:/Users/felip/Desktop/IIC2343-Proyecto-G11/Proyecto Base/Proyecto Base.runs/impl_1/runme.log
reset_run synth_1
launch_runs impl_1 -to_step write_bitstream -jobs 6
[Mon Nov  8 17:17:46 2021] Launched synth_1...
Run output will be captured here: C:/Users/felip/Desktop/IIC2343-Proyecto-G11/Proyecto Base/Proyecto Base.runs/synth_1/runme.log
[Mon Nov  8 17:17:47 2021] Launched impl_1...
Run output will be captured here: C:/Users/felip/Desktop/IIC2343-Proyecto-G11/Proyecto Base/Proyecto Base.runs/impl_1/runme.log
reset_run synth_1
launch_runs impl_1 -to_step write_bitstream -jobs 6
[Mon Nov  8 17:19:46 2021] Launched synth_1...
Run output will be captured here: C:/Users/felip/Desktop/IIC2343-Proyecto-G11/Proyecto Base/Proyecto Base.runs/synth_1/runme.log
[Mon Nov  8 17:19:47 2021] Launched impl_1...
Run output will be captured here: C:/Users/felip/Desktop/IIC2343-Proyecto-G11/Proyecto Base/Proyecto Base.runs/impl_1/runme.log
open_hw_manager
connect_hw_server -allow_non_jtag
INFO: [Labtools 27-2285] Connecting to hw_server url TCP:localhost:3121
INFO: [Labtools 27-2222] Launching hw_server...
INFO: [Labtools 27-2221] Launch Output:

****** Xilinx hw_server v2019.2
  **** Build date : Nov  6 2019 at 22:12:23
    ** Copyright 1986-2019 Xilinx, Inc. All Rights Reserved.


INFO: [Labtools 27-3415] Connecting to cs_server url TCP:localhost:3042
INFO: [Labtools 27-3417] Launching cs_server...
INFO: [Labtools 27-2221] Launch Output:


****** Xilinx cs_server v2019.2.0
  **** Build date : Nov 07 2019-02:28:22
    ** Copyright 2017-2019 Xilinx, Inc. All Rights Reserved.



connect_hw_server: Time (s): cpu = 00:00:02 ; elapsed = 00:00:23 . Memory (MB): peak = 1840.371 ; gain = 17.797
open_hw_target
INFO: [Labtoolstcl 44-466] Opening hw_target localhost:3121/xilinx_tcf/Digilent/210183637824A
open_hw_target: Time (s): cpu = 00:00:08 ; elapsed = 00:00:09 . Memory (MB): peak = 3054.984 ; gain = 1214.613
set_property PROGRAM.FILE {C:/Users/felip/Desktop/IIC2343-Proyecto-G11/Proyecto Base/Proyecto Base.runs/impl_1/Basys3.bit} [get_hw_devices xc7a35t_0]
current_hw_device [get_hw_devices xc7a35t_0]
refresh_hw_device -update_hw_probes false [lindex [get_hw_devices xc7a35t_0] 0]
INFO: [Labtools 27-1434] Device xc7a35t (JTAG device index = 0) is programmed with a design that has no supported debug core(s) in it.
set_property PROBES.FILE {} [get_hw_devices xc7a35t_0]
set_property FULL_PROBES.FILE {} [get_hw_devices xc7a35t_0]
set_property PROGRAM.FILE {C:/Users/felip/Desktop/IIC2343-Proyecto-G11/Proyecto Base/Proyecto Base.runs/impl_1/Basys3.bit} [get_hw_devices xc7a35t_0]
program_hw_devices [get_hw_devices xc7a35t_0]
INFO: [Labtools 27-3164] End of startup status: HIGH
refresh_hw_device [lindex [get_hw_devices xc7a35t_0] 0]
INFO: [Labtools 27-1434] Device xc7a35t (JTAG device index = 0) is programmed with a design that has no supported debug core(s) in it.
reset_run synth_1
launch_runs impl_1 -to_step write_bitstream -jobs 6
[Mon Nov  8 17:29:13 2021] Launched synth_1...
Run output will be captured here: C:/Users/felip/Desktop/IIC2343-Proyecto-G11/Proyecto Base/Proyecto Base.runs/synth_1/runme.log
[Mon Nov  8 17:29:13 2021] Launched impl_1...
Run output will be captured here: C:/Users/felip/Desktop/IIC2343-Proyecto-G11/Proyecto Base/Proyecto Base.runs/impl_1/runme.log
set_property PROBES.FILE {} [get_hw_devices xc7a35t_0]
set_property FULL_PROBES.FILE {} [get_hw_devices xc7a35t_0]
set_property PROGRAM.FILE {C:/Users/felip/Desktop/IIC2343-Proyecto-G11/Proyecto Base/Proyecto Base.runs/impl_1/Basys3.bit} [get_hw_devices xc7a35t_0]
program_hw_devices [get_hw_devices xc7a35t_0]
INFO: [Labtools 27-3164] End of startup status: HIGH
refresh_hw_device [lindex [get_hw_devices xc7a35t_0] 0]
INFO: [Labtools 27-1434] Device xc7a35t (JTAG device index = 0) is programmed with a design that has no supported debug core(s) in it.
ERROR: [Labtoolstcl 44-513] HW Target shutdown. Closing target: localhost:3121/xilinx_tcf/Digilent/210183637824A
exit
INFO: [Common 17-206] Exiting Vivado at Tue Nov  9 00:08:14 2021...
