#-----------------------------------------------------------
# Vivado v2019.2 (64-bit)
# SW Build 2708876 on Wed Nov  6 21:40:23 MST 2019
# IP Build 2700528 on Thu Nov  7 00:09:20 MST 2019
# Start of session at: Wed Dec 15 04:52:56 2021
# Process ID: 8320
# Current directory: C:/Users/felip/Desktop/IIC2343-Proyecto-G11/Proyecto Base
# Command line: vivado.exe -gui_launcher_event rodinguilauncherevent10272 C:\Users\felip\Desktop\IIC2343-Proyecto-G11\Proyecto Base\Proyecto Base.xpr
# Log file: C:/Users/felip/Desktop/IIC2343-Proyecto-G11/Proyecto Base/vivado.log
# Journal file: C:/Users/felip/Desktop/IIC2343-Proyecto-G11/Proyecto Base\vivado.jou
#-----------------------------------------------------------
start_gui
open_project {C:/Users/felip/Desktop/IIC2343-Proyecto-G11/Proyecto Base/Proyecto Base.xpr}
INFO: [Project 1-313] Project file moved from 'C:/Users/ASUS/Desktop/Arqui/IIC2343-Proyecto-G11/Proyecto Base' since last save.
Scanning sources...
Finished scanning sources
WARNING: [filemgmt 56-2] IPUserFilesDir: Could not find the directory 'C:/Users/felip/Desktop/IIC2343-Proyecto-G11/Proyecto Base/Proyecto Base.ip_user_files', nor could it be found using path 'C:/Users/ASUS/Desktop/Arqui/IIC2343-Proyecto-G11/Proyecto Base/Proyecto Base.ip_user_files'.
INFO: [IP_Flow 19-234] Refreshing IP repositories
INFO: [IP_Flow 19-1704] No user IP repositories specified
INFO: [IP_Flow 19-2313] Loaded Vivado IP repository 'C:/Xilinx/Vivado/2019.2/data/ip'.
open_project: Time (s): cpu = 00:00:13 ; elapsed = 00:00:09 . Memory (MB): peak = 671.316 ; gain = 47.219
update_compile_order -fileset sources_1
reset_run synth_1
launch_runs impl_1 -to_step write_bitstream -jobs 6
[Wed Dec 15 04:53:49 2021] Launched synth_1...
Run output will be captured here: C:/Users/felip/Desktop/IIC2343-Proyecto-G11/Proyecto Base/Proyecto Base.runs/synth_1/runme.log
[Wed Dec 15 04:53:49 2021] Launched impl_1...
Run output will be captured here: C:/Users/felip/Desktop/IIC2343-Proyecto-G11/Proyecto Base/Proyecto Base.runs/impl_1/runme.log
open_run impl_1
INFO: [Device 21-403] Loading part xc7a35tcpg236-1
Netlist sorting complete. Time (s): cpu = 00:00:00 ; elapsed = 00:00:00.022 . Memory (MB): peak = 936.137 ; gain = 0.000
INFO: [Netlist 29-17] Analyzing 742 Unisim elements for replacement
INFO: [Netlist 29-28] Unisim Transformation completed in 1 CPU seconds
INFO: [Project 1-479] Netlist was created with Vivado 2019.2
INFO: [Project 1-570] Preparing netlist for logic optimization
INFO: [Timing 38-478] Restoring timing data from binary archive.
INFO: [Timing 38-479] Binary timing data restore complete.
INFO: [Project 1-856] Restoring constraints from binary archive.
INFO: [Project 1-853] Binary constraint restore complete.
Reading XDEF placement.
Reading placer database...
Reading XDEF routing.
Read XDEF File: Time (s): cpu = 00:00:01 ; elapsed = 00:00:00.559 . Memory (MB): peak = 1624.227 ; gain = 0.000
Restored from archive | CPU: 1.000000 secs | Memory: 0.000000 MB |
Finished XDEF File Restore: Time (s): cpu = 00:00:01 ; elapsed = 00:00:00.635 . Memory (MB): peak = 1624.227 ; gain = 0.000
Netlist sorting complete. Time (s): cpu = 00:00:00 ; elapsed = 00:00:00.004 . Memory (MB): peak = 1624.227 ; gain = 0.000
INFO: [Project 1-111] Unisim Transformation Summary:
  A total of 624 instances were transformed.
  RAM256X1S => RAM256X1S (MUXF7(x2), MUXF8, RAMS64E(x4)): 624 instances

open_run: Time (s): cpu = 00:00:27 ; elapsed = 00:00:30 . Memory (MB): peak = 1761.020 ; gain = 1078.203
reset_run synth_1
launch_runs impl_1 -to_step write_bitstream -jobs 6
[Wed Dec 15 05:04:38 2021] Launched synth_1...
Run output will be captured here: C:/Users/felip/Desktop/IIC2343-Proyecto-G11/Proyecto Base/Proyecto Base.runs/synth_1/runme.log
[Wed Dec 15 05:04:38 2021] Launched impl_1...
Run output will be captured here: C:/Users/felip/Desktop/IIC2343-Proyecto-G11/Proyecto Base/Proyecto Base.runs/impl_1/runme.log
open_hw_manager
connect_hw_server -allow_non_jtag
INFO: [Labtools 27-2285] Connecting to hw_server url TCP:localhost:3121
INFO: [Labtools 27-2222] Launching hw_server...
INFO: [Labtools 27-2221] Launch Output:

****** Xilinx hw_server v2019.2
  **** Build date : Nov  6 2019 at 22:12:23
    ** Copyright 1986-2019 Xilinx, Inc. All Rights Reserved.


INFO: [Labtools 27-3415] Connecting to cs_server url TCP:localhost:3042
INFO: [Labtools 27-3417] Launching cs_server...
INFO: [Labtools 27-2221] Launch Output:


****** Xilinx cs_server v2019.2.0
  **** Build date : Nov 07 2019-02:28:22
    ** Copyright 2017-2019 Xilinx, Inc. All Rights Reserved.



connect_hw_server: Time (s): cpu = 00:00:01 ; elapsed = 00:00:34 . Memory (MB): peak = 1995.672 ; gain = 157.516
open_hw_target
INFO: [Labtoolstcl 44-466] Opening hw_target localhost:3121/xilinx_tcf/Digilent/210183637824A
open_hw_target: Time (s): cpu = 00:00:05 ; elapsed = 00:00:25 . Memory (MB): peak = 3223.121 ; gain = 1227.449
set_property PROGRAM.FILE {C:/Users/felip/Desktop/IIC2343-Proyecto-G11/Proyecto Base/Proyecto Base.runs/impl_1/Basys3.bit} [get_hw_devices xc7a35t_0]
current_hw_device [get_hw_devices xc7a35t_0]
refresh_hw_device -update_hw_probes false [lindex [get_hw_devices xc7a35t_0] 0]
INFO: [Labtools 27-1434] Device xc7a35t (JTAG device index = 0) is programmed with a design that has no supported debug core(s) in it.
set_property PROBES.FILE {} [get_hw_devices xc7a35t_0]
set_property FULL_PROBES.FILE {} [get_hw_devices xc7a35t_0]
set_property PROGRAM.FILE {C:/Users/felip/Desktop/IIC2343-Proyecto-G11/Proyecto Base/Proyecto Base.runs/impl_1/Basys3.bit} [get_hw_devices xc7a35t_0]
program_hw_devices [get_hw_devices xc7a35t_0]
INFO: [Labtools 27-3164] End of startup status: HIGH
refresh_hw_device [lindex [get_hw_devices xc7a35t_0] 0]
INFO: [Labtools 27-1434] Device xc7a35t (JTAG device index = 0) is programmed with a design that has no supported debug core(s) in it.
