#-----------------------------------------------------------
# Vivado v2019.2 (64-bit)
# SW Build 2708876 on Wed Nov  6 21:40:23 MST 2019
# IP Build 2700528 on Thu Nov  7 00:09:20 MST 2019
# Start of session at: Wed Oct 13 20:00:09 2021
# Process ID: 15768
# Current directory: C:/Users/Sebastian/Desktop/Material UC/2021-2/Arqui/IIC2343-Proyecto-G11/Proyecto Base
# Command line: vivado.exe -gui_launcher_event rodinguilauncherevent20088 C:\Users\Sebastian\Desktop\Material UC\2021-2\Arqui\IIC2343-Proyecto-G11\Proyecto Base\Proyecto Base.xpr
# Log file: C:/Users/Sebastian/Desktop/Material UC/2021-2/Arqui/IIC2343-Proyecto-G11/Proyecto Base/vivado.log
# Journal file: C:/Users/Sebastian/Desktop/Material UC/2021-2/Arqui/IIC2343-Proyecto-G11/Proyecto Base\vivado.jou
#-----------------------------------------------------------
start_gui
open_project {C:/Users/Sebastian/Desktop/Material UC/2021-2/Arqui/IIC2343-Proyecto-G11/Proyecto Base/Proyecto Base.xpr}
INFO: [ProjectBase 1-489] The host OS only allows 260 characters in a normal path. The project is stored in a path with more than 80 characters. If you experience issues with IP, Block Designs, or files not being found, please consider moving the project to a location with a shorter path. Alternately consider using the OS subst command to map part of the path to a drive letter.
Current project path is 'C:/Users/Sebastian/Desktop/Material UC/2021-2/Arqui/IIC2343-Proyecto-G11/Proyecto Base'
INFO: [Project 1-313] Project file moved from 'C:/Users/felip/Desktop/Grupo 11/Proyecto Base' since last save.
Scanning sources...
Finished scanning sources
WARNING: [filemgmt 56-2] IPUserFilesDir: Could not find the directory 'C:/Users/Sebastian/Desktop/Material UC/2021-2/Arqui/IIC2343-Proyecto-G11/Proyecto Base/Proyecto Base.ip_user_files', nor could it be found using path 'C:/Users/felip/Desktop/Grupo 11/Proyecto Base/Proyecto Base.ip_user_files'.
INFO: [IP_Flow 19-234] Refreshing IP repositories
INFO: [IP_Flow 19-1704] No user IP repositories specified
INFO: [IP_Flow 19-2313] Loaded Vivado IP repository 'C:/Xilinx/Vivado/2019.2/data/ip'.
open_project: Time (s): cpu = 00:00:20 ; elapsed = 00:00:09 . Memory (MB): peak = 689.785 ; gain = 81.578
update_compile_order -fileset sources_1
exit
INFO: [Common 17-206] Exiting Vivado at Wed Oct 13 20:13:06 2021...
