#-----------------------------------------------------------
# Vivado v2019.2 (64-bit)
# SW Build 2708876 on Wed Nov  6 21:40:23 MST 2019
# IP Build 2700528 on Thu Nov  7 00:09:20 MST 2019
# Start of session at: Sun Nov  7 23:50:22 2021
# Process ID: 39200
# Current directory: C:/Users/felip/Desktop/IIC2343-Proyecto-G11/Proyecto Base
# Command line: vivado.exe -gui_launcher_event rodinguilauncherevent4268 C:\Users\felip\Desktop\IIC2343-Proyecto-G11\Proyecto Base\Proyecto Base.xpr
# Log file: C:/Users/felip/Desktop/IIC2343-Proyecto-G11/Proyecto Base/vivado.log
# Journal file: C:/Users/felip/Desktop/IIC2343-Proyecto-G11/Proyecto Base\vivado.jou
#-----------------------------------------------------------
start_gui
open_project {C:/Users/felip/Desktop/IIC2343-Proyecto-G11/Proyecto Base/Proyecto Base.xpr}
INFO: [Project 1-313] Project file moved from 'C:/Users/Sebastian/Desktop/Material UC/2021-2/Arqui/IIC2343-Proyecto-G11/Proyecto Base' since last save.
Scanning sources...
Finished scanning sources
WARNING: [filemgmt 56-2] IPUserFilesDir: Could not find the directory 'C:/Users/felip/Desktop/IIC2343-Proyecto-G11/Proyecto Base/Proyecto Base.ip_user_files', nor could it be found using path 'C:/Users/Sebastian/Desktop/Material UC/2021-2/Arqui/IIC2343-Proyecto-G11/Proyecto Base/Proyecto Base.ip_user_files'.
INFO: [IP_Flow 19-234] Refreshing IP repositories
INFO: [IP_Flow 19-1704] No user IP repositories specified
INFO: [IP_Flow 19-2313] Loaded Vivado IP repository 'C:/Xilinx/Vivado/2019.2/data/ip'.
open_project: Time (s): cpu = 00:00:39 ; elapsed = 00:00:13 . Memory (MB): peak = 746.684 ; gain = 114.301
update_compile_order -fileset sources_1
exit
INFO: [Common 17-206] Exiting Vivado at Sun Nov  7 23:52:35 2021...
