
*** Running vivado
    with args -log Basys3.vds -m64 -product Vivado -mode batch -messageDb vivado.pb -notrace -source Basys3.tcl


****** Vivado v2019.2 (64-bit)
  **** SW Build 2708876 on Wed Nov  6 21:40:23 MST 2019
  **** IP Build 2700528 on Thu Nov  7 00:09:20 MST 2019
    ** Copyright 1986-2019 Xilinx, Inc. All Rights Reserved.

source Basys3.tcl -notrace
Command: synth_design -top Basys3 -part xc7a35tcpg236-1
Starting synth_design
Attempting to get a license for feature 'Synthesis' and/or device 'xc7a35t'
INFO: [Common 17-349] Got license for feature 'Synthesis' and/or device 'xc7a35t'
INFO: [Device 21-403] Loading part xc7a35tcpg236-1
INFO: Launching helper process for spawning children vivado processes
INFO: Helper process launched with PID 5364 
---------------------------------------------------------------------------------
Starting RTL Elaboration : Time (s): cpu = 00:00:06 ; elapsed = 00:00:07 . Memory (MB): peak = 769.117 ; gain = 234.594
---------------------------------------------------------------------------------
INFO: [Synth 8-638] synthesizing module 'Basys3' [C:/Users/felip/Desktop/IIC2343-Proyecto-G11/Proyecto Base/Proyecto Base.srcs/sources_1/new/Basys3.vhd:17]
INFO: [Synth 8-3491] module 'CPU' declared at 'C:/Users/felip/Desktop/IIC2343-Proyecto-G11/Proyecto Base/Proyecto Base.srcs/sources_1/new/CPU.vhd:7' bound to instance 'inst_CPU' of component 'CPU' [C:/Users/felip/Desktop/IIC2343-Proyecto-G11/Proyecto Base/Proyecto Base.srcs/sources_1/new/Basys3.vhd:212]
INFO: [Synth 8-638] synthesizing module 'CPU' [C:/Users/felip/Desktop/IIC2343-Proyecto-G11/Proyecto Base/Proyecto Base.srcs/sources_1/new/CPU.vhd:20]
INFO: [Synth 8-3491] module 'Control_Unit' declared at 'C:/Users/felip/Desktop/IIC2343-Proyecto-G11/Proyecto Base/Proyecto Base.srcs/sources_1/new/Control_Unit.vhd:34' bound to instance 'inst_ControlUnit' of component 'Control_Unit' [C:/Users/felip/Desktop/IIC2343-Proyecto-G11/Proyecto Base/Proyecto Base.srcs/sources_1/new/CPU.vhd:205]
INFO: [Synth 8-638] synthesizing module 'Control_Unit' [C:/Users/felip/Desktop/IIC2343-Proyecto-G11/Proyecto Base/Proyecto Base.srcs/sources_1/new/Control_Unit.vhd:51]
WARNING: [Synth 8-6044] Case expression and choice expression width mismatch, Case expression is 7 wide and choice expression is 8 wide [C:/Users/felip/Desktop/IIC2343-Proyecto-G11/Proyecto Base/Proyecto Base.srcs/sources_1/new/Control_Unit.vhd:497]
WARNING: [Synth 8-614] signal 'cu_status_in' is read in the process but is not in the sensitivity list [C:/Users/felip/Desktop/IIC2343-Proyecto-G11/Proyecto Base/Proyecto Base.srcs/sources_1/new/Control_Unit.vhd:54]
INFO: [Synth 8-256] done synthesizing module 'Control_Unit' (1#1) [C:/Users/felip/Desktop/IIC2343-Proyecto-G11/Proyecto Base/Proyecto Base.srcs/sources_1/new/Control_Unit.vhd:51]
INFO: [Synth 8-3491] module 'Reg' declared at 'C:/Users/felip/Desktop/IIC2343-Proyecto-G11/Proyecto Base/Proyecto Base.srcs/sources_1/new/Reg.vhd:7' bound to instance 'inst_RegA' of component 'Reg' [C:/Users/felip/Desktop/IIC2343-Proyecto-G11/Proyecto Base/Proyecto Base.srcs/sources_1/new/CPU.vhd:224]
INFO: [Synth 8-638] synthesizing module 'Reg' [C:/Users/felip/Desktop/IIC2343-Proyecto-G11/Proyecto Base/Proyecto Base.srcs/sources_1/new/Reg.vhd:17]
INFO: [Synth 8-256] done synthesizing module 'Reg' (2#1) [C:/Users/felip/Desktop/IIC2343-Proyecto-G11/Proyecto Base/Proyecto Base.srcs/sources_1/new/Reg.vhd:17]
INFO: [Synth 8-3491] module 'Reg' declared at 'C:/Users/felip/Desktop/IIC2343-Proyecto-G11/Proyecto Base/Proyecto Base.srcs/sources_1/new/Reg.vhd:7' bound to instance 'inst_RegB' of component 'Reg' [C:/Users/felip/Desktop/IIC2343-Proyecto-G11/Proyecto Base/Proyecto Base.srcs/sources_1/new/CPU.vhd:234]
INFO: [Synth 8-3491] module 'Adder16' declared at 'C:/Users/felip/Desktop/IIC2343-Proyecto-G11/Proyecto Base/Proyecto Base.srcs/sources_1/new/Adder16.vhd:5' bound to instance 'inst_Adder' of component 'Adder16' [C:/Users/felip/Desktop/IIC2343-Proyecto-G11/Proyecto Base/Proyecto Base.srcs/sources_1/new/CPU.vhd:249]
INFO: [Synth 8-638] synthesizing module 'Adder16' [C:/Users/felip/Desktop/IIC2343-Proyecto-G11/Proyecto Base/Proyecto Base.srcs/sources_1/new/Adder16.vhd:13]
INFO: [Synth 8-3491] module 'FA' declared at 'C:/Users/felip/Desktop/IIC2343-Proyecto-G11/Proyecto Base/Proyecto Base.srcs/sources_1/new/FA.vhd:4' bound to instance 'inst_FA0' of component 'FA' [C:/Users/felip/Desktop/IIC2343-Proyecto-G11/Proyecto Base/Proyecto Base.srcs/sources_1/new/Adder16.vhd:27]
INFO: [Synth 8-638] synthesizing module 'FA' [C:/Users/felip/Desktop/IIC2343-Proyecto-G11/Proyecto Base/Proyecto Base.srcs/sources_1/new/FA.vhd:12]
INFO: [Synth 8-3491] module 'HA' declared at 'C:/Users/felip/Desktop/IIC2343-Proyecto-G11/Proyecto Base/Proyecto Base.srcs/sources_1/new/HA.vhd:5' bound to instance 'inst_HA' of component 'HA' [C:/Users/felip/Desktop/IIC2343-Proyecto-G11/Proyecto Base/Proyecto Base.srcs/sources_1/new/FA.vhd:29]
INFO: [Synth 8-638] synthesizing module 'HA' [C:/Users/felip/Desktop/IIC2343-Proyecto-G11/Proyecto Base/Proyecto Base.srcs/sources_1/new/HA.vhd:12]
INFO: [Synth 8-256] done synthesizing module 'HA' (3#1) [C:/Users/felip/Desktop/IIC2343-Proyecto-G11/Proyecto Base/Proyecto Base.srcs/sources_1/new/HA.vhd:12]
INFO: [Synth 8-3491] module 'HA' declared at 'C:/Users/felip/Desktop/IIC2343-Proyecto-G11/Proyecto Base/Proyecto Base.srcs/sources_1/new/HA.vhd:5' bound to instance 'inst_HA2' of component 'HA' [C:/Users/felip/Desktop/IIC2343-Proyecto-G11/Proyecto Base/Proyecto Base.srcs/sources_1/new/FA.vhd:36]
INFO: [Synth 8-256] done synthesizing module 'FA' (4#1) [C:/Users/felip/Desktop/IIC2343-Proyecto-G11/Proyecto Base/Proyecto Base.srcs/sources_1/new/FA.vhd:12]
INFO: [Synth 8-3491] module 'FA' declared at 'C:/Users/felip/Desktop/IIC2343-Proyecto-G11/Proyecto Base/Proyecto Base.srcs/sources_1/new/FA.vhd:4' bound to instance 'inst_FA1' of component 'FA' [C:/Users/felip/Desktop/IIC2343-Proyecto-G11/Proyecto Base/Proyecto Base.srcs/sources_1/new/Adder16.vhd:35]
INFO: [Synth 8-3491] module 'FA' declared at 'C:/Users/felip/Desktop/IIC2343-Proyecto-G11/Proyecto Base/Proyecto Base.srcs/sources_1/new/FA.vhd:4' bound to instance 'inst_FA2' of component 'FA' [C:/Users/felip/Desktop/IIC2343-Proyecto-G11/Proyecto Base/Proyecto Base.srcs/sources_1/new/Adder16.vhd:43]
INFO: [Synth 8-3491] module 'FA' declared at 'C:/Users/felip/Desktop/IIC2343-Proyecto-G11/Proyecto Base/Proyecto Base.srcs/sources_1/new/FA.vhd:4' bound to instance 'inst_FA3' of component 'FA' [C:/Users/felip/Desktop/IIC2343-Proyecto-G11/Proyecto Base/Proyecto Base.srcs/sources_1/new/Adder16.vhd:51]
INFO: [Synth 8-3491] module 'FA' declared at 'C:/Users/felip/Desktop/IIC2343-Proyecto-G11/Proyecto Base/Proyecto Base.srcs/sources_1/new/FA.vhd:4' bound to instance 'inst_FA4' of component 'FA' [C:/Users/felip/Desktop/IIC2343-Proyecto-G11/Proyecto Base/Proyecto Base.srcs/sources_1/new/Adder16.vhd:59]
INFO: [Synth 8-3491] module 'FA' declared at 'C:/Users/felip/Desktop/IIC2343-Proyecto-G11/Proyecto Base/Proyecto Base.srcs/sources_1/new/FA.vhd:4' bound to instance 'inst_FA5' of component 'FA' [C:/Users/felip/Desktop/IIC2343-Proyecto-G11/Proyecto Base/Proyecto Base.srcs/sources_1/new/Adder16.vhd:67]
INFO: [Synth 8-3491] module 'FA' declared at 'C:/Users/felip/Desktop/IIC2343-Proyecto-G11/Proyecto Base/Proyecto Base.srcs/sources_1/new/FA.vhd:4' bound to instance 'inst_FA6' of component 'FA' [C:/Users/felip/Desktop/IIC2343-Proyecto-G11/Proyecto Base/Proyecto Base.srcs/sources_1/new/Adder16.vhd:75]
INFO: [Synth 8-3491] module 'FA' declared at 'C:/Users/felip/Desktop/IIC2343-Proyecto-G11/Proyecto Base/Proyecto Base.srcs/sources_1/new/FA.vhd:4' bound to instance 'inst_FA7' of component 'FA' [C:/Users/felip/Desktop/IIC2343-Proyecto-G11/Proyecto Base/Proyecto Base.srcs/sources_1/new/Adder16.vhd:83]
INFO: [Synth 8-3491] module 'FA' declared at 'C:/Users/felip/Desktop/IIC2343-Proyecto-G11/Proyecto Base/Proyecto Base.srcs/sources_1/new/FA.vhd:4' bound to instance 'inst_FA8' of component 'FA' [C:/Users/felip/Desktop/IIC2343-Proyecto-G11/Proyecto Base/Proyecto Base.srcs/sources_1/new/Adder16.vhd:90]
INFO: [Synth 8-3491] module 'FA' declared at 'C:/Users/felip/Desktop/IIC2343-Proyecto-G11/Proyecto Base/Proyecto Base.srcs/sources_1/new/FA.vhd:4' bound to instance 'inst_FA9' of component 'FA' [C:/Users/felip/Desktop/IIC2343-Proyecto-G11/Proyecto Base/Proyecto Base.srcs/sources_1/new/Adder16.vhd:97]
INFO: [Synth 8-3491] module 'FA' declared at 'C:/Users/felip/Desktop/IIC2343-Proyecto-G11/Proyecto Base/Proyecto Base.srcs/sources_1/new/FA.vhd:4' bound to instance 'inst_FA10' of component 'FA' [C:/Users/felip/Desktop/IIC2343-Proyecto-G11/Proyecto Base/Proyecto Base.srcs/sources_1/new/Adder16.vhd:104]
INFO: [Synth 8-3491] module 'FA' declared at 'C:/Users/felip/Desktop/IIC2343-Proyecto-G11/Proyecto Base/Proyecto Base.srcs/sources_1/new/FA.vhd:4' bound to instance 'inst_FA11' of component 'FA' [C:/Users/felip/Desktop/IIC2343-Proyecto-G11/Proyecto Base/Proyecto Base.srcs/sources_1/new/Adder16.vhd:111]
INFO: [Synth 8-3491] module 'FA' declared at 'C:/Users/felip/Desktop/IIC2343-Proyecto-G11/Proyecto Base/Proyecto Base.srcs/sources_1/new/FA.vhd:4' bound to instance 'inst_FA12' of component 'FA' [C:/Users/felip/Desktop/IIC2343-Proyecto-G11/Proyecto Base/Proyecto Base.srcs/sources_1/new/Adder16.vhd:118]
INFO: [Synth 8-3491] module 'FA' declared at 'C:/Users/felip/Desktop/IIC2343-Proyecto-G11/Proyecto Base/Proyecto Base.srcs/sources_1/new/FA.vhd:4' bound to instance 'inst_FA13' of component 'FA' [C:/Users/felip/Desktop/IIC2343-Proyecto-G11/Proyecto Base/Proyecto Base.srcs/sources_1/new/Adder16.vhd:125]
INFO: [Synth 8-3491] module 'FA' declared at 'C:/Users/felip/Desktop/IIC2343-Proyecto-G11/Proyecto Base/Proyecto Base.srcs/sources_1/new/FA.vhd:4' bound to instance 'inst_FA14' of component 'FA' [C:/Users/felip/Desktop/IIC2343-Proyecto-G11/Proyecto Base/Proyecto Base.srcs/sources_1/new/Adder16.vhd:132]
INFO: [Synth 8-3491] module 'FA' declared at 'C:/Users/felip/Desktop/IIC2343-Proyecto-G11/Proyecto Base/Proyecto Base.srcs/sources_1/new/FA.vhd:4' bound to instance 'inst_FA15' of component 'FA' [C:/Users/felip/Desktop/IIC2343-Proyecto-G11/Proyecto Base/Proyecto Base.srcs/sources_1/new/Adder16.vhd:139]
INFO: [Synth 8-256] done synthesizing module 'Adder16' (5#1) [C:/Users/felip/Desktop/IIC2343-Proyecto-G11/Proyecto Base/Proyecto Base.srcs/sources_1/new/Adder16.vhd:13]
INFO: [Synth 8-3491] module 'CountPC' declared at 'C:/Users/felip/Desktop/IIC2343-Proyecto-G11/Proyecto Base/Proyecto Base.srcs/sources_1/new/CountPC.vhd:7' bound to instance 'inst_CountPC' of component 'CountPC' [C:/Users/felip/Desktop/IIC2343-Proyecto-G11/Proyecto Base/Proyecto Base.srcs/sources_1/new/CPU.vhd:257]
INFO: [Synth 8-638] synthesizing module 'CountPC' [C:/Users/felip/Desktop/IIC2343-Proyecto-G11/Proyecto Base/Proyecto Base.srcs/sources_1/new/CountPC.vhd:17]
INFO: [Synth 8-256] done synthesizing module 'CountPC' (6#1) [C:/Users/felip/Desktop/IIC2343-Proyecto-G11/Proyecto Base/Proyecto Base.srcs/sources_1/new/CountPC.vhd:17]
INFO: [Synth 8-3491] module 'SP' declared at 'C:/Users/felip/Desktop/IIC2343-Proyecto-G11/Proyecto Base/Proyecto Base.srcs/sources_1/new/SP.vhd:34' bound to instance 'inst_SP' of component 'SP' [C:/Users/felip/Desktop/IIC2343-Proyecto-G11/Proyecto Base/Proyecto Base.srcs/sources_1/new/CPU.vhd:269]
INFO: [Synth 8-638] synthesizing module 'SP' [C:/Users/felip/Desktop/IIC2343-Proyecto-G11/Proyecto Base/Proyecto Base.srcs/sources_1/new/SP.vhd:41]
INFO: [Synth 8-3491] module 'Reg' declared at 'C:/Users/felip/Desktop/IIC2343-Proyecto-G11/Proyecto Base/Proyecto Base.srcs/sources_1/new/Reg.vhd:7' bound to instance 'inst_Reg' of component 'Reg' [C:/Users/felip/Desktop/IIC2343-Proyecto-G11/Proyecto Base/Proyecto Base.srcs/sources_1/new/SP.vhd:60]
INFO: [Synth 8-256] done synthesizing module 'SP' (7#1) [C:/Users/felip/Desktop/IIC2343-Proyecto-G11/Proyecto Base/Proyecto Base.srcs/sources_1/new/SP.vhd:41]
INFO: [Synth 8-3491] module 'Status' declared at 'C:/Users/felip/Desktop/IIC2343-Proyecto-G11/Proyecto Base/Proyecto Base.srcs/sources_1/new/Status.vhd:7' bound to instance 'inst_Status' of component 'Status' [C:/Users/felip/Desktop/IIC2343-Proyecto-G11/Proyecto Base/Proyecto Base.srcs/sources_1/new/CPU.vhd:281]
INFO: [Synth 8-638] synthesizing module 'Status' [C:/Users/felip/Desktop/IIC2343-Proyecto-G11/Proyecto Base/Proyecto Base.srcs/sources_1/new/Status.vhd:17]
INFO: [Synth 8-256] done synthesizing module 'Status' (8#1) [C:/Users/felip/Desktop/IIC2343-Proyecto-G11/Proyecto Base/Proyecto Base.srcs/sources_1/new/Status.vhd:17]
INFO: [Synth 8-3491] module 'ALU' declared at 'C:/Users/felip/Desktop/IIC2343-Proyecto-G11/Proyecto Base/Proyecto Base.srcs/sources_1/new/ALU.vhd:4' bound to instance 'inst_ALU' of component 'ALU' [C:/Users/felip/Desktop/IIC2343-Proyecto-G11/Proyecto Base/Proyecto Base.srcs/sources_1/new/CPU.vhd:293]
INFO: [Synth 8-638] synthesizing module 'ALU' [C:/Users/felip/Desktop/IIC2343-Proyecto-G11/Proyecto Base/Proyecto Base.srcs/sources_1/new/ALU.vhd:14]
INFO: [Synth 8-3491] module 'Adder16' declared at 'C:/Users/felip/Desktop/IIC2343-Proyecto-G11/Proyecto Base/Proyecto Base.srcs/sources_1/new/Adder16.vhd:5' bound to instance 'inst_Adder16' of component 'Adder16' [C:/Users/felip/Desktop/IIC2343-Proyecto-G11/Proyecto Base/Proyecto Base.srcs/sources_1/new/ALU.vhd:80]
INFO: [Synth 8-256] done synthesizing module 'ALU' (9#1) [C:/Users/felip/Desktop/IIC2343-Proyecto-G11/Proyecto Base/Proyecto Base.srcs/sources_1/new/ALU.vhd:14]
WARNING: [Synth 8-3848] Net rom_address in module/entity CPU does not have driver. [C:/Users/felip/Desktop/IIC2343-Proyecto-G11/Proyecto Base/Proyecto Base.srcs/sources_1/new/CPU.vhd:15]
CRITICAL WARNING: [Synth 8-6859] multi-driven net on pin C:/Users/felip/Desktop/IIC2343-Proyecto-G11/Proyecto Base/Proyecto Base.srcs/sources_1/new/CPU.vhd-249.0 with 1st driver pin 'CPU:/inst_CountPC/dataout[0]' [C:/Users/felip/Desktop/IIC2343-Proyecto-G11/Proyecto Base/Proyecto Base.srcs/sources_1/new/CPU.vhd:249]
CRITICAL WARNING: [Synth 8-6859] multi-driven net on pin C:/Users/felip/Desktop/IIC2343-Proyecto-G11/Proyecto Base/Proyecto Base.srcs/sources_1/new/CPU.vhd-249.0 with 2nd driver pin 'GND' [C:/Users/felip/Desktop/IIC2343-Proyecto-G11/Proyecto Base/Proyecto Base.srcs/sources_1/new/CPU.vhd:249]
CRITICAL WARNING: [Synth 8-6858] multi-driven net C:/Users/felip/Desktop/IIC2343-Proyecto-G11/Proyecto Base/Proyecto Base.srcs/sources_1/new/CPU.vhd-249.0 is connected to at least one constant driver which has been preserved, other driver is ignored [C:/Users/felip/Desktop/IIC2343-Proyecto-G11/Proyecto Base/Proyecto Base.srcs/sources_1/new/CPU.vhd:249]
INFO: [Synth 8-256] done synthesizing module 'CPU' (10#1) [C:/Users/felip/Desktop/IIC2343-Proyecto-G11/Proyecto Base/Proyecto Base.srcs/sources_1/new/CPU.vhd:20]
INFO: [Synth 8-3491] module 'ROM' declared at 'C:/Users/felip/Desktop/IIC2343-Proyecto-G11/Proyecto Base/Proyecto Base.srcs/sources_1/new/ROM.vhd:6' bound to instance 'inst_ROM' of component 'ROM' [C:/Users/felip/Desktop/IIC2343-Proyecto-G11/Proyecto Base/Proyecto Base.srcs/sources_1/new/Basys3.vhd:226]
INFO: [Synth 8-638] synthesizing module 'ROM' [C:/Users/felip/Desktop/IIC2343-Proyecto-G11/Proyecto Base/Proyecto Base.srcs/sources_1/new/ROM.vhd:17]
INFO: [Synth 8-256] done synthesizing module 'ROM' (11#1) [C:/Users/felip/Desktop/IIC2343-Proyecto-G11/Proyecto Base/Proyecto Base.srcs/sources_1/new/ROM.vhd:17]
INFO: [Synth 8-3491] module 'RAM' declared at 'C:/Users/felip/Desktop/IIC2343-Proyecto-G11/Proyecto Base/Proyecto Base.srcs/sources_1/new/RAM.vhd:8' bound to instance 'inst_RAM' of component 'RAM' [C:/Users/felip/Desktop/IIC2343-Proyecto-G11/Proyecto Base/Proyecto Base.srcs/sources_1/new/Basys3.vhd:236]
INFO: [Synth 8-638] synthesizing module 'RAM' [C:/Users/felip/Desktop/IIC2343-Proyecto-G11/Proyecto Base/Proyecto Base.srcs/sources_1/new/RAM.vhd:18]
INFO: [Synth 8-256] done synthesizing module 'RAM' (12#1) [C:/Users/felip/Desktop/IIC2343-Proyecto-G11/Proyecto Base/Proyecto Base.srcs/sources_1/new/RAM.vhd:18]
INFO: [Synth 8-3491] module 'Clock_Divider' declared at 'C:/Users/felip/Desktop/IIC2343-Proyecto-G11/Proyecto Base/Proyecto Base.srcs/sources_1/new/Clock_Divider.vhd:7' bound to instance 'inst_Clock_Divider' of component 'Clock_Divider' [C:/Users/felip/Desktop/IIC2343-Proyecto-G11/Proyecto Base/Proyecto Base.srcs/sources_1/new/Basys3.vhd:245]
INFO: [Synth 8-638] synthesizing module 'Clock_Divider' [C:/Users/felip/Desktop/IIC2343-Proyecto-G11/Proyecto Base/Proyecto Base.srcs/sources_1/new/Clock_Divider.vhd:13]
INFO: [Synth 8-256] done synthesizing module 'Clock_Divider' (13#1) [C:/Users/felip/Desktop/IIC2343-Proyecto-G11/Proyecto Base/Proyecto Base.srcs/sources_1/new/Clock_Divider.vhd:13]
INFO: [Synth 8-3491] module 'Display_Controller' declared at 'C:/Users/felip/Desktop/IIC2343-Proyecto-G11/Proyecto Base/Proyecto Base.srcs/sources_1/new/Display_Controller.vhd:7' bound to instance 'inst_Display_Controller' of component 'Display_Controller' [C:/Users/felip/Desktop/IIC2343-Proyecto-G11/Proyecto Base/Proyecto Base.srcs/sources_1/new/Basys3.vhd:252]
INFO: [Synth 8-638] synthesizing module 'Display_Controller' [C:/Users/felip/Desktop/IIC2343-Proyecto-G11/Proyecto Base/Proyecto Base.srcs/sources_1/new/Display_Controller.vhd:19]
INFO: [Synth 8-256] done synthesizing module 'Display_Controller' (14#1) [C:/Users/felip/Desktop/IIC2343-Proyecto-G11/Proyecto Base/Proyecto Base.srcs/sources_1/new/Display_Controller.vhd:19]
INFO: [Synth 8-3491] module 'Debouncer' declared at 'C:/Users/felip/Desktop/IIC2343-Proyecto-G11/Proyecto Base/Proyecto Base.srcs/sources_1/new/Debouncer.vhd:8' bound to instance 'inst_Debouncer0' of component 'Debouncer' [C:/Users/felip/Desktop/IIC2343-Proyecto-G11/Proyecto Base/Proyecto Base.srcs/sources_1/new/Basys3.vhd:263]
INFO: [Synth 8-638] synthesizing module 'Debouncer' [C:/Users/felip/Desktop/IIC2343-Proyecto-G11/Proyecto Base/Proyecto Base.srcs/sources_1/new/Debouncer.vhd:14]
INFO: [Synth 8-256] done synthesizing module 'Debouncer' (15#1) [C:/Users/felip/Desktop/IIC2343-Proyecto-G11/Proyecto Base/Proyecto Base.srcs/sources_1/new/Debouncer.vhd:14]
INFO: [Synth 8-3491] module 'Debouncer' declared at 'C:/Users/felip/Desktop/IIC2343-Proyecto-G11/Proyecto Base/Proyecto Base.srcs/sources_1/new/Debouncer.vhd:8' bound to instance 'inst_Debouncer1' of component 'Debouncer' [C:/Users/felip/Desktop/IIC2343-Proyecto-G11/Proyecto Base/Proyecto Base.srcs/sources_1/new/Basys3.vhd:264]
INFO: [Synth 8-3491] module 'Debouncer' declared at 'C:/Users/felip/Desktop/IIC2343-Proyecto-G11/Proyecto Base/Proyecto Base.srcs/sources_1/new/Debouncer.vhd:8' bound to instance 'inst_Debouncer2' of component 'Debouncer' [C:/Users/felip/Desktop/IIC2343-Proyecto-G11/Proyecto Base/Proyecto Base.srcs/sources_1/new/Basys3.vhd:265]
INFO: [Synth 8-3491] module 'Debouncer' declared at 'C:/Users/felip/Desktop/IIC2343-Proyecto-G11/Proyecto Base/Proyecto Base.srcs/sources_1/new/Debouncer.vhd:8' bound to instance 'inst_Debouncer3' of component 'Debouncer' [C:/Users/felip/Desktop/IIC2343-Proyecto-G11/Proyecto Base/Proyecto Base.srcs/sources_1/new/Basys3.vhd:266]
INFO: [Synth 8-3491] module 'Debouncer' declared at 'C:/Users/felip/Desktop/IIC2343-Proyecto-G11/Proyecto Base/Proyecto Base.srcs/sources_1/new/Debouncer.vhd:8' bound to instance 'inst_Debouncer4' of component 'Debouncer' [C:/Users/felip/Desktop/IIC2343-Proyecto-G11/Proyecto Base/Proyecto Base.srcs/sources_1/new/Basys3.vhd:267]
INFO: [Synth 8-3491] module 'Programmer' declared at 'C:/Users/felip/Desktop/IIC2343-Proyecto-G11/Proyecto Base/Proyecto Base.srcs/sources_1/new/Programmer.vhd:6' bound to instance 'inst_Programmer' of component 'Programmer' [C:/Users/felip/Desktop/IIC2343-Proyecto-G11/Proyecto Base/Proyecto Base.srcs/sources_1/new/Basys3.vhd:270]
INFO: [Synth 8-638] synthesizing module 'Programmer' [C:/Users/felip/Desktop/IIC2343-Proyecto-G11/Proyecto Base/Proyecto Base.srcs/sources_1/new/Programmer.vhd:17]
INFO: [Synth 8-3491] module 'UART' declared at 'C:/Users/felip/Desktop/IIC2343-Proyecto-G11/Proyecto Base/Proyecto Base.srcs/sources_1/new/UART.vhd:11' bound to instance 'inst_UART' of component 'UART' [C:/Users/felip/Desktop/IIC2343-Proyecto-G11/Proyecto Base/Proyecto Base.srcs/sources_1/new/Programmer.vhd:118]
INFO: [Synth 8-638] synthesizing module 'UART' [C:/Users/felip/Desktop/IIC2343-Proyecto-G11/Proyecto Base/Proyecto Base.srcs/sources_1/new/UART.vhd:37]
	Parameter DIVISOR bound to: 54 - type: integer 
INFO: [Synth 8-256] done synthesizing module 'UART' (16#1) [C:/Users/felip/Desktop/IIC2343-Proyecto-G11/Proyecto Base/Proyecto Base.srcs/sources_1/new/UART.vhd:37]
INFO: [Synth 8-256] done synthesizing module 'Programmer' (17#1) [C:/Users/felip/Desktop/IIC2343-Proyecto-G11/Proyecto Base/Proyecto Base.srcs/sources_1/new/Programmer.vhd:17]
WARNING: [Synth 8-3848] Net led in module/entity Basys3 does not have driver. [C:/Users/felip/Desktop/IIC2343-Proyecto-G11/Proyecto Base/Proyecto Base.srcs/sources_1/new/Basys3.vhd:8]
INFO: [Synth 8-256] done synthesizing module 'Basys3' (18#1) [C:/Users/felip/Desktop/IIC2343-Proyecto-G11/Proyecto Base/Proyecto Base.srcs/sources_1/new/Basys3.vhd:17]
WARNING: [Synth 8-3331] design Control_Unit has unconnected port cu_in[19]
WARNING: [Synth 8-3331] design Control_Unit has unconnected port cu_in[18]
WARNING: [Synth 8-3331] design Control_Unit has unconnected port cu_in[17]
WARNING: [Synth 8-3331] design Control_Unit has unconnected port cu_in[16]
WARNING: [Synth 8-3331] design Control_Unit has unconnected port cu_in[15]
WARNING: [Synth 8-3331] design Control_Unit has unconnected port cu_in[14]
WARNING: [Synth 8-3331] design Control_Unit has unconnected port cu_in[13]
WARNING: [Synth 8-3331] design Control_Unit has unconnected port cu_in[12]
WARNING: [Synth 8-3331] design Control_Unit has unconnected port cu_in[11]
WARNING: [Synth 8-3331] design Control_Unit has unconnected port cu_in[10]
WARNING: [Synth 8-3331] design Control_Unit has unconnected port cu_in[9]
WARNING: [Synth 8-3331] design Control_Unit has unconnected port cu_in[8]
WARNING: [Synth 8-3331] design Control_Unit has unconnected port cu_in[7]
WARNING: [Synth 8-3331] design CPU has unconnected port rom_address[11]
WARNING: [Synth 8-3331] design CPU has unconnected port rom_address[10]
WARNING: [Synth 8-3331] design CPU has unconnected port rom_address[9]
WARNING: [Synth 8-3331] design CPU has unconnected port rom_address[8]
WARNING: [Synth 8-3331] design CPU has unconnected port rom_address[7]
WARNING: [Synth 8-3331] design CPU has unconnected port rom_address[6]
WARNING: [Synth 8-3331] design CPU has unconnected port rom_address[5]
WARNING: [Synth 8-3331] design CPU has unconnected port rom_address[4]
WARNING: [Synth 8-3331] design CPU has unconnected port rom_address[3]
WARNING: [Synth 8-3331] design CPU has unconnected port rom_address[2]
WARNING: [Synth 8-3331] design CPU has unconnected port rom_address[1]
WARNING: [Synth 8-3331] design CPU has unconnected port rom_address[0]
WARNING: [Synth 8-3331] design Basys3 has unconnected port led[15]
WARNING: [Synth 8-3331] design Basys3 has unconnected port led[14]
WARNING: [Synth 8-3331] design Basys3 has unconnected port led[13]
WARNING: [Synth 8-3331] design Basys3 has unconnected port led[12]
WARNING: [Synth 8-3331] design Basys3 has unconnected port led[11]
WARNING: [Synth 8-3331] design Basys3 has unconnected port led[10]
WARNING: [Synth 8-3331] design Basys3 has unconnected port led[9]
WARNING: [Synth 8-3331] design Basys3 has unconnected port led[8]
WARNING: [Synth 8-3331] design Basys3 has unconnected port led[7]
WARNING: [Synth 8-3331] design Basys3 has unconnected port led[6]
WARNING: [Synth 8-3331] design Basys3 has unconnected port led[5]
WARNING: [Synth 8-3331] design Basys3 has unconnected port led[4]
WARNING: [Synth 8-3331] design Basys3 has unconnected port led[3]
WARNING: [Synth 8-3331] design Basys3 has unconnected port led[2]
WARNING: [Synth 8-3331] design Basys3 has unconnected port led[1]
WARNING: [Synth 8-3331] design Basys3 has unconnected port led[0]
WARNING: [Synth 8-3331] design Basys3 has unconnected port sw[15]
WARNING: [Synth 8-3331] design Basys3 has unconnected port sw[14]
WARNING: [Synth 8-3331] design Basys3 has unconnected port sw[13]
WARNING: [Synth 8-3331] design Basys3 has unconnected port sw[12]
WARNING: [Synth 8-3331] design Basys3 has unconnected port sw[11]
WARNING: [Synth 8-3331] design Basys3 has unconnected port sw[10]
WARNING: [Synth 8-3331] design Basys3 has unconnected port sw[9]
WARNING: [Synth 8-3331] design Basys3 has unconnected port sw[8]
WARNING: [Synth 8-3331] design Basys3 has unconnected port sw[7]
WARNING: [Synth 8-3331] design Basys3 has unconnected port sw[6]
WARNING: [Synth 8-3331] design Basys3 has unconnected port sw[5]
WARNING: [Synth 8-3331] design Basys3 has unconnected port sw[4]
WARNING: [Synth 8-3331] design Basys3 has unconnected port sw[3]
WARNING: [Synth 8-3331] design Basys3 has unconnected port sw[2]
WARNING: [Synth 8-3331] design Basys3 has unconnected port sw[1]
WARNING: [Synth 8-3331] design Basys3 has unconnected port sw[0]
---------------------------------------------------------------------------------
Finished RTL Elaboration : Time (s): cpu = 00:00:09 ; elapsed = 00:00:11 . Memory (MB): peak = 844.047 ; gain = 309.523
---------------------------------------------------------------------------------

Report Check Netlist: 
+------+------------------+-------+---------+-------+------------------+
|      |Item              |Errors |Warnings |Status |Description       |
+------+------------------+-------+---------+-------+------------------+
|1     |multi_driven_nets |      0|        0|Passed |Multi driven nets |
+------+------------------+-------+---------+-------+------------------+
---------------------------------------------------------------------------------
Start Handling Custom Attributes
---------------------------------------------------------------------------------
---------------------------------------------------------------------------------
Finished Handling Custom Attributes : Time (s): cpu = 00:00:10 ; elapsed = 00:00:12 . Memory (MB): peak = 844.047 ; gain = 309.523
---------------------------------------------------------------------------------
---------------------------------------------------------------------------------
Finished RTL Optimization Phase 1 : Time (s): cpu = 00:00:10 ; elapsed = 00:00:12 . Memory (MB): peak = 844.047 ; gain = 309.523
---------------------------------------------------------------------------------
Netlist sorting complete. Time (s): cpu = 00:00:00 ; elapsed = 00:00:00.066 . Memory (MB): peak = 844.047 ; gain = 0.000
INFO: [Project 1-570] Preparing netlist for logic optimization

Processing XDC Constraints
Initializing timing engine
Parsing XDC File [C:/Users/felip/Desktop/IIC2343-Proyecto-G11/Proyecto Base/Proyecto Base.srcs/constrs_1/new/Basys3.xdc]
Finished Parsing XDC File [C:/Users/felip/Desktop/IIC2343-Proyecto-G11/Proyecto Base/Proyecto Base.srcs/constrs_1/new/Basys3.xdc]
INFO: [Project 1-236] Implementation specific constraints were found while reading constraint file [C:/Users/felip/Desktop/IIC2343-Proyecto-G11/Proyecto Base/Proyecto Base.srcs/constrs_1/new/Basys3.xdc]. These constraints will be ignored for synthesis but will be used in implementation. Impacted constraints are listed in the file [.Xil/Basys3_propImpl.xdc].
Resolution: To avoid this warning, move constraints listed in [.Xil/Basys3_propImpl.xdc] to another XDC file and exclude this new file from synthesis with the used_in_synthesis property (File Properties dialog in GUI) and re-run elaboration/synthesis.
Completed Processing XDC Constraints

Netlist sorting complete. Time (s): cpu = 00:00:00 ; elapsed = 00:00:00.002 . Memory (MB): peak = 948.434 ; gain = 0.000
INFO: [Project 1-111] Unisim Transformation Summary:
No Unisim elements were transformed.

Constraint Validation Runtime : Time (s): cpu = 00:00:00 ; elapsed = 00:00:00.047 . Memory (MB): peak = 948.434 ; gain = 0.000
---------------------------------------------------------------------------------
Finished Constraint Validation : Time (s): cpu = 00:00:21 ; elapsed = 00:00:25 . Memory (MB): peak = 948.434 ; gain = 413.910
---------------------------------------------------------------------------------
---------------------------------------------------------------------------------
Start Loading Part and Timing Information
---------------------------------------------------------------------------------
Loading part: xc7a35tcpg236-1
---------------------------------------------------------------------------------
Finished Loading Part and Timing Information : Time (s): cpu = 00:00:21 ; elapsed = 00:00:25 . Memory (MB): peak = 948.434 ; gain = 413.910
---------------------------------------------------------------------------------
---------------------------------------------------------------------------------
Start Applying 'set_property' XDC Constraints
---------------------------------------------------------------------------------
---------------------------------------------------------------------------------
Finished applying 'set_property' XDC Constraints : Time (s): cpu = 00:00:21 ; elapsed = 00:00:26 . Memory (MB): peak = 948.434 ; gain = 413.910
---------------------------------------------------------------------------------
INFO: [Synth 8-5818] HDL ADVISOR - The operator resource <adder> is shared. To prevent sharing consider applying a KEEP on the output of the operator [C:/Users/felip/Desktop/IIC2343-Proyecto-G11/Proyecto Base/Proyecto Base.srcs/sources_1/new/Reg.vhd:26]
INFO: [Synth 8-5818] HDL ADVISOR - The operator resource <adder> is shared. To prevent sharing consider applying a KEEP on the output of the operator [C:/Users/felip/Desktop/IIC2343-Proyecto-G11/Proyecto Base/Proyecto Base.srcs/sources_1/new/CountPC.vhd:26]
---------------------------------------------------------------------------------
Finished RTL Optimization Phase 2 : Time (s): cpu = 00:00:23 ; elapsed = 00:00:27 . Memory (MB): peak = 948.434 ; gain = 413.910
---------------------------------------------------------------------------------

Report RTL Partitions: 
+-+--------------+------------+----------+
| |RTL Partition |Replication |Instances |
+-+--------------+------------+----------+
+-+--------------+------------+----------+
---------------------------------------------------------------------------------
Start RTL Component Statistics 
---------------------------------------------------------------------------------
Detailed RTL Component Info : 
+---Adders : 
	   2 Input      6 Bit       Adders := 1     
	   2 Input      4 Bit       Adders := 4     
	   2 Input      3 Bit       Adders := 1     
	   2 Input      2 Bit       Adders := 1     
+---XORs : 
	   2 Input     16 Bit         XORs := 1     
	   2 Input      1 Bit         XORs := 69    
+---Registers : 
	               36 Bit    Registers := 1     
	               12 Bit    Registers := 1     
	                9 Bit    Registers := 1     
	                8 Bit    Registers := 7     
	                6 Bit    Registers := 1     
	                5 Bit    Registers := 1     
	                4 Bit    Registers := 4     
	                3 Bit    Registers := 1     
	                2 Bit    Registers := 1     
	                1 Bit    Registers := 15    
+---Muxes : 
	   2 Input     36 Bit        Muxes := 1     
	   4 Input     27 Bit        Muxes := 1     
	   2 Input     16 Bit        Muxes := 2     
	   4 Input     16 Bit        Muxes := 2     
	   2 Input     12 Bit        Muxes := 4     
	   2 Input      9 Bit        Muxes := 3     
	   2 Input      8 Bit        Muxes := 1     
	   2 Input      6 Bit        Muxes := 1     
	   3 Input      5 Bit        Muxes := 1     
	   2 Input      5 Bit        Muxes := 2     
	   8 Input      5 Bit        Muxes := 1     
	   4 Input      4 Bit        Muxes := 2     
	   2 Input      4 Bit        Muxes := 3     
	   3 Input      4 Bit        Muxes := 1     
	  96 Input      3 Bit        Muxes := 1     
	   2 Input      3 Bit        Muxes := 1     
	  96 Input      2 Bit        Muxes := 3     
	   2 Input      2 Bit        Muxes := 3     
	  96 Input      1 Bit        Muxes := 6     
	   2 Input      1 Bit        Muxes := 26    
	   8 Input      1 Bit        Muxes := 4     
	  10 Input      1 Bit        Muxes := 1     
	   4 Input      1 Bit        Muxes := 1     
	   3 Input      1 Bit        Muxes := 1     
	   7 Input      1 Bit        Muxes := 1     
	   6 Input      1 Bit        Muxes := 1     
	   5 Input      1 Bit        Muxes := 1     
---------------------------------------------------------------------------------
Finished RTL Component Statistics 
---------------------------------------------------------------------------------
---------------------------------------------------------------------------------
Start RTL Hierarchical Component Statistics 
---------------------------------------------------------------------------------
Hierarchical RTL Component report 
Module Basys3 
Detailed RTL Component Info : 
+---Muxes : 
	   2 Input     12 Bit        Muxes := 1     
Module Control_Unit 
Detailed RTL Component Info : 
+---Muxes : 
	  96 Input      3 Bit        Muxes := 1     
	  96 Input      2 Bit        Muxes := 3     
	   2 Input      2 Bit        Muxes := 2     
	  96 Input      1 Bit        Muxes := 6     
Module Reg 
Detailed RTL Component Info : 
+---Muxes : 
	   2 Input      1 Bit        Muxes := 2     
Module HA 
Detailed RTL Component Info : 
+---XORs : 
	   2 Input      1 Bit         XORs := 1     
Module CountPC 
Detailed RTL Component Info : 
+---Muxes : 
	   2 Input      1 Bit        Muxes := 2     
Module Status 
Detailed RTL Component Info : 
+---Adders : 
	   2 Input      3 Bit       Adders := 1     
+---Registers : 
	                3 Bit    Registers := 1     
+---Muxes : 
	   2 Input      3 Bit        Muxes := 1     
	   2 Input      2 Bit        Muxes := 1     
	   2 Input      1 Bit        Muxes := 2     
Module ALU 
Detailed RTL Component Info : 
+---XORs : 
	   2 Input     16 Bit         XORs := 1     
+---Muxes : 
	   2 Input     16 Bit        Muxes := 1     
	   8 Input      1 Bit        Muxes := 1     
Module CPU 
Detailed RTL Component Info : 
+---Muxes : 
	   2 Input     16 Bit        Muxes := 1     
	   4 Input     16 Bit        Muxes := 2     
	   2 Input     12 Bit        Muxes := 3     
Module ROM 
Detailed RTL Component Info : 
+---Muxes : 
	   2 Input     36 Bit        Muxes := 1     
Module Clock_Divider 
Detailed RTL Component Info : 
+---Registers : 
	                1 Bit    Registers := 1     
+---Muxes : 
	   4 Input     27 Bit        Muxes := 1     
Module Display_Controller 
Detailed RTL Component Info : 
+---Adders : 
	   2 Input      2 Bit       Adders := 1     
+---Registers : 
	                2 Bit    Registers := 1     
+---Muxes : 
	   4 Input      4 Bit        Muxes := 2     
Module Debouncer 
Detailed RTL Component Info : 
+---XORs : 
	   2 Input      1 Bit         XORs := 1     
+---Registers : 
	                1 Bit    Registers := 1     
+---Muxes : 
	   2 Input      1 Bit        Muxes := 1     
Module UART 
Detailed RTL Component Info : 
+---Adders : 
	   2 Input      6 Bit       Adders := 1     
	   2 Input      4 Bit       Adders := 4     
+---Registers : 
	                9 Bit    Registers := 1     
	                8 Bit    Registers := 1     
	                6 Bit    Registers := 1     
	                4 Bit    Registers := 4     
	                1 Bit    Registers := 5     
+---Muxes : 
	   2 Input      9 Bit        Muxes := 3     
	   2 Input      8 Bit        Muxes := 1     
	   2 Input      6 Bit        Muxes := 1     
	   2 Input      4 Bit        Muxes := 2     
	   3 Input      4 Bit        Muxes := 1     
	   2 Input      1 Bit        Muxes := 10    
Module Programmer 
Detailed RTL Component Info : 
+---Registers : 
	               36 Bit    Registers := 1     
	               12 Bit    Registers := 1     
	                8 Bit    Registers := 6     
	                5 Bit    Registers := 1     
	                1 Bit    Registers := 4     
+---Muxes : 
	   3 Input      5 Bit        Muxes := 1     
	   2 Input      5 Bit        Muxes := 2     
	   8 Input      5 Bit        Muxes := 1     
	   2 Input      4 Bit        Muxes := 1     
	  10 Input      1 Bit        Muxes := 1     
	   8 Input      1 Bit        Muxes := 3     
	   2 Input      1 Bit        Muxes := 1     
	   4 Input      1 Bit        Muxes := 1     
	   3 Input      1 Bit        Muxes := 1     
	   7 Input      1 Bit        Muxes := 1     
	   6 Input      1 Bit        Muxes := 1     
	   5 Input      1 Bit        Muxes := 1     
---------------------------------------------------------------------------------
Finished RTL Hierarchical Component Statistics
---------------------------------------------------------------------------------
---------------------------------------------------------------------------------
Start Part Resource Summary
---------------------------------------------------------------------------------
Part Resources:
DSPs: 90 (col length:60)
BRAMs: 100 (col length: RAMB18 60 RAMB36 30)
---------------------------------------------------------------------------------
Finished Part Resource Summary
---------------------------------------------------------------------------------
---------------------------------------------------------------------------------
Start Cross Boundary and Area Optimization
---------------------------------------------------------------------------------
Warning: Parallel synthesis criteria is not met 
WARNING: [Synth 8-3331] design Basys3 has unconnected port led[15]
WARNING: [Synth 8-3331] design Basys3 has unconnected port led[14]
WARNING: [Synth 8-3331] design Basys3 has unconnected port led[13]
WARNING: [Synth 8-3331] design Basys3 has unconnected port led[12]
WARNING: [Synth 8-3331] design Basys3 has unconnected port led[11]
WARNING: [Synth 8-3331] design Basys3 has unconnected port led[10]
WARNING: [Synth 8-3331] design Basys3 has unconnected port led[9]
WARNING: [Synth 8-3331] design Basys3 has unconnected port led[8]
WARNING: [Synth 8-3331] design Basys3 has unconnected port led[7]
WARNING: [Synth 8-3331] design Basys3 has unconnected port led[6]
WARNING: [Synth 8-3331] design Basys3 has unconnected port led[5]
WARNING: [Synth 8-3331] design Basys3 has unconnected port led[4]
WARNING: [Synth 8-3331] design Basys3 has unconnected port led[3]
WARNING: [Synth 8-3331] design Basys3 has unconnected port led[2]
WARNING: [Synth 8-3331] design Basys3 has unconnected port led[1]
WARNING: [Synth 8-3331] design Basys3 has unconnected port led[0]
WARNING: [Synth 8-3331] design Basys3 has unconnected port sw[15]
WARNING: [Synth 8-3331] design Basys3 has unconnected port sw[14]
WARNING: [Synth 8-3331] design Basys3 has unconnected port sw[13]
WARNING: [Synth 8-3331] design Basys3 has unconnected port sw[12]
WARNING: [Synth 8-3331] design Basys3 has unconnected port sw[11]
WARNING: [Synth 8-3331] design Basys3 has unconnected port sw[10]
WARNING: [Synth 8-3331] design Basys3 has unconnected port sw[9]
WARNING: [Synth 8-3331] design Basys3 has unconnected port sw[8]
WARNING: [Synth 8-3331] design Basys3 has unconnected port sw[7]
WARNING: [Synth 8-3331] design Basys3 has unconnected port sw[6]
WARNING: [Synth 8-3331] design Basys3 has unconnected port sw[5]
WARNING: [Synth 8-3331] design Basys3 has unconnected port sw[4]
WARNING: [Synth 8-3331] design Basys3 has unconnected port sw[3]
WARNING: [Synth 8-3331] design Basys3 has unconnected port sw[2]
WARNING: [Synth 8-3331] design Basys3 has unconnected port sw[1]
WARNING: [Synth 8-3331] design Basys3 has unconnected port sw[0]
INFO: [Synth 8-3333] propagating constant 1 across sequential element (\inst_Programmer/inst_UART/tx_state_reg[bits][8] )
INFO: [Synth 8-3886] merging instance 'inst_CPU/inst_SP/inst_Reg/reg_reg[0]' (FDRE) to 'inst_CPU/inst_SP/inst_Reg/reg_reg[1]'
INFO: [Synth 8-3886] merging instance 'inst_CPU/inst_SP/inst_Reg/reg_reg[12]' (FDRE) to 'inst_CPU/inst_SP/inst_Reg/reg_reg[1]'
INFO: [Synth 8-3886] merging instance 'inst_CPU/inst_SP/inst_Reg/reg_reg[13]' (FDRE) to 'inst_CPU/inst_SP/inst_Reg/reg_reg[1]'
INFO: [Synth 8-3886] merging instance 'inst_CPU/inst_SP/inst_Reg/reg_reg[14]' (FDRE) to 'inst_CPU/inst_SP/inst_Reg/reg_reg[1]'
INFO: [Synth 8-3886] merging instance 'inst_CPU/inst_SP/inst_Reg/reg_reg[15]' (FDRE) to 'inst_CPU/inst_SP/inst_Reg/reg_reg[1]'
INFO: [Synth 8-3886] merging instance 'inst_CPU/inst_SP/inst_Reg/reg_reg[1]' (FDRE) to 'inst_CPU/inst_SP/inst_Reg/reg_reg[2]'
INFO: [Synth 8-3886] merging instance 'inst_CPU/inst_SP/inst_Reg/reg_reg[2]' (FDRE) to 'inst_CPU/inst_SP/inst_Reg/reg_reg[3]'
INFO: [Synth 8-3886] merging instance 'inst_CPU/inst_SP/inst_Reg/reg_reg[3]' (FDRE) to 'inst_CPU/inst_SP/inst_Reg/reg_reg[4]'
INFO: [Synth 8-3886] merging instance 'inst_CPU/inst_SP/inst_Reg/reg_reg[4]' (FDRE) to 'inst_CPU/inst_SP/inst_Reg/reg_reg[5]'
INFO: [Synth 8-3886] merging instance 'inst_CPU/inst_SP/inst_Reg/reg_reg[5]' (FDRE) to 'inst_CPU/inst_SP/inst_Reg/reg_reg[6]'
INFO: [Synth 8-3886] merging instance 'inst_CPU/inst_SP/inst_Reg/reg_reg[6]' (FDRE) to 'inst_CPU/inst_SP/inst_Reg/reg_reg[7]'
INFO: [Synth 8-3886] merging instance 'inst_CPU/inst_SP/inst_Reg/reg_reg[7]' (FDRE) to 'inst_CPU/inst_SP/inst_Reg/reg_reg[8]'
INFO: [Synth 8-3333] propagating constant 0 across sequential element (\inst_Programmer/state_reg[3] )
INFO: [Synth 8-3333] propagating constant 0 across sequential element (\inst_Programmer/inst_UART/tx_state_reg[fsm_state] )
INFO: [Synth 8-3886] merging instance 'inst_CPU/inst_SP/inst_Reg/reg_reg[8]' (FDRE) to 'inst_CPU/inst_SP/inst_Reg/reg_reg[9]'
INFO: [Synth 8-3886] merging instance 'inst_CPU/inst_SP/inst_Reg/reg_reg[9]' (FDRE) to 'inst_CPU/inst_SP/inst_Reg/reg_reg[10]'
INFO: [Synth 8-3886] merging instance 'inst_CPU/inst_SP/inst_Reg/reg_reg[10]' (FDRE) to 'inst_CPU/inst_SP/inst_Reg/reg_reg[11]'
INFO: [Synth 8-3333] propagating constant 0 across sequential element (\inst_CPU/inst_SP/inst_Reg/reg_reg[11] )
INFO: [Synth 8-3886] merging instance 'inst_Programmer/inst_UART/tx_state_reg[bits][8]' (FDE) to 'inst_Programmer/inst_UART/tx_state_reg[bits][7]'
INFO: [Synth 8-3886] merging instance 'inst_Programmer/inst_UART/tx_state_reg[bits][7]' (FDE) to 'inst_Programmer/inst_UART/tx_state_reg[bits][6]'
INFO: [Synth 8-3886] merging instance 'inst_Programmer/inst_UART/tx_state_reg[bits][6]' (FDE) to 'inst_Programmer/inst_UART/tx_state_reg[bits][5]'
INFO: [Synth 8-3886] merging instance 'inst_Programmer/inst_UART/tx_state_reg[bits][5]' (FDE) to 'inst_Programmer/inst_UART/tx_state_reg[bits][4]'
INFO: [Synth 8-3886] merging instance 'inst_Programmer/inst_UART/tx_state_reg[bits][4]' (FDE) to 'inst_Programmer/inst_UART/tx_state_reg[bits][3]'
INFO: [Synth 8-3886] merging instance 'inst_Programmer/inst_UART/tx_state_reg[bits][3]' (FDE) to 'inst_Programmer/inst_UART/tx_state_reg[bits][2]'
INFO: [Synth 8-3886] merging instance 'inst_Programmer/inst_UART/tx_state_reg[bits][2]' (FDE) to 'inst_Programmer/inst_UART/tx_state_reg[bits][1]'
INFO: [Synth 8-3886] merging instance 'inst_Programmer/inst_UART/tx_state_reg[nbits][3]' (FDE) to 'inst_Programmer/inst_UART/tx_state_reg[nbits][0]'
INFO: [Synth 8-3886] merging instance 'inst_Programmer/inst_UART/tx_state_reg[nbits][2]' (FDE) to 'inst_Programmer/inst_UART/tx_state_reg[nbits][0]'
INFO: [Synth 8-3886] merging instance 'inst_Programmer/inst_UART/tx_state_reg[nbits][0]' (FDE) to 'inst_Programmer/inst_UART/tx_state_reg[nbits][1]'
INFO: [Synth 8-3333] propagating constant 0 across sequential element (\inst_Programmer/inst_UART/tx_state_reg[nbits][1] )
INFO: [Synth 8-3886] merging instance 'inst_Programmer/inst_UART/tx_state_reg[bits][1]' (FDE) to 'inst_Programmer/inst_UART/tx_state_reg[bits][0]'
INFO: [Synth 8-3333] propagating constant 1 across sequential element (\inst_Programmer/inst_UART/tx_state_reg[bits][0] )
CRITICAL WARNING: [Synth 8-6859] multi-driven net on pin b[11] with 1st driver pin 'inst_CountPCi_0/out[11]' [C:/Users/felip/Desktop/IIC2343-Proyecto-G11/Proyecto Base/Proyecto Base.srcs/sources_1/new/CountPC.vhd:26]
CRITICAL WARNING: [Synth 8-6859] multi-driven net on pin b[11] with 2nd driver pin 'GND' [C:/Users/felip/Desktop/IIC2343-Proyecto-G11/Proyecto Base/Proyecto Base.srcs/sources_1/new/CountPC.vhd:26]
CRITICAL WARNING: [Synth 8-6858] multi-driven net b[11] is connected to at least one constant driver which has been preserved, other driver is ignored [C:/Users/felip/Desktop/IIC2343-Proyecto-G11/Proyecto Base/Proyecto Base.srcs/sources_1/new/CountPC.vhd:26]
CRITICAL WARNING: [Synth 8-6859] multi-driven net on pin b[10] with 1st driver pin 'inst_CountPCi_0/out[10]' [C:/Users/felip/Desktop/IIC2343-Proyecto-G11/Proyecto Base/Proyecto Base.srcs/sources_1/new/CountPC.vhd:26]
CRITICAL WARNING: [Synth 8-6859] multi-driven net on pin b[10] with 2nd driver pin 'GND' [C:/Users/felip/Desktop/IIC2343-Proyecto-G11/Proyecto Base/Proyecto Base.srcs/sources_1/new/CountPC.vhd:26]
CRITICAL WARNING: [Synth 8-6858] multi-driven net b[10] is connected to at least one constant driver which has been preserved, other driver is ignored [C:/Users/felip/Desktop/IIC2343-Proyecto-G11/Proyecto Base/Proyecto Base.srcs/sources_1/new/CountPC.vhd:26]
CRITICAL WARNING: [Synth 8-6859] multi-driven net on pin b[9] with 1st driver pin 'inst_CountPCi_0/out[9]' [C:/Users/felip/Desktop/IIC2343-Proyecto-G11/Proyecto Base/Proyecto Base.srcs/sources_1/new/CountPC.vhd:26]
CRITICAL WARNING: [Synth 8-6859] multi-driven net on pin b[9] with 2nd driver pin 'GND' [C:/Users/felip/Desktop/IIC2343-Proyecto-G11/Proyecto Base/Proyecto Base.srcs/sources_1/new/CountPC.vhd:26]
CRITICAL WARNING: [Synth 8-6858] multi-driven net b[9] is connected to at least one constant driver which has been preserved, other driver is ignored [C:/Users/felip/Desktop/IIC2343-Proyecto-G11/Proyecto Base/Proyecto Base.srcs/sources_1/new/CountPC.vhd:26]
CRITICAL WARNING: [Synth 8-6859] multi-driven net on pin b[8] with 1st driver pin 'inst_CountPCi_0/out[8]' [C:/Users/felip/Desktop/IIC2343-Proyecto-G11/Proyecto Base/Proyecto Base.srcs/sources_1/new/CountPC.vhd:26]
CRITICAL WARNING: [Synth 8-6859] multi-driven net on pin b[8] with 2nd driver pin 'GND' [C:/Users/felip/Desktop/IIC2343-Proyecto-G11/Proyecto Base/Proyecto Base.srcs/sources_1/new/CountPC.vhd:26]
CRITICAL WARNING: [Synth 8-6858] multi-driven net b[8] is connected to at least one constant driver which has been preserved, other driver is ignored [C:/Users/felip/Desktop/IIC2343-Proyecto-G11/Proyecto Base/Proyecto Base.srcs/sources_1/new/CountPC.vhd:26]
CRITICAL WARNING: [Synth 8-6859] multi-driven net on pin b[7] with 1st driver pin 'inst_CountPCi_0/out[7]' [C:/Users/felip/Desktop/IIC2343-Proyecto-G11/Proyecto Base/Proyecto Base.srcs/sources_1/new/CountPC.vhd:26]
CRITICAL WARNING: [Synth 8-6859] multi-driven net on pin b[7] with 2nd driver pin 'GND' [C:/Users/felip/Desktop/IIC2343-Proyecto-G11/Proyecto Base/Proyecto Base.srcs/sources_1/new/CountPC.vhd:26]
CRITICAL WARNING: [Synth 8-6858] multi-driven net b[7] is connected to at least one constant driver which has been preserved, other driver is ignored [C:/Users/felip/Desktop/IIC2343-Proyecto-G11/Proyecto Base/Proyecto Base.srcs/sources_1/new/CountPC.vhd:26]
CRITICAL WARNING: [Synth 8-6859] multi-driven net on pin b[6] with 1st driver pin 'inst_CountPCi_0/out[6]' [C:/Users/felip/Desktop/IIC2343-Proyecto-G11/Proyecto Base/Proyecto Base.srcs/sources_1/new/CountPC.vhd:26]
CRITICAL WARNING: [Synth 8-6859] multi-driven net on pin b[6] with 2nd driver pin 'GND' [C:/Users/felip/Desktop/IIC2343-Proyecto-G11/Proyecto Base/Proyecto Base.srcs/sources_1/new/CountPC.vhd:26]
CRITICAL WARNING: [Synth 8-6858] multi-driven net b[6] is connected to at least one constant driver which has been preserved, other driver is ignored [C:/Users/felip/Desktop/IIC2343-Proyecto-G11/Proyecto Base/Proyecto Base.srcs/sources_1/new/CountPC.vhd:26]
CRITICAL WARNING: [Synth 8-6859] multi-driven net on pin b[5] with 1st driver pin 'inst_CountPCi_0/out[5]' [C:/Users/felip/Desktop/IIC2343-Proyecto-G11/Proyecto Base/Proyecto Base.srcs/sources_1/new/CountPC.vhd:26]
CRITICAL WARNING: [Synth 8-6859] multi-driven net on pin b[5] with 2nd driver pin 'GND' [C:/Users/felip/Desktop/IIC2343-Proyecto-G11/Proyecto Base/Proyecto Base.srcs/sources_1/new/CountPC.vhd:26]
CRITICAL WARNING: [Synth 8-6858] multi-driven net b[5] is connected to at least one constant driver which has been preserved, other driver is ignored [C:/Users/felip/Desktop/IIC2343-Proyecto-G11/Proyecto Base/Proyecto Base.srcs/sources_1/new/CountPC.vhd:26]
CRITICAL WARNING: [Synth 8-6859] multi-driven net on pin b[4] with 1st driver pin 'inst_CountPCi_0/out[4]' [C:/Users/felip/Desktop/IIC2343-Proyecto-G11/Proyecto Base/Proyecto Base.srcs/sources_1/new/CountPC.vhd:26]
CRITICAL WARNING: [Synth 8-6859] multi-driven net on pin b[4] with 2nd driver pin 'GND' [C:/Users/felip/Desktop/IIC2343-Proyecto-G11/Proyecto Base/Proyecto Base.srcs/sources_1/new/CountPC.vhd:26]
CRITICAL WARNING: [Synth 8-6858] multi-driven net b[4] is connected to at least one constant driver which has been preserved, other driver is ignored [C:/Users/felip/Desktop/IIC2343-Proyecto-G11/Proyecto Base/Proyecto Base.srcs/sources_1/new/CountPC.vhd:26]
CRITICAL WARNING: [Synth 8-6859] multi-driven net on pin b[3] with 1st driver pin 'inst_CountPCi_0/out[3]' [C:/Users/felip/Desktop/IIC2343-Proyecto-G11/Proyecto Base/Proyecto Base.srcs/sources_1/new/CountPC.vhd:26]
CRITICAL WARNING: [Synth 8-6859] multi-driven net on pin b[3] with 2nd driver pin 'GND' [C:/Users/felip/Desktop/IIC2343-Proyecto-G11/Proyecto Base/Proyecto Base.srcs/sources_1/new/CountPC.vhd:26]
CRITICAL WARNING: [Synth 8-6858] multi-driven net b[3] is connected to at least one constant driver which has been preserved, other driver is ignored [C:/Users/felip/Desktop/IIC2343-Proyecto-G11/Proyecto Base/Proyecto Base.srcs/sources_1/new/CountPC.vhd:26]
CRITICAL WARNING: [Synth 8-6859] multi-driven net on pin b[2] with 1st driver pin 'inst_CountPCi_0/out[2]' [C:/Users/felip/Desktop/IIC2343-Proyecto-G11/Proyecto Base/Proyecto Base.srcs/sources_1/new/CountPC.vhd:26]
CRITICAL WARNING: [Synth 8-6859] multi-driven net on pin b[2] with 2nd driver pin 'GND' [C:/Users/felip/Desktop/IIC2343-Proyecto-G11/Proyecto Base/Proyecto Base.srcs/sources_1/new/CountPC.vhd:26]
CRITICAL WARNING: [Synth 8-6858] multi-driven net b[2] is connected to at least one constant driver which has been preserved, other driver is ignored [C:/Users/felip/Desktop/IIC2343-Proyecto-G11/Proyecto Base/Proyecto Base.srcs/sources_1/new/CountPC.vhd:26]
CRITICAL WARNING: [Synth 8-6859] multi-driven net on pin b[1] with 1st driver pin 'inst_CountPCi_0/out[1]' [C:/Users/felip/Desktop/IIC2343-Proyecto-G11/Proyecto Base/Proyecto Base.srcs/sources_1/new/CountPC.vhd:26]
CRITICAL WARNING: [Synth 8-6859] multi-driven net on pin b[1] with 2nd driver pin 'GND' [C:/Users/felip/Desktop/IIC2343-Proyecto-G11/Proyecto Base/Proyecto Base.srcs/sources_1/new/CountPC.vhd:26]
CRITICAL WARNING: [Synth 8-6858] multi-driven net b[1] is connected to at least one constant driver which has been preserved, other driver is ignored [C:/Users/felip/Desktop/IIC2343-Proyecto-G11/Proyecto Base/Proyecto Base.srcs/sources_1/new/CountPC.vhd:26]
CRITICAL WARNING: [Synth 8-6859] multi-driven net on pin b[0] with 1st driver pin 'inst_CountPCi_0/out[0]' [C:/Users/felip/Desktop/IIC2343-Proyecto-G11/Proyecto Base/Proyecto Base.srcs/sources_1/new/CountPC.vhd:26]
CRITICAL WARNING: [Synth 8-6859] multi-driven net on pin b[0] with 2nd driver pin 'GND' [C:/Users/felip/Desktop/IIC2343-Proyecto-G11/Proyecto Base/Proyecto Base.srcs/sources_1/new/CountPC.vhd:26]
CRITICAL WARNING: [Synth 8-6858] multi-driven net b[0] is connected to at least one constant driver which has been preserved, other driver is ignored [C:/Users/felip/Desktop/IIC2343-Proyecto-G11/Proyecto Base/Proyecto Base.srcs/sources_1/new/CountPC.vhd:26]
---------------------------------------------------------------------------------
Finished Cross Boundary and Area Optimization : Time (s): cpu = 00:00:39 ; elapsed = 00:00:44 . Memory (MB): peak = 948.434 ; gain = 413.910
---------------------------------------------------------------------------------
---------------------------------------------------------------------------------
Start ROM, RAM, DSP and Shift Register Reporting
---------------------------------------------------------------------------------

ROM:
+-------------+-----------------------------------+---------------+----------------+
|Module Name  | RTL Object                        | Depth x Width | Implemented As | 
+-------------+-----------------------------------+---------------+----------------+
|Control_Unit | enableB                           | 128x1         | LUT            | 
|Control_Unit | w                                 | 128x1         | LUT            | 
|Basys3       | inst_CPU/inst_ControlUnit/enableB | 128x1         | LUT            | 
|Basys3       | inst_CPU/inst_ControlUnit/w       | 128x1         | LUT            | 
+-------------+-----------------------------------+---------------+----------------+


Distributed RAM: Preliminary Mapping	Report (see note below)
+------------+---------------------+-----------+----------------------+------------------+
|Module Name | RTL Object          | Inference | Size (Depth x Width) | Primitives       | 
+------------+---------------------+-----------+----------------------+------------------+
|Basys3      | inst_ROM/memory_reg | Implied   | 4 K x 36             | RAM256X1S x 576	 | 
|Basys3      | inst_RAM/memory_reg | Implied   | 4 K x 16             | RAM256X1S x 256	 | 
+------------+---------------------+-----------+----------------------+------------------+

Note: The table above is a preliminary report that shows the Distributed RAMs at the current stage of the synthesis flow. Some Distributed RAMs may be reimplemented as non Distributed RAM primitives later in the synthesis flow. Multiple instantiated RAMs are reported only once.
---------------------------------------------------------------------------------
Finished ROM, RAM, DSP and Shift Register Reporting
---------------------------------------------------------------------------------

Report RTL Partitions: 
+-+--------------+------------+----------+
| |RTL Partition |Replication |Instances |
+-+--------------+------------+----------+
+-+--------------+------------+----------+
---------------------------------------------------------------------------------
Start Applying XDC Timing Constraints
---------------------------------------------------------------------------------
---------------------------------------------------------------------------------
Finished Applying XDC Timing Constraints : Time (s): cpu = 00:00:51 ; elapsed = 00:00:56 . Memory (MB): peak = 948.434 ; gain = 413.910
---------------------------------------------------------------------------------
---------------------------------------------------------------------------------
Start Timing Optimization
---------------------------------------------------------------------------------
---------------------------------------------------------------------------------
Finished Timing Optimization : Time (s): cpu = 00:00:52 ; elapsed = 00:00:57 . Memory (MB): peak = 951.512 ; gain = 416.988
---------------------------------------------------------------------------------
---------------------------------------------------------------------------------
Start ROM, RAM, DSP and Shift Register Reporting
---------------------------------------------------------------------------------

Distributed RAM: Final Mapping	Report
+------------+---------------------+-----------+----------------------+------------------+
|Module Name | RTL Object          | Inference | Size (Depth x Width) | Primitives       | 
+------------+---------------------+-----------+----------------------+------------------+
|Basys3      | inst_ROM/memory_reg | Implied   | 4 K x 36             | RAM256X1S x 576	 | 
|Basys3      | inst_RAM/memory_reg | Implied   | 4 K x 16             | RAM256X1S x 256	 | 
+------------+---------------------+-----------+----------------------+------------------+

---------------------------------------------------------------------------------
Finished ROM, RAM, DSP and Shift Register Reporting
---------------------------------------------------------------------------------

Report RTL Partitions: 
+-+--------------+------------+----------+
| |RTL Partition |Replication |Instances |
+-+--------------+------------+----------+
+-+--------------+------------+----------+
---------------------------------------------------------------------------------
Start Technology Mapping
---------------------------------------------------------------------------------
---------------------------------------------------------------------------------
Finished Technology Mapping : Time (s): cpu = 00:00:53 ; elapsed = 00:00:59 . Memory (MB): peak = 968.984 ; gain = 434.461
---------------------------------------------------------------------------------

Report RTL Partitions: 
+-+--------------+------------+----------+
| |RTL Partition |Replication |Instances |
+-+--------------+------------+----------+
+-+--------------+------------+----------+
---------------------------------------------------------------------------------
Start IO Insertion
---------------------------------------------------------------------------------
---------------------------------------------------------------------------------
Start Flattening Before IO Insertion
---------------------------------------------------------------------------------
---------------------------------------------------------------------------------
Finished Flattening Before IO Insertion
---------------------------------------------------------------------------------
---------------------------------------------------------------------------------
Start Final Netlist Cleanup
---------------------------------------------------------------------------------
---------------------------------------------------------------------------------
Finished Final Netlist Cleanup
---------------------------------------------------------------------------------
---------------------------------------------------------------------------------
Finished IO Insertion : Time (s): cpu = 00:01:00 ; elapsed = 00:01:06 . Memory (MB): peak = 973.848 ; gain = 439.324
---------------------------------------------------------------------------------
---------------------------------------------------------------------------------
Start Renaming Generated Instances
---------------------------------------------------------------------------------
---------------------------------------------------------------------------------
Finished Renaming Generated Instances : Time (s): cpu = 00:01:00 ; elapsed = 00:01:06 . Memory (MB): peak = 973.848 ; gain = 439.324
---------------------------------------------------------------------------------

Report RTL Partitions: 
+-+--------------+------------+----------+
| |RTL Partition |Replication |Instances |
+-+--------------+------------+----------+
+-+--------------+------------+----------+

Report Check Netlist: 
+------+------------------+-------+---------+-------+------------------+
|      |Item              |Errors |Warnings |Status |Description       |
+------+------------------+-------+---------+-------+------------------+
|1     |multi_driven_nets |      0|        0|Passed |Multi driven nets |
+------+------------------+-------+---------+-------+------------------+
---------------------------------------------------------------------------------
Start Rebuilding User Hierarchy
---------------------------------------------------------------------------------
---------------------------------------------------------------------------------
Finished Rebuilding User Hierarchy : Time (s): cpu = 00:01:00 ; elapsed = 00:01:07 . Memory (MB): peak = 973.848 ; gain = 439.324
---------------------------------------------------------------------------------
---------------------------------------------------------------------------------
Start Renaming Generated Ports
---------------------------------------------------------------------------------
---------------------------------------------------------------------------------
Finished Renaming Generated Ports : Time (s): cpu = 00:01:00 ; elapsed = 00:01:07 . Memory (MB): peak = 973.848 ; gain = 439.324
---------------------------------------------------------------------------------
---------------------------------------------------------------------------------
Start Handling Custom Attributes
---------------------------------------------------------------------------------
---------------------------------------------------------------------------------
Finished Handling Custom Attributes : Time (s): cpu = 00:01:00 ; elapsed = 00:01:07 . Memory (MB): peak = 973.848 ; gain = 439.324
---------------------------------------------------------------------------------
---------------------------------------------------------------------------------
Start Renaming Generated Nets
---------------------------------------------------------------------------------
---------------------------------------------------------------------------------
Finished Renaming Generated Nets : Time (s): cpu = 00:01:00 ; elapsed = 00:01:07 . Memory (MB): peak = 973.848 ; gain = 439.324
---------------------------------------------------------------------------------
---------------------------------------------------------------------------------
Start Writing Synthesis Report
---------------------------------------------------------------------------------

Report BlackBoxes: 
+-+--------------+----------+
| |BlackBox name |Instances |
+-+--------------+----------+
+-+--------------+----------+

Report Cell Usage: 
+------+----------+------+
|      |Cell      |Count |
+------+----------+------+
|1     |BUFG      |     3|
|2     |CARRY4    |    24|
|3     |LUT1      |     8|
|4     |LUT2      |   126|
|5     |LUT3      |    98|
|6     |LUT4      |    65|
|7     |LUT5      |    66|
|8     |LUT6      |   252|
|9     |MUXF7     |    65|
|10    |MUXF8     |    20|
|11    |RAM256X1S |   472|
|12    |FDRE      |   185|
|13    |IBUF      |     2|
|14    |OBUF      |    13|
|15    |OBUFT     |    16|
+------+----------+------+

Report Instance Areas: 
+------+--------------------------+-------------------+------+
|      |Instance                  |Module             |Cells |
+------+--------------------------+-------------------+------+
|1     |top                       |                   |  1415|
|2     |  inst_RAM                |RAM                |   368|
|3     |  inst_CPU                |CPU                |    54|
|4     |    inst_ControlUnit      |Control_Unit       |     2|
|5     |    inst_RegA             |Reg                |    27|
|6     |    inst_RegB             |Reg_0              |    16|
|7     |    inst_Status           |Status             |     9|
|8     |  inst_Clock_Divider      |Clock_Divider      |    67|
|9     |  inst_Display_Controller |Display_Controller |    33|
|10    |  inst_Programmer         |Programmer         |   211|
|11    |    inst_UART             |UART               |    57|
|12    |  inst_ROM                |ROM                |   648|
+------+--------------------------+-------------------+------+
---------------------------------------------------------------------------------
Finished Writing Synthesis Report : Time (s): cpu = 00:01:00 ; elapsed = 00:01:07 . Memory (MB): peak = 973.848 ; gain = 439.324
---------------------------------------------------------------------------------
Synthesis finished with 0 errors, 36 critical warnings and 32 warnings.
Synthesis Optimization Runtime : Time (s): cpu = 00:00:47 ; elapsed = 00:01:02 . Memory (MB): peak = 973.848 ; gain = 334.938
Synthesis Optimization Complete : Time (s): cpu = 00:01:01 ; elapsed = 00:01:07 . Memory (MB): peak = 973.848 ; gain = 439.324
INFO: [Project 1-571] Translating synthesized netlist
Netlist sorting complete. Time (s): cpu = 00:00:00 ; elapsed = 00:00:00.067 . Memory (MB): peak = 985.918 ; gain = 0.000
INFO: [Netlist 29-17] Analyzing 581 Unisim elements for replacement
INFO: [Netlist 29-28] Unisim Transformation completed in 1 CPU seconds
INFO: [Project 1-570] Preparing netlist for logic optimization
INFO: [Opt 31-138] Pushed 0 inverter(s) to 0 load pin(s).
Netlist sorting complete. Time (s): cpu = 00:00:00 ; elapsed = 00:00:00.009 . Memory (MB): peak = 985.918 ; gain = 0.000
INFO: [Project 1-111] Unisim Transformation Summary:
  A total of 472 instances were transformed.
  RAM256X1S => RAM256X1S (MUXF7(x2), MUXF8, RAMS64E(x4)): 472 instances

INFO: [Common 17-83] Releasing license: Synthesis
122 Infos, 93 Warnings, 39 Critical Warnings and 0 Errors encountered.
synth_design completed successfully
synth_design: Time (s): cpu = 00:01:10 ; elapsed = 00:01:19 . Memory (MB): peak = 985.918 ; gain = 687.734
Netlist sorting complete. Time (s): cpu = 00:00:00 ; elapsed = 00:00:00.011 . Memory (MB): peak = 985.918 ; gain = 0.000
WARNING: [Constraints 18-5210] No constraints selected for write.
Resolution: This message can indicate that there are no constraints for the design, or it can indicate that the used_in flags are set such that the constraints are ignored. This later case is used when running synth_design to not write synthesis constraints to the resulting checkpoint. Instead, project constraints are read when the synthesized design is opened.
INFO: [Common 17-1381] The checkpoint 'C:/Users/felip/Desktop/IIC2343-Proyecto-G11/Proyecto Base/Proyecto Base.runs/synth_1/Basys3.dcp' has been generated.
INFO: [runtcl-4] Executing : report_utilization -file Basys3_utilization_synth.rpt -pb Basys3_utilization_synth.pb
INFO: [Common 17-206] Exiting Vivado at Mon Nov  8 17:30:47 2021...
